TN:
SF:src\auth\codex-oauth.js
FN:34,closeActiveServer
FN:40,(anonymous_1)
FN:41,(anonymous_2)
FN:47,(anonymous_3)
FN:48,(anonymous_4)
FN:77,(anonymous_5)
FN:97,(anonymous_6)
FN:114,(anonymous_7)
FN:153,(anonymous_8)
FN:203,(anonymous_9)
FN:268,(anonymous_10)
FN:272,(anonymous_11)
FN:275,(anonymous_12)
FN:343,(anonymous_13)
FN:349,(anonymous_14)
FN:365,(anonymous_15)
FN:366,(anonymous_16)
FN:367,(anonymous_17)
FN:372,(anonymous_18)
FN:383,(anonymous_19)
FN:397,(anonymous_20)
FN:430,(anonymous_21)
FN:473,(anonymous_22)
FN:494,(anonymous_23)
FN:532,(anonymous_24)
FN:547,(anonymous_25)
FN:580,(anonymous_26)
FN:592,(anonymous_27)
FN:615,(anonymous_28)
FN:659,batchImportCodexTokensStream
FN:781,refreshCodexTokensWithRetry
FN:795,(anonymous_31)
FN:809,handleCodexOAuth
FN:864,(anonymous_33)
FN:886,(anonymous_34)
FN:937,(anonymous_35)
FN:997,handleCodexOAuthCallback
FNF:37
FNH:0
FNDA:0,closeActiveServer
FNDA:0,(anonymous_1)
FNDA:0,(anonymous_2)
FNDA:0,(anonymous_3)
FNDA:0,(anonymous_4)
FNDA:0,(anonymous_5)
FNDA:0,(anonymous_6)
FNDA:0,(anonymous_7)
FNDA:0,(anonymous_8)
FNDA:0,(anonymous_9)
FNDA:0,(anonymous_10)
FNDA:0,(anonymous_11)
FNDA:0,(anonymous_12)
FNDA:0,(anonymous_13)
FNDA:0,(anonymous_14)
FNDA:0,(anonymous_15)
FNDA:0,(anonymous_16)
FNDA:0,(anonymous_17)
FNDA:0,(anonymous_18)
FNDA:0,(anonymous_19)
FNDA:0,(anonymous_20)
FNDA:0,(anonymous_21)
FNDA:0,(anonymous_22)
FNDA:0,(anonymous_23)
FNDA:0,(anonymous_24)
FNDA:0,(anonymous_25)
FNDA:0,(anonymous_26)
FNDA:0,(anonymous_27)
FNDA:0,(anonymous_28)
FNDA:0,batchImportCodexTokensStream
FNDA:0,refreshCodexTokensWithRetry
FNDA:0,(anonymous_31)
FNDA:0,handleCodexOAuth
FNDA:0,(anonymous_33)
FNDA:0,(anonymous_34)
FNDA:0,(anonymous_35)
FNDA:0,handleCodexOAuthCallback
DA:16,0
DA:29,0
DA:35,0
DA:37,0
DA:38,0
DA:40,0
DA:41,0
DA:42,0
DA:43,0
DA:47,0
DA:48,0
DA:51,0
DA:52,0
DA:55,0
DA:58,0
DA:62,0
DA:63,0
DA:64,0
DA:66,0
DA:78,0
DA:81,0
DA:82,0
DA:83,0
DA:84,0
DA:85,0
DA:86,0
DA:89,0
DA:90,0
DA:99,0
DA:103,0
DA:107,0
DA:115,0
DA:116,0
DA:118,0
DA:121,0
DA:122,0
DA:125,0
DA:126,0
DA:127,0
DA:128,0
DA:129,0
DA:130,0
DA:131,0
DA:132,0
DA:133,0
DA:134,0
DA:135,0
DA:137,0
DA:155,0
DA:156,0
DA:160,0
DA:163,0
DA:166,0
DA:178,0
DA:179,0
DA:180,0
DA:182,0
DA:183,0
DA:184,0
DA:187,0
DA:188,0
DA:189,0
DA:192,0
DA:204,0
DA:205,0
DA:207,0
DA:210,0
DA:213,0
DA:214,0
DA:215,0
DA:216,0
DA:217,0
DA:218,0
DA:219,0
DA:220,0
DA:221,0
DA:222,0
DA:223,0
DA:225,0
DA:226,0
DA:228,0
DA:229,0
DA:231,0
DA:235,0
DA:238,0
DA:241,0
DA:244,0
DA:255,0
DA:257,0
DA:258,0
DA:259,0
DA:261,0
DA:270,0
DA:272,0
DA:273,0
DA:275,0
DA:276,0
DA:277,0
DA:278,0
DA:279,0
DA:280,0
DA:281,0
DA:283,0
DA:284,0
DA:285,0
DA:303,0
DA:304,0
DA:305,0
DA:306,0
DA:335,0
DA:337,0
DA:338,0
DA:339,0
DA:343,0
DA:344,0
DA:345,0
DA:346,0
DA:349,0
DA:350,0
DA:351,0
DA:353,0
DA:366,0
DA:367,0
DA:368,0
DA:369,0
DA:372,0
DA:373,0
DA:374,0
DA:376,0
DA:377,0
DA:379,0
DA:383,0
DA:384,0
DA:385,0
DA:386,0
DA:398,0
DA:400,0
DA:401,0
DA:418,0
DA:420,0
DA:421,0
DA:431,0
DA:433,0
DA:434,0
DA:449,0
DA:450,0
DA:452,0
DA:463,0
DA:464,0
DA:474,0
DA:475,0
DA:476,0
DA:477,0
DA:481,0
DA:482,0
DA:484,0
DA:485,0
DA:495,0
DA:499,0
DA:500,0
DA:503,0
DA:504,0
DA:505,0
DA:506,0
DA:507,0
DA:508,0
DA:511,0
DA:512,0
DA:513,0
DA:514,0
DA:516,0
DA:517,0
DA:520,0
DA:522,0
DA:523,0
DA:535,0
DA:536,0
DA:539,0
DA:540,0
DA:543,0
DA:544,0
DA:545,0
DA:546,0
DA:547,0
DA:551,0
DA:552,0
DA:554,0
DA:557,0
DA:558,0
DA:560,0
DA:564,0
DA:565,0
DA:566,0
DA:568,0
DA:569,0
DA:571,0
DA:583,0
DA:584,0
DA:586,0
DA:587,0
DA:589,0
DA:590,0
DA:591,0
DA:592,0
DA:593,0
DA:595,0
DA:597,0
DA:601,0
DA:602,0
DA:603,0
DA:605,0
DA:616,0
DA:617,0
DA:619,0
DA:620,0
DA:621,0
DA:624,0
DA:625,0
DA:626,0
DA:627,0
DA:628,0
DA:629,0
DA:630,0
DA:632,0
DA:633,0
DA:634,0
DA:644,0
DA:646,0
DA:647,0
DA:660,0
DA:661,0
DA:668,0
DA:669,0
DA:670,0
DA:676,0
DA:678,0
DA:679,0
DA:683,0
DA:684,0
DA:685,0
DA:688,0
DA:689,0
DA:690,0
DA:691,0
DA:697,0
DA:698,0
DA:699,0
DA:700,0
DA:706,0
DA:711,0
DA:723,0
DA:724,0
DA:726,0
DA:728,0
DA:733,0
DA:736,0
DA:742,0
DA:744,0
DA:749,0
DA:752,0
DA:754,0
DA:755,0
DA:763,0
DA:764,0
DA:771,0
DA:782,0
DA:785,0
DA:786,0
DA:787,0
DA:789,0
DA:790,0
DA:792,0
DA:794,0
DA:795,0
DA:800,0
DA:810,0
DA:812,0
DA:813,0
DA:816,0
DA:817,0
DA:818,0
DA:819,0
DA:821,0
DA:822,0
DA:825,0
DA:827,0
DA:833,0
DA:835,0
DA:838,0
DA:839,0
DA:842,0
DA:845,0
DA:846,0
DA:847,0
DA:848,0
DA:849,0
DA:852,0
DA:861,0
DA:864,0
DA:865,0
DA:866,0
DA:867,0
DA:870,0
DA:871,0
DA:872,0
DA:873,0
DA:876,0
DA:877,0
DA:883,0
DA:886,0
DA:887,0
DA:888,0
DA:889,0
DA:892,0
DA:893,0
DA:895,0
DA:896,0
DA:897,0
DA:898,0
DA:902,0
DA:905,0
DA:908,0
DA:918,0
DA:923,0
DA:925,0
DA:928,0
DA:937,0
DA:938,0
DA:939,0
DA:940,0
DA:943,0
DA:944,0
DA:946,0
DA:953,0
DA:972,0
DA:974,0
DA:998,0
DA:999,0
DA:1000,0
DA:1003,0
DA:1004,0
DA:1006,0
DA:1009,0
DA:1012,0
DA:1015,0
DA:1025,0
DA:1030,0
DA:1032,0
DA:1042,0
DA:1045,0
DA:1051,0
LF:351
LH:0
BRDA:34,0,0,0
BRDA:37,1,0,0
BRDA:37,1,1,0
BRDA:42,2,0,0
BRDA:42,2,1,0
BRDA:62,3,0,0
BRDA:62,3,1,0
BRDA:64,4,0,0
BRDA:64,4,1,0
BRDA:83,5,0,0
BRDA:83,5,1,0
BRDA:155,6,0,0
BRDA:155,6,1,0
BRDA:170,7,0,0
BRDA:170,7,1,0
BRDA:174,8,0,0
BRDA:174,8,1,0
BRDA:187,9,0,0
BRDA:187,9,1,0
BRDA:248,10,0,0
BRDA:248,10,1,0
BRDA:252,11,0,0
BRDA:252,11,1,0
BRDA:276,12,0,0
BRDA:276,12,1,0
BRDA:283,13,0,0
BRDA:283,13,1,0
BRDA:298,14,0,0
BRDA:298,14,1,0
BRDA:303,15,0,0
BRDA:303,15,1,0
BRDA:304,16,0,0
BRDA:304,16,1,0
BRDA:304,17,0,0
BRDA:304,17,1,0
BRDA:337,18,0,0
BRDA:337,18,1,0
BRDA:350,19,0,0
BRDA:350,19,1,0
BRDA:376,20,0,0
BRDA:376,20,1,0
BRDA:420,21,0,0
BRDA:420,21,1,0
BRDA:421,22,0,0
BRDA:421,22,1,0
BRDA:455,23,0,0
BRDA:455,23,1,0
BRDA:456,24,0,0
BRDA:456,24,1,0
BRDA:460,25,0,0
BRDA:460,25,1,0
BRDA:463,26,0,0
BRDA:463,26,1,0
BRDA:464,27,0,0
BRDA:464,27,1,0
BRDA:476,28,0,0
BRDA:476,28,1,0
BRDA:495,29,0,0
BRDA:495,29,1,0
BRDA:495,29,2,0
BRDA:499,30,0,0
BRDA:499,30,1,0
BRDA:535,31,0,0
BRDA:535,31,1,0
BRDA:545,32,0,0
BRDA:545,32,1,0
BRDA:547,33,0,0
BRDA:547,33,1,0
BRDA:551,34,0,0
BRDA:551,34,1,0
BRDA:557,35,0,0
BRDA:557,35,1,0
BRDA:568,36,0,0
BRDA:568,36,1,0
BRDA:583,37,0,0
BRDA:583,37,1,0
BRDA:591,38,0,0
BRDA:591,38,1,0
BRDA:593,39,0,0
BRDA:593,39,1,0
BRDA:620,40,0,0
BRDA:620,40,1,0
BRDA:626,41,0,0
BRDA:626,41,1,0
BRDA:632,42,0,0
BRDA:632,42,1,0
BRDA:632,43,0,0
BRDA:632,43,1,0
BRDA:632,43,2,0
BRDA:632,43,3,0
BRDA:659,44,0,0
BRDA:659,45,0,0
BRDA:678,46,0,0
BRDA:678,46,1,0
BRDA:678,47,0,0
BRDA:678,47,1,0
BRDA:684,48,0,0
BRDA:684,48,1,0
BRDA:688,49,0,0
BRDA:688,49,1,0
BRDA:690,50,0,0
BRDA:690,50,1,0
BRDA:699,51,0,0
BRDA:699,51,1,0
BRDA:719,52,0,0
BRDA:719,52,1,0
BRDA:754,53,0,0
BRDA:754,53,1,0
BRDA:763,54,0,0
BRDA:763,54,1,0
BRDA:781,55,0,0
BRDA:781,56,0,0
BRDA:792,57,0,0
BRDA:792,57,1,0
BRDA:809,58,0,0
BRDA:816,59,0,0
BRDA:816,59,1,0
BRDA:816,60,0,0
BRDA:816,60,1,0
BRDA:821,61,0,0
BRDA:821,61,1,0
BRDA:838,62,0,0
BRDA:838,62,1,0
BRDA:866,63,0,0
BRDA:866,63,1,0
BRDA:866,64,0,0
BRDA:866,64,1,0
BRDA:870,65,0,0
BRDA:870,65,1,0
BRDA:870,66,0,0
BRDA:870,66,1,0
BRDA:876,67,0,0
BRDA:876,67,1,0
BRDA:888,68,0,0
BRDA:888,68,1,0
BRDA:896,69,0,0
BRDA:896,69,1,0
BRDA:939,70,0,0
BRDA:939,70,1,0
BRDA:999,71,0,0
BRDA:999,71,1,0
BRDA:999,72,0,0
BRDA:999,72,1,0
BRF:143
BRH:0
end_of_record
TN:
SF:src\auth\gemini-oauth.js
FN:48,generateResponsePage
FN:126,closeActiveServer
FN:137,(anonymous_2)
FN:138,(anonymous_3)
FN:144,(anonymous_4)
FN:145,(anonymous_5)
FN:176,createOAuthCallbackServer
FN:181,(anonymous_7)
FN:187,(anonymous_8)
FN:194,(anonymous_9)
FN:253,(anonymous_10)
FN:271,(anonymous_11)
FN:286,(anonymous_12)
FN:293,(anonymous_13)
FN:305,(anonymous_14)
FN:309,(anonymous_15)
FN:317,(anonymous_16)
FN:337,handleGoogleOAuth
FN:396,handleGeminiCliOAuth
FN:406,handleGeminiAntigravityOAuth
FN:416,checkGeminiCredentialsDuplicate
FN:463,batchImportGeminiTokensStream
FNF:22
FNH:0
FNDA:0,generateResponsePage
FNDA:0,closeActiveServer
FNDA:0,(anonymous_2)
FNDA:0,(anonymous_3)
FNDA:0,(anonymous_4)
FNDA:0,(anonymous_5)
FNDA:0,createOAuthCallbackServer
FNDA:0,(anonymous_7)
FNDA:0,(anonymous_8)
FNDA:0,(anonymous_9)
FNDA:0,(anonymous_10)
FNDA:0,(anonymous_11)
FNDA:0,(anonymous_12)
FNDA:0,(anonymous_13)
FNDA:0,(anonymous_14)
FNDA:0,(anonymous_15)
FNDA:0,(anonymous_16)
FNDA:0,handleGoogleOAuth
FNDA:0,handleGeminiCliOAuth
FNDA:0,handleGeminiAntigravityOAuth
FNDA:0,checkGeminiCredentialsDuplicate
FNDA:0,batchImportGeminiTokensStream
DA:15,0
DA:39,0
DA:49,0
DA:50,0
DA:82,0
DA:128,0
DA:129,0
DA:131,0
DA:132,0
DA:133,0
DA:136,0
DA:137,0
DA:138,0
DA:139,0
DA:140,0
DA:144,0
DA:145,0
DA:148,0
DA:149,0
DA:151,0
DA:153,0
DA:158,0
DA:159,0
DA:160,0
DA:161,0
DA:177,0
DA:179,0
DA:181,0
DA:182,0
DA:183,0
DA:184,0
DA:185,0
DA:187,0
DA:188,0
DA:189,0
DA:190,0
DA:194,0
DA:195,0
DA:196,0
DA:197,0
DA:198,0
DA:200,0
DA:201,0
DA:202,0
DA:204,0
DA:205,0
DA:206,0
DA:209,0
DA:210,0
DA:211,0
DA:212,0
DA:213,0
DA:214,0
DA:215,0
DA:218,0
DA:219,0
DA:220,0
DA:222,0
DA:225,0
DA:233,0
DA:238,0
DA:239,0
DA:241,0
DA:244,0
DA:250,0
DA:251,0
DA:253,0
DA:254,0
DA:257,0
DA:258,0
DA:259,0
DA:260,0
DA:263,0
DA:269,0
DA:270,0
DA:271,0
DA:272,0
DA:275,0
DA:276,0
DA:277,0
DA:280,0
DA:281,0
DA:282,0
DA:283,0
DA:285,0
DA:286,0
DA:287,0
DA:293,0
DA:294,0
DA:295,0
DA:296,0
DA:297,0
DA:299,0
DA:300,0
DA:304,0
DA:305,0
DA:306,0
DA:309,0
DA:310,0
DA:311,0
DA:312,0
DA:314,0
DA:315,0
DA:316,0
DA:317,0
DA:318,0
DA:324,0
DA:325,0
DA:338,0
DA:339,0
DA:340,0
DA:343,0
DA:344,0
DA:345,0
DA:348,0
DA:351,0
DA:356,0
DA:357,0
DA:358,0
DA:361,0
DA:362,0
DA:364,0
DA:371,0
DA:373,0
DA:374,0
DA:376,0
DA:379,0
DA:397,0
DA:407,0
DA:417,0
DA:418,0
DA:420,0
DA:421,0
DA:423,0
DA:424,0
DA:425,0
DA:428,0
DA:429,0
DA:430,0
DA:431,0
DA:432,0
DA:433,0
DA:434,0
DA:436,0
DA:437,0
DA:438,0
DA:448,0
DA:450,0
DA:451,0
DA:464,0
DA:465,0
DA:466,0
DA:469,0
DA:476,0
DA:477,0
DA:478,0
DA:484,0
DA:486,0
DA:487,0
DA:491,0
DA:492,0
DA:493,0
DA:494,0
DA:500,0
DA:501,0
DA:502,0
DA:503,0
DA:509,0
DA:514,0
DA:515,0
DA:516,0
DA:517,0
DA:519,0
DA:520,0
DA:522,0
DA:524,0
DA:526,0
DA:528,0
DA:533,0
DA:536,0
DA:542,0
DA:544,0
DA:549,0
DA:552,0
DA:555,0
DA:556,0
DA:565,0
DA:566,0
DA:573,0
LF:189
LH:0
BRDA:48,0,0,0
BRDA:49,1,0,0
BRDA:49,1,1,0
BRDA:50,2,0,0
BRDA:50,2,1,0
BRDA:107,3,0,0
BRDA:107,3,1,0
BRDA:113,4,0,0
BRDA:113,4,1,0
BRDA:126,5,0,0
BRDA:129,6,0,0
BRDA:129,6,1,0
BRDA:131,7,0,0
BRDA:131,7,1,0
BRDA:139,8,0,0
BRDA:139,8,1,0
BRDA:158,9,0,0
BRDA:158,9,1,0
BRDA:160,10,0,0
BRDA:160,10,1,0
BRDA:176,11,0,0
BRDA:177,12,0,0
BRDA:177,12,1,0
BRDA:188,13,0,0
BRDA:188,13,1,0
BRDA:200,14,0,0
BRDA:200,14,1,0
BRDA:209,15,0,0
BRDA:209,15,1,0
BRDA:257,16,0,0
BRDA:257,16,1,0
BRDA:285,17,0,0
BRDA:285,17,1,0
BRDA:295,18,0,0
BRDA:295,18,1,0
BRDA:311,19,0,0
BRDA:311,19,1,0
BRDA:316,20,0,0
BRDA:316,20,1,0
BRDA:337,21,0,0
BRDA:339,22,0,0
BRDA:339,22,1,0
BRDA:343,23,0,0
BRDA:343,23,1,0
BRDA:356,24,0,0
BRDA:356,24,1,0
BRDA:396,25,0,0
BRDA:406,26,0,0
BRDA:418,27,0,0
BRDA:418,27,1,0
BRDA:424,28,0,0
BRDA:424,28,1,0
BRDA:430,29,0,0
BRDA:430,29,1,0
BRDA:436,30,0,0
BRDA:436,30,1,0
BRDA:463,31,0,0
BRDA:463,32,0,0
BRDA:465,33,0,0
BRDA:465,33,1,0
BRDA:486,34,0,0
BRDA:486,34,1,0
BRDA:486,35,0,0
BRDA:486,35,1,0
BRDA:491,36,0,0
BRDA:491,36,1,0
BRDA:493,37,0,0
BRDA:493,37,1,0
BRDA:502,38,0,0
BRDA:502,38,1,0
BRDA:555,39,0,0
BRDA:555,39,1,0
BRDA:565,40,0,0
BRDA:565,40,1,0
BRF:74
BRH:0
end_of_record
TN:
SF:src\auth\iflow-oauth.js
FN:50,fetchWithProxy
FN:84,(anonymous_1)
FN:85,(anonymous_2)
FN:96,(anonymous_3)
FN:97,(anonymous_4)
FN:111,generateResponsePage
FN:173,generateIFlowAuthorizationURL
FN:192,exchangeIFlowCodeForTokens
FN:240,fetchIFlowUserInfo
FN:290,closeIFlowServer
FN:294,(anonymous_10)
FN:295,(anonymous_11)
FN:301,(anonymous_12)
FN:302,(anonymous_13)
FN:331,createIFlowCallbackServer
FN:332,(anonymous_15)
FN:333,(anonymous_16)
FN:346,(anonymous_17)
FN:356,(anonymous_18)
FN:366,(anonymous_19)
FN:434,(anonymous_20)
FN:449,(anonymous_21)
FN:456,(anonymous_22)
FN:467,(anonymous_23)
FN:473,(anonymous_24)
FN:476,(anonymous_25)
FN:493,handleIFlowOAuth
FN:533,refreshIFlowTokens
FNF:28
FNH:0
FNDA:0,fetchWithProxy
FNDA:0,(anonymous_1)
FNDA:0,(anonymous_2)
FNDA:0,(anonymous_3)
FNDA:0,(anonymous_4)
FNDA:0,generateResponsePage
FNDA:0,generateIFlowAuthorizationURL
FNDA:0,exchangeIFlowCodeForTokens
FNDA:0,fetchIFlowUserInfo
FNDA:0,closeIFlowServer
FNDA:0,(anonymous_10)
FNDA:0,(anonymous_11)
FNDA:0,(anonymous_12)
FNDA:0,(anonymous_13)
FNDA:0,createIFlowCallbackServer
FNDA:0,(anonymous_15)
FNDA:0,(anonymous_16)
FNDA:0,(anonymous_17)
FNDA:0,(anonymous_18)
FNDA:0,(anonymous_19)
FNDA:0,(anonymous_20)
FNDA:0,(anonymous_21)
FNDA:0,(anonymous_22)
FNDA:0,(anonymous_23)
FNDA:0,(anonymous_24)
FNDA:0,(anonymous_25)
FNDA:0,handleIFlowOAuth
FNDA:0,refreshIFlowTokens
DA:15,0
DA:40,0
DA:51,0
DA:54,0
DA:62,0
DA:63,0
DA:67,0
DA:68,0
DA:69,0
DA:70,0
DA:71,0
DA:74,0
DA:75,0
DA:76,0
DA:79,0
DA:84,0
DA:85,0
DA:89,0
DA:91,0
DA:96,0
DA:97,0
DA:101,0
DA:112,0
DA:113,0
DA:128,0
DA:174,0
DA:175,0
DA:182,0
DA:183,0
DA:193,0
DA:202,0
DA:204,0
DA:214,0
DA:215,0
DA:216,0
DA:219,0
DA:221,0
DA:222,0
DA:225,0
DA:241,0
DA:242,0
DA:245,0
DA:247,0
DA:254,0
DA:255,0
DA:256,0
DA:259,0
DA:261,0
DA:262,0
DA:265,0
DA:266,0
DA:270,0
DA:271,0
DA:272,0
DA:274,0
DA:275,0
DA:278,0
DA:291,0
DA:292,0
DA:293,0
DA:294,0
DA:295,0
DA:296,0
DA:297,0
DA:301,0
DA:302,0
DA:305,0
DA:306,0
DA:308,0
DA:310,0
DA:314,0
DA:315,0
DA:316,0
DA:317,0
DA:332,0
DA:333,0
DA:334,0
DA:335,0
DA:337,0
DA:338,0
DA:339,0
DA:340,0
DA:342,0
DA:343,0
DA:344,0
DA:345,0
DA:346,0
DA:347,0
DA:349,0
DA:352,0
DA:353,0
DA:354,0
DA:355,0
DA:356,0
DA:357,0
DA:359,0
DA:362,0
DA:363,0
DA:364,0
DA:365,0
DA:366,0
DA:367,0
DA:369,0
DA:372,0
DA:374,0
DA:376,0
DA:377,0
DA:380,0
DA:381,0
DA:384,0
DA:394,0
DA:396,0
DA:397,0
DA:398,0
DA:399,0
DA:400,0
DA:401,0
DA:402,0
DA:405,0
DA:406,0
DA:407,0
DA:409,0
DA:412,0
DA:421,0
DA:426,0
DA:427,0
DA:430,0
DA:431,0
DA:432,0
DA:434,0
DA:435,0
DA:440,0
DA:441,0
DA:444,0
DA:445,0
DA:446,0
DA:448,0
DA:449,0
DA:450,0
DA:456,0
DA:457,0
DA:458,0
DA:459,0
DA:461,0
DA:462,0
DA:466,0
DA:467,0
DA:468,0
DA:469,0
DA:473,0
DA:474,0
DA:475,0
DA:476,0
DA:477,0
DA:494,0
DA:495,0
DA:498,0
DA:501,0
DA:503,0
DA:506,0
DA:509,0
DA:510,0
DA:511,0
DA:513,0
DA:516,0
DA:534,0
DA:542,0
DA:544,0
DA:554,0
DA:555,0
DA:556,0
DA:559,0
DA:561,0
DA:562,0
DA:566,0
DA:568,0
LF:176
LH:0
BRDA:50,0,0,0
BRDA:56,1,0,0
BRDA:56,1,1,0
BRDA:57,2,0,0
BRDA:57,2,1,0
BRDA:62,3,0,0
BRDA:62,3,1,0
BRDA:67,4,0,0
BRDA:67,4,1,0
BRDA:80,5,0,0
BRDA:80,5,1,0
BRDA:85,6,0,0
BRDA:85,6,1,0
BRDA:89,7,0,0
BRDA:89,7,1,0
BRDA:97,8,0,0
BRDA:97,8,1,0
BRDA:112,9,0,0
BRDA:112,9,1,0
BRDA:113,10,0,0
BRDA:113,10,1,0
BRDA:153,11,0,0
BRDA:153,11,1,0
BRDA:159,12,0,0
BRDA:159,12,1,0
BRDA:214,13,0,0
BRDA:214,13,1,0
BRDA:221,14,0,0
BRDA:221,14,1,0
BRDA:241,15,0,0
BRDA:241,15,1,0
BRDA:241,16,0,0
BRDA:241,16,1,0
BRDA:254,17,0,0
BRDA:254,17,1,0
BRDA:261,18,0,0
BRDA:261,18,1,0
BRDA:265,19,0,0
BRDA:265,19,1,0
BRDA:265,20,0,0
BRDA:265,20,1,0
BRDA:270,21,0,0
BRDA:270,21,1,0
BRDA:271,22,0,0
BRDA:271,22,1,0
BRDA:272,23,0,0
BRDA:272,23,1,0
BRDA:274,24,0,0
BRDA:274,24,1,0
BRDA:281,25,0,0
BRDA:281,25,1,0
BRDA:290,26,0,0
BRDA:292,27,0,0
BRDA:292,27,1,0
BRDA:296,28,0,0
BRDA:296,28,1,0
BRDA:314,29,0,0
BRDA:314,29,1,0
BRDA:316,30,0,0
BRDA:316,30,1,0
BRDA:331,31,0,0
BRDA:337,32,0,0
BRDA:337,32,1,0
BRDA:342,33,0,0
BRDA:342,33,1,0
BRDA:352,34,0,0
BRDA:352,34,1,0
BRDA:362,35,0,0
BRDA:362,35,1,0
BRDA:396,36,0,0
BRDA:396,36,1,0
BRDA:397,37,0,0
BRDA:397,37,1,0
BRDA:448,38,0,0
BRDA:448,38,1,0
BRDA:457,39,0,0
BRDA:457,39,1,0
BRDA:474,40,0,0
BRDA:474,40,1,0
BRDA:493,41,0,0
BRDA:494,42,0,0
BRDA:494,42,1,0
BRDA:554,43,0,0
BRDA:554,43,1,0
BRDA:561,44,0,0
BRDA:561,44,1,0
BRF:86
BRH:0
end_of_record
TN:
SF:src\auth\index.js
FNF:0
FNH:0
LF:0
LH:0
BRF:0
BRH:0
end_of_record
TN:
SF:src\auth\kiro-oauth.js
FN:68,fetchWithProxy
FN:102,(anonymous_1)
FN:103,(anonymous_2)
FN:114,(anonymous_3)
FN:115,(anonymous_4)
FN:129,generateResponsePage
FN:189,generateCodeVerifier
FN:198,generateCodeChallenge
FN:212,handleKiroOAuth
FN:232,handleKiroSocialAuth
FN:280,handleKiroBuilderIDDeviceCode
FN:348,(anonymous_11)
FN:376,pollKiroBuilderIDToken
FN:386,(anonymous_13)
FN:464,(anonymous_14)
FN:467,(anonymous_15)
FN:477,(anonymous_16)
FN:488,stopKiroPollingTask
FN:500,startKiroCallbackServer
FN:524,closeKiroServer
FN:528,(anonymous_20)
FN:529,(anonymous_21)
FN:535,(anonymous_22)
FN:536,(anonymous_23)
FN:560,createKiroHttpCallbackServer
FN:563,(anonymous_25)
FN:564,(anonymous_26)
FN:652,(anonymous_27)
FN:668,(anonymous_28)
FN:671,(anonymous_29)
FN:673,(anonymous_30)
FN:701,refreshKiroToken
FN:705,(anonymous_32)
FN:757,checkKiroCredentialsDuplicate
FN:767,(anonymous_34)
FN:816,batchImportKiroRefreshTokens
FN:920,batchImportKiroRefreshTokensStream
FN:1059,importAwsCredentials
FNF:38
FNH:0
FNDA:0,fetchWithProxy
FNDA:0,(anonymous_1)
FNDA:0,(anonymous_2)
FNDA:0,(anonymous_3)
FNDA:0,(anonymous_4)
FNDA:0,generateResponsePage
FNDA:0,generateCodeVerifier
FNDA:0,generateCodeChallenge
FNDA:0,handleKiroOAuth
FNDA:0,handleKiroSocialAuth
FNDA:0,handleKiroBuilderIDDeviceCode
FNDA:0,(anonymous_11)
FNDA:0,pollKiroBuilderIDToken
FNDA:0,(anonymous_13)
FNDA:0,(anonymous_14)
FNDA:0,(anonymous_15)
FNDA:0,(anonymous_16)
FNDA:0,stopKiroPollingTask
FNDA:0,startKiroCallbackServer
FNDA:0,closeKiroServer
FNDA:0,(anonymous_20)
FNDA:0,(anonymous_21)
FNDA:0,(anonymous_22)
FNDA:0,(anonymous_23)
FNDA:0,createKiroHttpCallbackServer
FNDA:0,(anonymous_25)
FNDA:0,(anonymous_26)
FNDA:0,(anonymous_27)
FNDA:0,(anonymous_28)
FNDA:0,(anonymous_29)
FNDA:0,(anonymous_30)
FNDA:0,refreshKiroToken
FNDA:0,(anonymous_32)
FNDA:0,checkKiroCredentialsDuplicate
FNDA:0,(anonymous_34)
FNDA:0,batchImportKiroRefreshTokens
FNDA:0,batchImportKiroRefreshTokensStream
FNDA:0,importAwsCredentials
DA:15,0
DA:53,0
DA:58,0
DA:69,0
DA:72,0
DA:80,0
DA:81,0
DA:85,0
DA:86,0
DA:87,0
DA:88,0
DA:89,0
DA:92,0
DA:93,0
DA:94,0
DA:97,0
DA:102,0
DA:103,0
DA:107,0
DA:109,0
DA:114,0
DA:115,0
DA:119,0
DA:130,0
DA:131,0
DA:146,0
DA:190,0
DA:199,0
DA:200,0
DA:201,0
DA:213,0
DA:215,0
DA:217,0
DA:219,0
DA:221,0
DA:223,0
DA:225,0
DA:234,0
DA:235,0
DA:236,0
DA:240,0
DA:241,0
DA:242,0
DA:243,0
DA:244,0
DA:245,0
DA:246,0
DA:248,0
DA:252,0
DA:255,0
DA:263,0
DA:282,0
DA:283,0
DA:284,0
DA:289,0
DA:290,0
DA:293,0
DA:294,0
DA:296,0
DA:310,0
DA:311,0
DA:314,0
DA:317,0
DA:329,0
DA:330,0
DA:333,0
DA:336,0
DA:340,0
DA:349,0
DA:350,0
DA:357,0
DA:377,0
DA:378,0
DA:379,0
DA:381,0
DA:382,0
DA:384,0
DA:386,0
DA:387,0
DA:388,0
DA:391,0
DA:392,0
DA:393,0
DA:396,0
DA:398,0
DA:399,0
DA:400,0
DA:401,0
DA:415,0
DA:417,0
DA:418,0
DA:421,0
DA:422,0
DA:423,0
DA:424,0
DA:425,0
DA:426,0
DA:429,0
DA:439,0
DA:440,0
DA:442,0
DA:445,0
DA:453,0
DA:458,0
DA:462,0
DA:463,0
DA:464,0
DA:465,0
DA:466,0
DA:467,0
DA:468,0
DA:470,0
DA:471,0
DA:474,0
DA:475,0
DA:477,0
DA:478,0
DA:482,0
DA:489,0
DA:490,0
DA:491,0
DA:492,0
DA:493,0
DA:501,0
DA:502,0
DA:504,0
DA:506,0
DA:508,0
DA:509,0
DA:510,0
DA:511,0
DA:512,0
DA:514,0
DA:518,0
DA:525,0
DA:526,0
DA:527,0
DA:528,0
DA:529,0
DA:530,0
DA:531,0
DA:535,0
DA:536,0
DA:539,0
DA:540,0
DA:542,0
DA:544,0
DA:548,0
DA:549,0
DA:550,0
DA:551,0
DA:561,0
DA:563,0
DA:564,0
DA:565,0
DA:566,0
DA:568,0
DA:569,0
DA:570,0
DA:571,0
DA:573,0
DA:574,0
DA:575,0
DA:576,0
DA:579,0
DA:580,0
DA:581,0
DA:582,0
DA:586,0
DA:599,0
DA:600,0
DA:601,0
DA:602,0
DA:603,0
DA:604,0
DA:607,0
DA:610,0
DA:612,0
DA:613,0
DA:614,0
DA:615,0
DA:616,0
DA:617,0
DA:620,0
DA:629,0
DA:630,0
DA:632,0
DA:635,0
DA:643,0
DA:648,0
DA:649,0
DA:652,0
DA:653,0
DA:657,0
DA:658,0
DA:661,0
DA:662,0
DA:663,0
DA:667,0
DA:668,0
DA:671,0
DA:672,0
DA:673,0
DA:674,0
DA:684,0
DA:702,0
DA:704,0
DA:705,0
DA:707,0
DA:708,0
DA:717,0
DA:719,0
DA:720,0
DA:721,0
DA:724,0
DA:726,0
DA:727,0
DA:730,0
DA:731,0
DA:733,0
DA:743,0
DA:744,0
DA:745,0
DA:747,0
DA:758,0
DA:760,0
DA:762,0
DA:763,0
DA:767,0
DA:768,0
DA:770,0
DA:771,0
DA:773,0
DA:774,0
DA:775,0
DA:776,0
DA:778,0
DA:779,0
DA:780,0
DA:781,0
DA:784,0
DA:785,0
DA:786,0
DA:787,0
DA:798,0
DA:801,0
DA:804,0
DA:805,0
DA:817,0
DA:824,0
DA:825,0
DA:827,0
DA:828,0
DA:833,0
DA:834,0
DA:838,0
DA:839,0
DA:840,0
DA:841,0
DA:847,0
DA:848,0
DA:852,0
DA:853,0
DA:855,0
DA:858,0
DA:859,0
DA:860,0
DA:861,0
DA:863,0
DA:864,0
DA:866,0
DA:868,0
DA:870,0
DA:876,0
DA:879,0
DA:881,0
DA:886,0
DA:891,0
DA:892,0
DA:899,0
DA:900,0
DA:901,0
DA:909,0
DA:921,0
DA:928,0
DA:929,0
DA:930,0
DA:936,0
DA:937,0
DA:942,0
DA:943,0
DA:946,0
DA:947,0
DA:953,0
DA:957,0
DA:958,0
DA:959,0
DA:960,0
DA:966,0
DA:967,0
DA:970,0
DA:971,0
DA:977,0
DA:981,0
DA:982,0
DA:984,0
DA:987,0
DA:988,0
DA:989,0
DA:990,0
DA:992,0
DA:993,0
DA:995,0
DA:997,0
DA:999,0
DA:1005,0
DA:1006,0
DA:1009,0
DA:1011,0
DA:1016,0
DA:1017,0
DA:1021,0
DA:1022,0
DA:1031,0
DA:1032,0
DA:1039,0
DA:1040,0
DA:1041,0
DA:1049,0
DA:1060,0
DA:1062,0
DA:1063,0
DA:1064,0
DA:1065,0
DA:1066,0
DA:1068,0
DA:1069,0
DA:1076,0
DA:1077,0
DA:1078,0
DA:1079,0
DA:1087,0
DA:1090,0
DA:1101,0
DA:1102,0
DA:1104,0
DA:1105,0
DA:1107,0
DA:1108,0
DA:1112,0
DA:1113,0
DA:1115,0
DA:1116,0
DA:1118,0
DA:1131,0
DA:1132,0
DA:1133,0
DA:1134,0
DA:1135,0
DA:1136,0
DA:1137,0
DA:1139,0
DA:1142,0
DA:1147,0
DA:1148,0
DA:1149,0
DA:1150,0
DA:1152,0
DA:1153,0
DA:1155,0
DA:1157,0
DA:1160,0
DA:1167,0
DA:1172,0
DA:1178,0
DA:1179,0
LF:376
LH:0
BRDA:68,0,0,0
BRDA:74,1,0,0
BRDA:74,1,1,0
BRDA:75,2,0,0
BRDA:75,2,1,0
BRDA:80,3,0,0
BRDA:80,3,1,0
BRDA:85,4,0,0
BRDA:85,4,1,0
BRDA:98,5,0,0
BRDA:98,5,1,0
BRDA:103,6,0,0
BRDA:103,6,1,0
BRDA:107,7,0,0
BRDA:107,7,1,0
BRDA:115,8,0,0
BRDA:115,8,1,0
BRDA:130,9,0,0
BRDA:130,9,1,0
BRDA:131,10,0,0
BRDA:131,10,1,0
BRDA:171,11,0,0
BRDA:171,11,1,0
BRDA:177,12,0,0
BRDA:177,12,1,0
BRDA:212,13,0,0
BRDA:213,14,0,0
BRDA:213,14,1,0
BRDA:213,14,2,0
BRDA:217,15,0,0
BRDA:217,15,1,0
BRDA:217,15,2,0
BRDA:217,15,3,0
BRDA:232,16,0,0
BRDA:241,17,0,0
BRDA:241,17,1,0
BRDA:280,18,0,0
BRDA:283,19,0,0
BRDA:283,19,1,0
BRDA:289,20,0,0
BRDA:289,20,1,0
BRDA:293,21,0,0
BRDA:293,21,1,0
BRDA:310,22,0,0
BRDA:310,22,1,0
BRDA:329,23,0,0
BRDA:329,23,1,0
BRDA:376,24,0,0
BRDA:387,25,0,0
BRDA:387,25,1,0
BRDA:391,26,0,0
BRDA:391,26,1,0
BRDA:399,27,0,0
BRDA:399,27,1,0
BRDA:417,28,0,0
BRDA:417,28,1,0
BRDA:417,29,0,0
BRDA:417,29,1,0
BRDA:421,30,0,0
BRDA:421,30,1,0
BRDA:436,31,0,0
BRDA:436,31,1,0
BRDA:462,32,0,0
BRDA:462,32,1,0
BRDA:466,33,0,0
BRDA:466,33,1,0
BRDA:471,34,0,0
BRDA:471,34,1,0
BRDA:474,35,0,0
BRDA:474,35,1,0
BRDA:474,36,0,0
BRDA:474,36,1,0
BRDA:490,37,0,0
BRDA:490,37,1,0
BRDA:500,38,0,0
BRDA:524,39,0,0
BRDA:526,40,0,0
BRDA:526,40,1,0
BRDA:530,41,0,0
BRDA:530,41,1,0
BRDA:548,42,0,0
BRDA:548,42,1,0
BRDA:550,43,0,0
BRDA:550,43,1,0
BRDA:560,44,0,0
BRDA:568,45,0,0
BRDA:568,45,1,0
BRDA:573,46,0,0
BRDA:573,46,1,0
BRDA:579,47,0,0
BRDA:579,47,1,0
BRDA:599,48,0,0
BRDA:599,48,1,0
BRDA:612,49,0,0
BRDA:612,49,1,0
BRDA:624,50,0,0
BRDA:624,50,1,0
BRDA:672,51,0,0
BRDA:672,51,1,0
BRDA:701,52,0,0
BRDA:719,53,0,0
BRDA:719,53,1,0
BRDA:726,54,0,0
BRDA:726,54,1,0
BRDA:730,55,0,0
BRDA:730,55,1,0
BRDA:735,56,0,0
BRDA:735,56,1,0
BRDA:736,57,0,0
BRDA:736,57,1,0
BRDA:744,58,0,0
BRDA:744,58,1,0
BRDA:757,59,0,0
BRDA:762,60,0,0
BRDA:762,60,1,0
BRDA:773,61,0,0
BRDA:773,61,1,0
BRDA:775,62,0,0
BRDA:775,62,1,0
BRDA:778,63,0,0
BRDA:778,63,1,0
BRDA:778,64,0,0
BRDA:778,64,1,0
BRDA:784,65,0,0
BRDA:784,65,1,0
BRDA:784,66,0,0
BRDA:784,66,1,0
BRDA:816,67,0,0
BRDA:816,68,0,0
BRDA:827,69,0,0
BRDA:827,69,1,0
BRDA:838,70,0,0
BRDA:838,70,1,0
BRDA:840,71,0,0
BRDA:840,71,1,0
BRDA:891,72,0,0
BRDA:891,72,1,0
BRDA:900,73,0,0
BRDA:900,73,1,0
BRDA:900,74,0,0
BRDA:900,74,1,0
BRDA:920,75,0,0
BRDA:920,76,0,0
BRDA:920,77,0,0
BRDA:936,78,0,0
BRDA:936,78,1,0
BRDA:946,79,0,0
BRDA:946,79,1,0
BRDA:957,80,0,0
BRDA:957,80,1,0
BRDA:959,81,0,0
BRDA:959,81,1,0
BRDA:970,82,0,0
BRDA:970,82,1,0
BRDA:1021,83,0,0
BRDA:1021,83,1,0
BRDA:1031,84,0,0
BRDA:1031,84,1,0
BRDA:1040,85,0,0
BRDA:1040,85,1,0
BRDA:1040,86,0,0
BRDA:1040,86,1,0
BRDA:1059,87,0,0
BRDA:1063,88,0,0
BRDA:1063,88,1,0
BRDA:1064,89,0,0
BRDA:1064,89,1,0
BRDA:1065,90,0,0
BRDA:1065,90,1,0
BRDA:1066,91,0,0
BRDA:1066,91,1,0
BRDA:1068,92,0,0
BRDA:1068,92,1,0
BRDA:1076,93,0,0
BRDA:1076,93,1,0
BRDA:1078,94,0,0
BRDA:1078,94,1,0
BRDA:1095,95,0,0
BRDA:1095,95,1,0
BRDA:1097,96,0,0
BRDA:1097,96,1,0
BRDA:1101,97,0,0
BRDA:1101,97,1,0
BRDA:1104,98,0,0
BRDA:1104,98,1,0
BRDA:1107,99,0,0
BRDA:1107,99,1,0
BRDA:1115,100,0,0
BRDA:1115,100,1,0
BRDA:1131,101,0,0
BRDA:1131,101,1,0
BRDA:1135,102,0,0
BRDA:1135,102,1,0
BRF:193
BRH:0
end_of_record
TN:
SF:src\auth\oauth-handlers.js
FNF:0
FNH:0
LF:0
LH:0
BRF:0
BRH:0
end_of_record
TN:
SF:src\auth\qwen-oauth.js
FN:38,fetchWithProxy
FN:72,(anonymous_1)
FN:73,(anonymous_2)
FN:84,(anonymous_3)
FN:85,(anonymous_4)
FN:97,generateCodeVerifier
FN:106,generateCodeChallenge
FN:116,stopPollingTask
FN:135,pollQwenToken
FN:146,(anonymous_9)
FN:168,(anonymous_10)
FN:227,(anonymous_11)
FN:232,(anonymous_12)
FN:250,(anonymous_13)
FN:264,handleQwenOAuth
FN:276,(anonymous_15)
FN:316,(anonymous_16)
FNF:17
FNH:0
FNDA:0,fetchWithProxy
FNDA:0,(anonymous_1)
FNDA:0,(anonymous_2)
FNDA:0,(anonymous_3)
FNDA:0,(anonymous_4)
FNDA:0,generateCodeVerifier
FNDA:0,generateCodeChallenge
FNDA:0,stopPollingTask
FNDA:0,pollQwenToken
FNDA:0,(anonymous_9)
FNDA:0,(anonymous_10)
FNDA:0,(anonymous_11)
FNDA:0,(anonymous_12)
FNDA:0,(anonymous_13)
FNDA:0,handleQwenOAuth
FNDA:0,(anonymous_15)
FNDA:0,(anonymous_16)
DA:14,0
DA:28,0
DA:39,0
DA:42,0
DA:50,0
DA:51,0
DA:55,0
DA:56,0
DA:57,0
DA:58,0
DA:59,0
DA:62,0
DA:63,0
DA:64,0
DA:67,0
DA:72,0
DA:73,0
DA:77,0
DA:79,0
DA:84,0
DA:85,0
DA:89,0
DA:98,0
DA:107,0
DA:108,0
DA:109,0
DA:117,0
DA:118,0
DA:119,0
DA:120,0
DA:121,0
DA:136,0
DA:137,0
DA:138,0
DA:141,0
DA:142,0
DA:144,0
DA:146,0
DA:148,0
DA:149,0
DA:150,0
DA:153,0
DA:154,0
DA:155,0
DA:158,0
DA:160,0
DA:167,0
DA:168,0
DA:171,0
DA:172,0
DA:181,0
DA:183,0
DA:185,0
DA:188,0
DA:189,0
DA:190,0
DA:191,0
DA:192,0
DA:193,0
DA:197,0
DA:198,0
DA:199,0
DA:201,0
DA:204,0
DA:207,0
DA:215,0
DA:220,0
DA:224,0
DA:226,0
DA:227,0
DA:228,0
DA:229,0
DA:231,0
DA:232,0
DA:233,0
DA:234,0
DA:235,0
DA:236,0
DA:237,0
DA:238,0
DA:239,0
DA:241,0
DA:242,0
DA:245,0
DA:246,0
DA:248,0
DA:250,0
DA:251,0
DA:255,0
DA:265,0
DA:266,0
DA:268,0
DA:275,0
DA:276,0
DA:279,0
DA:280,0
DA:289,0
DA:290,0
DA:293,0
DA:295,0
DA:296,0
DA:300,0
DA:302,0
DA:305,0
DA:308,0
DA:309,0
DA:310,0
DA:315,0
DA:317,0
DA:319,0
DA:326,0
DA:340,0
DA:341,0
LF:113
LH:0
BRDA:38,0,0,0
BRDA:44,1,0,0
BRDA:44,1,1,0
BRDA:45,2,0,0
BRDA:45,2,1,0
BRDA:50,3,0,0
BRDA:50,3,1,0
BRDA:55,4,0,0
BRDA:55,4,1,0
BRDA:68,5,0,0
BRDA:68,5,1,0
BRDA:73,6,0,0
BRDA:73,6,1,0
BRDA:77,7,0,0
BRDA:77,7,1,0
BRDA:85,8,0,0
BRDA:85,8,1,0
BRDA:118,9,0,0
BRDA:118,9,1,0
BRDA:135,10,0,0
BRDA:135,11,0,0
BRDA:135,12,0,0
BRDA:135,13,0,0
BRDA:148,14,0,0
BRDA:148,14,1,0
BRDA:153,15,0,0
BRDA:153,15,1,0
BRDA:183,16,0,0
BRDA:183,16,1,0
BRDA:183,17,0,0
BRDA:183,17,1,0
BRDA:188,18,0,0
BRDA:188,18,1,0
BRDA:224,19,0,0
BRDA:224,19,1,0
BRDA:229,20,0,0
BRDA:229,20,1,0
BRDA:234,21,0,0
BRDA:234,21,1,0
BRDA:237,22,0,0
BRDA:237,22,1,0
BRDA:242,23,0,0
BRDA:242,23,1,0
BRDA:245,24,0,0
BRDA:245,24,1,0
BRDA:245,25,0,0
BRDA:245,25,1,0
BRDA:245,25,2,0
BRDA:264,26,0,0
BRDA:289,27,0,0
BRDA:289,27,1,0
BRDA:295,28,0,0
BRDA:295,28,1,0
BRDA:295,29,0,0
BRDA:295,29,1,0
BRDA:309,30,0,0
BRDA:309,30,1,0
BRF:57
BRH:0
end_of_record
TN:
SF:src\convert\convert-old.js
FN:28,checkAndAssignOrDefault
FN:42,_mapFinishReason
FN:81,_cleanJsonSchemaProperties
FN:114,_determineReasoningEffortFromBudget
FN:142,(anonymous_4)
FN:152,(anonymous_5)
FN:157,(anonymous_6)
FN:162,(anonymous_7)
FN:184,convertData
FN:275,toOpenAIRequestFromGemini
FN:297,(anonymous_10)
FN:320,processGeminiPartsToOpenAIContent
FN:325,(anonymous_12)
FN:378,toOpenAIModelListFromGemini
FN:381,(anonymous_14)
FN:390,toOpenAIChatCompletionFromGemini
FN:423,processGeminiResponseContent
FN:428,(anonymous_17)
FN:430,(anonymous_18)
FN:443,toOpenAIStreamChunkFromGemini
FN:472,toOpenAIChatCompletionFromClaude
FN:524,processClaudeResponseContent
FN:529,(anonymous_22)
FN:576,toOpenAIStreamChunkFromClaude
FN:611,toOpenAIModelListFromClaude
FN:614,(anonymous_25)
FN:631,toClaudeChatCompletionFromOpenAI
FN:653,(anonymous_27)
FN:712,toOpenAIRequestFromClaude
FN:730,(anonymous_29)
FN:791,(anonymous_30)
FN:791,(anonymous_31)
FN:805,(anonymous_32)
FN:889,(anonymous_33)
FN:904,processClaudeContentToOpenAIContent
FN:909,(anonymous_35)
FN:974,toGeminiRequestFromOpenAI
FN:1006,(anonymous_37)
FN:1007,(anonymous_38)
FN:1019,(anonymous_39)
FN:1027,(anonymous_40)
FN:1072,processOpenAIContentToGeminiParts
FN:1084,(anonymous_42)
FN:1157,safeParseJSON
FN:1180,buildToolConfig
FN:1195,_buildFunctionResponse
FN:1275,(anonymous_46)
FN:1276,(anonymous_47)
FN:1305,toClaudeModelListFromGemini
FN:1307,(anonymous_49)
FN:1321,toClaudeModelListFromOpenAI
FN:1323,(anonymous_51)
FN:1337,_extractThinkingFromOpenAIText
FN:1395,toClaudeStreamChunkFromOpenAI
FN:1430,buildGenerationConfig
FN:1445,toClaudeRequestFromOpenAI
FN:1467,(anonymous_56)
FN:1481,(anonymous_57)
FN:1543,(anonymous_58)
FN:1554,buildClaudeToolChoice
FN:1572,extractAndProcessSystemMessages
FN:1600,extractTextFromMessageContent
FN:1606,(anonymous_62)
FN:1607,(anonymous_63)
FN:1619,toGeminiRequestFromClaude
FN:1639,(anonymous_65)
FN:1642,(anonymous_66)
FN:1655,(anonymous_67)
FN:1671,(anonymous_68)
FN:1699,(anonymous_69)
FN:1739,buildGeminiToolConfigFromClaude
FN:1767,processClaudeContentToGeminiParts
FN:1779,(anonymous_72)
FN:1867,toClaudeChatCompletionFromGemini
FN:1932,processGeminiResponseToClaudeContent
FN:1992,toClaudeStreamChunkFromGemini
FN:2018,toOpenAIResponsesFromClaude
FN:2096,toOpenAIResponsesFromGemini
FN:2173,toClaudeRequestFromOpenAIResponses
FN:2221,(anonymous_79)
FN:2235,(anonymous_80)
FN:2312,toGeminiRequestFromOpenAIResponses
FN:2340,(anonymous_82)
FN:2343,(anonymous_83)
FN:2354,(anonymous_84)
FN:2355,(anonymous_85)
FN:2394,(anonymous_86)
FN:2395,(anonymous_87)
FN:2421,toOpenAIResponsesStreamChunkFromClaude
FN:2478,toOpenAIResponsesStreamChunkFromGemini
FN:2527,getOpenAIStreamChunkStop
FN:2554,getOpenAIResponsesStreamChunkBegin
FN:2564,getOpenAIResponsesStreamChunkEnd
FNF:93
FNH:0
FNDA:0,checkAndAssignOrDefault
FNDA:0,_mapFinishReason
FNDA:0,_cleanJsonSchemaProperties
FNDA:0,_determineReasoningEffortFromBudget
FNDA:0,(anonymous_4)
FNDA:0,(anonymous_5)
FNDA:0,(anonymous_6)
FNDA:0,(anonymous_7)
FNDA:0,convertData
FNDA:0,toOpenAIRequestFromGemini
FNDA:0,(anonymous_10)
FNDA:0,processGeminiPartsToOpenAIContent
FNDA:0,(anonymous_12)
FNDA:0,toOpenAIModelListFromGemini
FNDA:0,(anonymous_14)
FNDA:0,toOpenAIChatCompletionFromGemini
FNDA:0,processGeminiResponseContent
FNDA:0,(anonymous_17)
FNDA:0,(anonymous_18)
FNDA:0,toOpenAIStreamChunkFromGemini
FNDA:0,toOpenAIChatCompletionFromClaude
FNDA:0,processClaudeResponseContent
FNDA:0,(anonymous_22)
FNDA:0,toOpenAIStreamChunkFromClaude
FNDA:0,toOpenAIModelListFromClaude
FNDA:0,(anonymous_25)
FNDA:0,toClaudeChatCompletionFromOpenAI
FNDA:0,(anonymous_27)
FNDA:0,toOpenAIRequestFromClaude
FNDA:0,(anonymous_29)
FNDA:0,(anonymous_30)
FNDA:0,(anonymous_31)
FNDA:0,(anonymous_32)
FNDA:0,(anonymous_33)
FNDA:0,processClaudeContentToOpenAIContent
FNDA:0,(anonymous_35)
FNDA:0,toGeminiRequestFromOpenAI
FNDA:0,(anonymous_37)
FNDA:0,(anonymous_38)
FNDA:0,(anonymous_39)
FNDA:0,(anonymous_40)
FNDA:0,processOpenAIContentToGeminiParts
FNDA:0,(anonymous_42)
FNDA:0,safeParseJSON
FNDA:0,buildToolConfig
FNDA:0,_buildFunctionResponse
FNDA:0,(anonymous_46)
FNDA:0,(anonymous_47)
FNDA:0,toClaudeModelListFromGemini
FNDA:0,(anonymous_49)
FNDA:0,toClaudeModelListFromOpenAI
FNDA:0,(anonymous_51)
FNDA:0,_extractThinkingFromOpenAIText
FNDA:0,toClaudeStreamChunkFromOpenAI
FNDA:0,buildGenerationConfig
FNDA:0,toClaudeRequestFromOpenAI
FNDA:0,(anonymous_56)
FNDA:0,(anonymous_57)
FNDA:0,(anonymous_58)
FNDA:0,buildClaudeToolChoice
FNDA:0,extractAndProcessSystemMessages
FNDA:0,extractTextFromMessageContent
FNDA:0,(anonymous_62)
FNDA:0,(anonymous_63)
FNDA:0,toGeminiRequestFromClaude
FNDA:0,(anonymous_65)
FNDA:0,(anonymous_66)
FNDA:0,(anonymous_67)
FNDA:0,(anonymous_68)
FNDA:0,(anonymous_69)
FNDA:0,buildGeminiToolConfigFromClaude
FNDA:0,processClaudeContentToGeminiParts
FNDA:0,(anonymous_72)
FNDA:0,toClaudeChatCompletionFromGemini
FNDA:0,processGeminiResponseToClaudeContent
FNDA:0,toClaudeStreamChunkFromGemini
FNDA:0,toOpenAIResponsesFromClaude
FNDA:0,toOpenAIResponsesFromGemini
FNDA:0,toClaudeRequestFromOpenAIResponses
FNDA:0,(anonymous_79)
FNDA:0,(anonymous_80)
FNDA:0,toGeminiRequestFromOpenAIResponses
FNDA:0,(anonymous_82)
FNDA:0,(anonymous_83)
FNDA:0,(anonymous_84)
FNDA:0,(anonymous_85)
FNDA:0,(anonymous_86)
FNDA:0,(anonymous_87)
FNDA:0,toOpenAIResponsesStreamChunkFromClaude
FNDA:0,toOpenAIResponsesStreamChunkFromGemini
FNDA:0,getOpenAIStreamChunkStop
FNDA:0,getOpenAIResponsesStreamChunkBegin
FNDA:0,getOpenAIResponsesStreamChunkEnd
DA:22,0
DA:23,0
DA:24,0
DA:25,0
DA:29,0
DA:30,0
DA:32,0
DA:43,0
DA:69,0
DA:70,0
DA:72,0
DA:82,0
DA:83,0
DA:87,0
DA:88,0
DA:89,0
DA:90,0
DA:94,0
DA:95,0
DA:96,0
DA:97,0
DA:99,0
DA:102,0
DA:103,0
DA:106,0
DA:116,0
DA:117,0
DA:118,0
DA:122,0
DA:123,0
DA:125,0
DA:128,0
DA:129,0
DA:130,0
DA:131,0
DA:133,0
DA:136,0
DA:137,0
DA:143,0
DA:144,0
DA:146,0
DA:147,0
DA:148,0
DA:153,0
DA:158,0
DA:163,0
DA:168,0
DA:186,0
DA:242,0
DA:243,0
DA:244,0
DA:247,0
DA:248,0
DA:249,0
DA:252,0
DA:253,0
DA:254,0
DA:257,0
DA:258,0
DA:259,0
DA:261,0
DA:276,0
DA:285,0
DA:286,0
DA:287,0
DA:288,0
DA:296,0
DA:297,0
DA:298,0
DA:299,0
DA:300,0
DA:301,0
DA:302,0
DA:311,0
DA:321,0
DA:323,0
DA:325,0
DA:326,0
DA:329,0
DA:330,0
DA:337,0
DA:338,0
DA:339,0
DA:340,0
DA:350,0
DA:351,0
DA:352,0
DA:354,0
DA:355,0
DA:361,0
DA:363,0
DA:373,0
DA:379,0
DA:381,0
DA:391,0
DA:393,0
DA:424,0
DA:426,0
DA:428,0
DA:429,0
DA:430,0
DA:431,0
DA:432,0
DA:440,0
DA:444,0
DA:473,0
DA:474,0
DA:495,0
DA:496,0
DA:498,0
DA:525,0
DA:527,0
DA:529,0
DA:530,0
DA:532,0
DA:534,0
DA:538,0
DA:542,0
DA:543,0
DA:550,0
DA:554,0
DA:555,0
DA:564,0
DA:577,0
DA:578,0
DA:580,0
DA:612,0
DA:614,0
DA:632,0
DA:633,0
DA:648,0
DA:649,0
DA:652,0
DA:653,0
DA:654,0
DA:655,0
DA:656,0
DA:658,0
DA:659,0
DA:661,0
DA:663,0
DA:673,0
DA:674,0
DA:676,0
DA:677,0
DA:678,0
DA:680,0
DA:685,0
DA:691,0
DA:713,0
DA:714,0
DA:717,0
DA:718,0
DA:722,0
DA:723,0
DA:724,0
DA:725,0
DA:728,0
DA:729,0
DA:730,0
DA:733,0
DA:734,0
DA:735,0
DA:736,0
DA:737,0
DA:738,0
DA:745,0
DA:750,0
DA:751,0
DA:752,0
DA:753,0
DA:754,0
DA:755,0
DA:770,0
DA:775,0
DA:777,0
DA:778,0
DA:787,0
DA:788,0
DA:789,0
DA:790,0
DA:791,0
DA:793,0
DA:794,0
DA:795,0
DA:796,0
DA:797,0
DA:799,0
DA:800,0
DA:803,0
DA:805,0
DA:807,0
DA:808,0
DA:809,0
DA:810,0
DA:815,0
DA:817,0
DA:820,0
DA:830,0
DA:831,0
DA:832,0
DA:833,0
DA:842,0
DA:843,0
DA:847,0
DA:848,0
DA:850,0
DA:851,0
DA:854,0
DA:857,0
DA:858,0
DA:859,0
DA:860,0
DA:863,0
DA:864,0
DA:865,0
DA:866,0
DA:867,0
DA:869,0
DA:873,0
DA:875,0
DA:878,0
DA:879,0
DA:880,0
DA:881,0
DA:886,0
DA:887,0
DA:888,0
DA:889,0
DA:890,0
DA:892,0
DA:895,0
DA:905,0
DA:907,0
DA:909,0
DA:910,0
DA:912,0
DA:914,0
DA:915,0
DA:920,0
DA:924,0
DA:925,0
DA:932,0
DA:936,0
DA:940,0
DA:944,0
DA:948,0
DA:952,0
DA:953,0
DA:961,0
DA:975,0
DA:976,0
DA:979,0
DA:980,0
DA:982,0
DA:983,0
DA:986,0
DA:987,0
DA:988,0
DA:997,0
DA:998,0
DA:1002,0
DA:1005,0
DA:1006,0
DA:1007,0
DA:1008,0
DA:1009,0
DA:1012,0
DA:1013,0
DA:1015,0
DA:1018,0
DA:1019,0
DA:1022,0
DA:1025,0
DA:1026,0
DA:1029,0
DA:1030,0
DA:1031,0
DA:1034,0
DA:1036,0
DA:1038,0
DA:1046,0
DA:1047,0
DA:1051,0
DA:1052,0
DA:1056,0
DA:1057,0
DA:1060,0
DA:1061,0
DA:1064,0
DA:1073,0
DA:1076,0
DA:1077,0
DA:1081,0
DA:1082,0
DA:1084,0
DA:1085,0
DA:1087,0
DA:1089,0
DA:1090,0
DA:1092,0
DA:1095,0
DA:1096,0
DA:1100,0
DA:1102,0
DA:1103,0
DA:1104,0
DA:1112,0
DA:1120,0
DA:1124,0
DA:1125,0
DA:1129,0
DA:1130,0
DA:1131,0
DA:1132,0
DA:1139,0
DA:1147,0
DA:1151,0
DA:1154,0
DA:1158,0
DA:1159,0
DA:1161,0
DA:1164,0
DA:1165,0
DA:1166,0
DA:1168,0
DA:1169,0
DA:1172,0
DA:1173,0
DA:1176,0
DA:1181,0
DA:1182,0
DA:1184,0
DA:1185,0
DA:1187,0
DA:1196,0
DA:1197,0
DA:1202,0
DA:1208,0
DA:1209,0
DA:1213,0
DA:1216,0
DA:1224,0
DA:1226,0
DA:1227,0
DA:1228,0
DA:1229,0
DA:1233,0
DA:1234,0
DA:1235,0
DA:1236,0
DA:1242,0
DA:1244,0
DA:1245,0
DA:1249,0
DA:1250,0
DA:1257,0
DA:1258,0
DA:1262,0
DA:1265,0
DA:1266,0
DA:1267,0
DA:1268,0
DA:1273,0
DA:1274,0
DA:1275,0
DA:1276,0
DA:1277,0
DA:1278,0
DA:1283,0
DA:1284,0
DA:1288,0
DA:1289,0
DA:1292,0
DA:1306,0
DA:1307,0
DA:1322,0
DA:1323,0
DA:1339,0
DA:1340,0
DA:1342,0
DA:1343,0
DA:1345,0
DA:1347,0
DA:1348,0
DA:1349,0
DA:1356,0
DA:1357,0
DA:1358,0
DA:1364,0
DA:1368,0
DA:1369,0
DA:1370,0
DA:1377,0
DA:1378,0
DA:1382,0
DA:1383,0
DA:1386,0
DA:1396,0
DA:1397,0
DA:1401,0
DA:1402,0
DA:1403,0
DA:1404,0
DA:1405,0
DA:1411,0
DA:1417,0
DA:1418,0
DA:1427,0
DA:1431,0
DA:1432,0
DA:1433,0
DA:1434,0
DA:1435,0
DA:1436,0
DA:1446,0
DA:1447,0
DA:1449,0
DA:1451,0
DA:1452,0
DA:1453,0
DA:1455,0
DA:1458,0
DA:1463,0
DA:1464,0
DA:1467,0
DA:1473,0
DA:1476,0
DA:1477,0
DA:1478,0
DA:1480,0
DA:1481,0
DA:1482,0
DA:1483,0
DA:1485,0
DA:1486,0
DA:1488,0
DA:1490,0
DA:1491,0
DA:1494,0
DA:1495,0
DA:1496,0
DA:1497,0
DA:1507,0
DA:1510,0
DA:1513,0
DA:1514,0
DA:1517,0
DA:1519,0
DA:1524,0
DA:1525,0
DA:1530,0
DA:1538,0
DA:1539,0
DA:1542,0
DA:1543,0
DA:1548,0
DA:1551,0
DA:1555,0
DA:1556,0
DA:1557,0
DA:1559,0
DA:1560,0
DA:1562,0
DA:1573,0
DA:1574,0
DA:1576,0
DA:1577,0
DA:1578,0
DA:1580,0
DA:1584,0
DA:1585,0
DA:1586,0
DA:1592,0
DA:1601,0
DA:1602,0
DA:1604,0
DA:1605,0
DA:1606,0
DA:1607,0
DA:1610,0
DA:1621,0
DA:1622,0
DA:1623,0
DA:1626,0
DA:1631,0
DA:1632,0
DA:1633,0
DA:1634,0
DA:1635,0
DA:1636,0
DA:1637,0
DA:1639,0
DA:1640,0
DA:1641,0
DA:1642,0
DA:1644,0
DA:1648,0
DA:1654,0
DA:1655,0
DA:1657,0
DA:1658,0
DA:1659,0
DA:1662,0
DA:1663,0
DA:1671,0
DA:1672,0
DA:1673,0
DA:1677,0
DA:1678,0
DA:1687,0
DA:1688,0
DA:1689,0
DA:1690,0
DA:1692,0
DA:1693,0
DA:1697,0
DA:1698,0
DA:1701,0
DA:1702,0
DA:1703,0
DA:1712,0
DA:1713,0
DA:1721,0
DA:1722,0
DA:1727,0
DA:1728,0
DA:1731,0
DA:1740,0
DA:1741,0
DA:1742,0
DA:1745,0
DA:1747,0
DA:1749,0
DA:1751,0
DA:1752,0
DA:1754,0
DA:1755,0
DA:1757,0
DA:1758,0
DA:1768,0
DA:1771,0
DA:1772,0
DA:1776,0
DA:1777,0
DA:1779,0
DA:1781,0
DA:1782,0
DA:1783,0
DA:1786,0
DA:1788,0
DA:1789,0
DA:1791,0
DA:1793,0
DA:1796,0
DA:1798,0
DA:1805,0
DA:1807,0
DA:1810,0
DA:1816,0
DA:1823,0
DA:1825,0
DA:1833,0
DA:1834,0
DA:1841,0
DA:1843,0
DA:1847,0
DA:1848,0
DA:1850,0
DA:1855,0
DA:1858,0
DA:1869,0
DA:1870,0
DA:1885,0
DA:1886,0
DA:1887,0
DA:1888,0
DA:1890,0
DA:1891,0
DA:1893,0
DA:1894,0
DA:1896,0
DA:1897,0
DA:1899,0
DA:1900,0
DA:1902,0
DA:1903,0
DA:1905,0
DA:1906,0
DA:1908,0
DA:1912,0
DA:1933,0
DA:1935,0
DA:1937,0
DA:1939,0
DA:1944,0
DA:1945,0
DA:1951,0
DA:1954,0
DA:1955,0
DA:1956,0
DA:1957,0
DA:1961,0
DA:1962,0
DA:1970,0
DA:1972,0
DA:1983,0
DA:1993,0
DA:1994,0
DA:1997,0
DA:1998,0
DA:2008,0
DA:2020,0
DA:2021,0
DA:2024,0
DA:2027,0
DA:2042,0
DA:2098,0
DA:2099,0
DA:2102,0
DA:2105,0
DA:2119,0
DA:2175,0
DA:2183,0
DA:2184,0
DA:2185,0
DA:2191,0
DA:2193,0
DA:2194,0
DA:2196,0
DA:2205,0
DA:2206,0
DA:2207,0
DA:2209,0
DA:2212,0
DA:2217,0
DA:2218,0
DA:2221,0
DA:2227,0
DA:2230,0
DA:2231,0
DA:2232,0
DA:2234,0
DA:2235,0
DA:2236,0
DA:2237,0
DA:2239,0
DA:2240,0
DA:2242,0
DA:2244,0
DA:2245,0
DA:2247,0
DA:2249,0
DA:2250,0
DA:2253,0
DA:2254,0
DA:2255,0
DA:2256,0
DA:2266,0
DA:2269,0
DA:2272,0
DA:2273,0
DA:2276,0
DA:2278,0
DA:2283,0
DA:2284,0
DA:2302,0
DA:2303,0
DA:2304,0
DA:2314,0
DA:2319,0
DA:2320,0
DA:2321,0
DA:2322,0
DA:2324,0
DA:2326,0
DA:2332,0
DA:2333,0
DA:2334,0
DA:2335,0
DA:2336,0
DA:2338,0
DA:2340,0
DA:2341,0
DA:2343,0
DA:2348,0
DA:2349,0
DA:2350,0
DA:2351,0
DA:2353,0
DA:2354,0
DA:2355,0
DA:2359,0
DA:2365,0
DA:2367,0
DA:2374,0
DA:2381,0
DA:2382,0
DA:2383,0
DA:2384,0
DA:2386,0
DA:2387,0
DA:2391,0
DA:2392,0
DA:2394,0
DA:2396,0
DA:2397,0
DA:2406,0
DA:2407,0
DA:2411,0
DA:2422,0
DA:2423,0
DA:2427,0
DA:2430,0
DA:2431,0
DA:2435,0
DA:2436,0
DA:2437,0
DA:2438,0
DA:2439,0
DA:2440,0
DA:2441,0
DA:2445,0
DA:2446,0
DA:2448,0
DA:2449,0
DA:2454,0
DA:2456,0
DA:2459,0
DA:2461,0
DA:2464,0
DA:2465,0
DA:2479,0
DA:2480,0
DA:2484,0
DA:2487,0
DA:2488,0
DA:2492,0
DA:2493,0
DA:2494,0
DA:2495,0
DA:2497,0
DA:2501,0
DA:2502,0
DA:2504,0
DA:2505,0
DA:2510,0
DA:2512,0
DA:2515,0
DA:2517,0
DA:2520,0
DA:2521,0
DA:2528,0
DA:2556,0
DA:2566,0
LF:755
LH:0
BRDA:29,0,0,0
BRDA:29,0,1,0
BRDA:29,1,0,0
BRDA:29,1,1,0
BRDA:70,2,0,0
BRDA:70,2,1,0
BRDA:82,3,0,0
BRDA:82,3,1,0
BRDA:82,4,0,0
BRDA:82,4,1,0
BRDA:89,5,0,0
BRDA:89,5,1,0
BRDA:94,6,0,0
BRDA:94,6,1,0
BRDA:94,7,0,0
BRDA:94,7,1,0
BRDA:102,8,0,0
BRDA:102,8,1,0
BRDA:116,9,0,0
BRDA:116,9,1,0
BRDA:116,10,0,0
BRDA:116,10,1,0
BRDA:128,11,0,0
BRDA:128,11,1,0
BRDA:130,12,0,0
BRDA:130,12,1,0
BRDA:143,13,0,0
BRDA:143,13,1,0
BRDA:158,14,0,0
BRDA:158,14,1,0
BRDA:243,15,0,0
BRDA:243,15,1,0
BRDA:248,16,0,0
BRDA:248,16,1,0
BRDA:253,17,0,0
BRDA:253,17,1,0
BRDA:258,18,0,0
BRDA:258,18,1,0
BRDA:258,19,0,0
BRDA:258,19,1,0
BRDA:258,19,2,0
BRDA:285,20,0,0
BRDA:285,20,1,0
BRDA:285,21,0,0
BRDA:285,21,1,0
BRDA:287,22,0,0
BRDA:287,22,1,0
BRDA:296,23,0,0
BRDA:296,23,1,0
BRDA:296,24,0,0
BRDA:296,24,1,0
BRDA:298,25,0,0
BRDA:298,25,1,0
BRDA:298,26,0,0
BRDA:298,26,1,0
BRDA:300,27,0,0
BRDA:300,27,1,0
BRDA:300,28,0,0
BRDA:300,28,1,0
BRDA:301,29,0,0
BRDA:301,29,1,0
BRDA:321,30,0,0
BRDA:321,30,1,0
BRDA:321,31,0,0
BRDA:321,31,1,0
BRDA:326,32,0,0
BRDA:326,32,1,0
BRDA:329,33,0,0
BRDA:329,33,1,0
BRDA:337,34,0,0
BRDA:337,34,1,0
BRDA:339,35,0,0
BRDA:339,35,1,0
BRDA:339,36,0,0
BRDA:339,36,1,0
BRDA:350,37,0,0
BRDA:350,37,1,0
BRDA:352,38,0,0
BRDA:352,38,1,0
BRDA:352,39,0,0
BRDA:352,39,1,0
BRDA:354,40,0,0
BRDA:354,40,1,0
BRDA:361,41,0,0
BRDA:361,41,1,0
BRDA:373,42,0,0
BRDA:373,42,1,0
BRDA:373,43,0,0
BRDA:373,43,1,0
BRDA:382,44,0,0
BRDA:382,44,1,0
BRDA:406,45,0,0
BRDA:406,45,1,0
BRDA:407,46,0,0
BRDA:407,46,1,0
BRDA:408,47,0,0
BRDA:408,47,1,0
BRDA:409,48,0,0
BRDA:409,48,1,0
BRDA:424,49,0,0
BRDA:424,49,1,0
BRDA:424,50,0,0
BRDA:424,50,1,0
BRDA:429,51,0,0
BRDA:429,51,1,0
BRDA:429,52,0,0
BRDA:429,52,1,0
BRDA:431,53,0,0
BRDA:431,53,1,0
BRDA:454,54,0,0
BRDA:454,54,1,0
BRDA:455,55,0,0
BRDA:455,55,1,0
BRDA:456,56,0,0
BRDA:456,56,1,0
BRDA:457,57,0,0
BRDA:457,57,1,0
BRDA:473,58,0,0
BRDA:473,58,1,0
BRDA:473,59,0,0
BRDA:473,59,1,0
BRDA:473,59,2,0
BRDA:488,60,0,0
BRDA:488,60,1,0
BRDA:489,61,0,0
BRDA:489,61,1,0
BRDA:490,62,0,0
BRDA:490,62,1,0
BRDA:490,63,0,0
BRDA:490,63,1,0
BRDA:496,64,0,0
BRDA:496,64,1,0
BRDA:512,65,0,0
BRDA:512,65,1,0
BRDA:513,66,0,0
BRDA:513,66,1,0
BRDA:514,67,0,0
BRDA:514,67,1,0
BRDA:514,68,0,0
BRDA:514,68,1,0
BRDA:525,69,0,0
BRDA:525,69,1,0
BRDA:525,70,0,0
BRDA:525,70,1,0
BRDA:530,71,0,0
BRDA:530,71,1,0
BRDA:532,72,0,0
BRDA:532,72,1,0
BRDA:532,72,2,0
BRDA:536,73,0,0
BRDA:536,73,1,0
BRDA:542,74,0,0
BRDA:542,74,1,0
BRDA:542,75,0,0
BRDA:542,75,1,0
BRDA:554,76,0,0
BRDA:554,76,1,0
BRDA:564,77,0,0
BRDA:564,77,1,0
BRDA:564,78,0,0
BRDA:564,78,1,0
BRDA:577,79,0,0
BRDA:577,79,1,0
BRDA:592,80,0,0
BRDA:592,80,1,0
BRDA:615,81,0,0
BRDA:615,81,1,0
BRDA:632,82,0,0
BRDA:632,82,1,0
BRDA:632,83,0,0
BRDA:632,83,1,0
BRDA:632,83,2,0
BRDA:642,84,0,0
BRDA:642,84,1,0
BRDA:643,85,0,0
BRDA:643,85,1,0
BRDA:652,86,0,0
BRDA:652,86,1,0
BRDA:653,87,0,0
BRDA:653,87,1,0
BRDA:654,88,0,0
BRDA:654,88,1,0
BRDA:656,89,0,0
BRDA:656,89,1,0
BRDA:659,90,0,0
BRDA:659,90,1,0
BRDA:665,91,0,0
BRDA:665,91,1,0
BRDA:666,92,0,0
BRDA:666,92,1,0
BRDA:673,93,0,0
BRDA:673,93,1,0
BRDA:674,94,0,0
BRDA:674,94,1,0
BRDA:677,95,0,0
BRDA:677,95,1,0
BRDA:686,96,0,0
BRDA:686,96,1,0
BRDA:700,97,0,0
BRDA:700,97,1,0
BRDA:701,98,0,0
BRDA:701,98,1,0
BRDA:717,99,0,0
BRDA:717,99,1,0
BRDA:722,100,0,0
BRDA:722,100,1,0
BRDA:722,101,0,0
BRDA:722,101,1,0
BRDA:728,102,0,0
BRDA:728,102,1,0
BRDA:728,103,0,0
BRDA:728,103,1,0
BRDA:730,104,0,0
BRDA:730,104,1,0
BRDA:730,104,2,0
BRDA:733,105,0,0
BRDA:733,105,1,0
BRDA:735,106,0,0
BRDA:735,106,1,0
BRDA:735,107,0,0
BRDA:735,107,1,0
BRDA:735,107,2,0
BRDA:736,108,0,0
BRDA:736,108,1,0
BRDA:736,108,2,0
BRDA:737,109,0,0
BRDA:737,109,1,0
BRDA:750,110,0,0
BRDA:750,110,1,0
BRDA:750,111,0,0
BRDA:750,111,1,0
BRDA:750,111,2,0
BRDA:752,112,0,0
BRDA:752,112,1,0
BRDA:753,113,0,0
BRDA:753,113,1,0
BRDA:754,114,0,0
BRDA:754,114,1,0
BRDA:760,115,0,0
BRDA:760,115,1,0
BRDA:766,116,0,0
BRDA:766,116,1,0
BRDA:775,117,0,0
BRDA:775,117,1,0
BRDA:777,118,0,0
BRDA:777,118,1,0
BRDA:777,119,0,0
BRDA:777,119,1,0
BRDA:777,120,0,0
BRDA:777,120,1,0
BRDA:790,121,0,0
BRDA:790,121,1,0
BRDA:790,122,0,0
BRDA:790,122,1,0
BRDA:796,123,0,0
BRDA:796,123,1,0
BRDA:796,124,0,0
BRDA:796,124,1,0
BRDA:799,125,0,0
BRDA:799,125,1,0
BRDA:803,126,0,0
BRDA:803,126,1,0
BRDA:807,127,0,0
BRDA:807,127,1,0
BRDA:809,128,0,0
BRDA:809,128,1,0
BRDA:830,129,0,0
BRDA:830,129,1,0
BRDA:836,130,0,0
BRDA:836,130,1,0
BRDA:837,131,0,0
BRDA:837,131,1,0
BRDA:838,132,0,0
BRDA:838,132,1,0
BRDA:847,133,0,0
BRDA:847,133,1,0
BRDA:847,134,0,0
BRDA:847,134,1,0
BRDA:857,135,0,0
BRDA:857,135,1,0
BRDA:864,136,0,0
BRDA:864,136,1,0
BRDA:873,137,0,0
BRDA:873,137,1,0
BRDA:880,138,0,0
BRDA:880,138,1,0
BRDA:886,139,0,0
BRDA:886,139,1,0
BRDA:888,140,0,0
BRDA:888,140,1,0
BRDA:890,141,0,0
BRDA:890,141,1,0
BRDA:905,142,0,0
BRDA:905,142,1,0
BRDA:905,143,0,0
BRDA:905,143,1,0
BRDA:910,144,0,0
BRDA:910,144,1,0
BRDA:912,145,0,0
BRDA:912,145,1,0
BRDA:912,145,2,0
BRDA:912,145,3,0
BRDA:912,145,4,0
BRDA:914,146,0,0
BRDA:914,146,1,0
BRDA:924,147,0,0
BRDA:924,147,1,0
BRDA:924,148,0,0
BRDA:924,148,1,0
BRDA:946,149,0,0
BRDA:946,149,1,0
BRDA:952,150,0,0
BRDA:952,150,1,0
BRDA:975,151,0,0
BRDA:975,151,1,0
BRDA:983,152,0,0
BRDA:983,152,1,0
BRDA:986,153,0,0
BRDA:986,153,1,0
BRDA:987,154,0,0
BRDA:987,154,1,0
BRDA:1005,155,0,0
BRDA:1005,155,1,0
BRDA:1005,156,0,0
BRDA:1005,156,1,0
BRDA:1005,156,2,0
BRDA:1005,156,3,0
BRDA:1005,156,4,0
BRDA:1005,156,5,0
BRDA:1005,156,6,0
BRDA:1012,157,0,0
BRDA:1012,157,1,0
BRDA:1015,158,0,0
BRDA:1015,158,1,0
BRDA:1019,159,0,0
BRDA:1019,159,1,0
BRDA:1022,160,0,0
BRDA:1022,160,1,0
BRDA:1025,161,0,0
BRDA:1025,161,1,0
BRDA:1029,162,0,0
BRDA:1029,162,1,0
BRDA:1029,163,0,0
BRDA:1029,163,1,0
BRDA:1029,163,2,0
BRDA:1036,164,0,0
BRDA:1036,164,1,0
BRDA:1039,165,0,0
BRDA:1039,165,1,0
BRDA:1040,166,0,0
BRDA:1040,166,1,0
BRDA:1046,167,0,0
BRDA:1046,167,1,0
BRDA:1051,168,0,0
BRDA:1051,168,1,0
BRDA:1057,169,0,0
BRDA:1057,169,1,0
BRDA:1060,170,0,0
BRDA:1060,170,1,0
BRDA:1073,171,0,0
BRDA:1073,171,1,0
BRDA:1076,172,0,0
BRDA:1076,172,1,0
BRDA:1081,173,0,0
BRDA:1081,173,1,0
BRDA:1085,174,0,0
BRDA:1085,174,1,0
BRDA:1087,175,0,0
BRDA:1087,175,1,0
BRDA:1087,175,2,0
BRDA:1089,176,0,0
BRDA:1089,176,1,0
BRDA:1095,177,0,0
BRDA:1095,177,1,0
BRDA:1096,178,0,0
BRDA:1096,178,1,0
BRDA:1100,179,0,0
BRDA:1100,179,1,0
BRDA:1103,180,0,0
BRDA:1103,180,1,0
BRDA:1124,181,0,0
BRDA:1124,181,1,0
BRDA:1125,182,0,0
BRDA:1125,182,1,0
BRDA:1129,183,0,0
BRDA:1129,183,1,0
BRDA:1131,184,0,0
BRDA:1131,184,1,0
BRDA:1158,185,0,0
BRDA:1158,185,1,0
BRDA:1164,186,0,0
BRDA:1164,186,1,0
BRDA:1164,187,0,0
BRDA:1164,187,1,0
BRDA:1166,188,0,0
BRDA:1166,188,1,0
BRDA:1166,189,0,0
BRDA:1166,189,1,0
BRDA:1166,189,2,0
BRDA:1173,190,0,0
BRDA:1173,190,1,0
BRDA:1181,191,0,0
BRDA:1181,191,1,0
BRDA:1181,192,0,0
BRDA:1181,192,1,0
BRDA:1184,193,0,0
BRDA:1184,193,1,0
BRDA:1184,194,0,0
BRDA:1184,194,1,0
BRDA:1196,195,0,0
BRDA:1196,195,1,0
BRDA:1196,196,0,0
BRDA:1196,196,1,0
BRDA:1202,197,0,0
BRDA:1202,197,1,0
BRDA:1202,197,2,0
BRDA:1202,197,3,0
BRDA:1202,197,4,0
BRDA:1208,198,0,0
BRDA:1208,198,1,0
BRDA:1216,199,0,0
BRDA:1216,199,1,0
BRDA:1224,200,0,0
BRDA:1224,200,1,0
BRDA:1224,201,0,0
BRDA:1224,201,1,0
BRDA:1227,202,0,0
BRDA:1227,202,1,0
BRDA:1233,203,0,0
BRDA:1233,203,1,0
BRDA:1235,204,0,0
BRDA:1235,204,1,0
BRDA:1242,205,0,0
BRDA:1242,205,1,0
BRDA:1242,206,0,0
BRDA:1242,206,1,0
BRDA:1242,206,2,0
BRDA:1249,207,0,0
BRDA:1249,207,1,0
BRDA:1251,208,0,0
BRDA:1251,208,1,0
BRDA:1251,208,2,0
BRDA:1257,209,0,0
BRDA:1257,209,1,0
BRDA:1266,210,0,0
BRDA:1266,210,1,0
BRDA:1273,211,0,0
BRDA:1273,211,1,0
BRDA:1273,212,0,0
BRDA:1273,212,1,0
BRDA:1275,213,0,0
BRDA:1275,213,1,0
BRDA:1275,213,2,0
BRDA:1276,214,0,0
BRDA:1276,214,1,0
BRDA:1277,215,0,0
BRDA:1277,215,1,0
BRDA:1283,216,0,0
BRDA:1283,216,1,0
BRDA:1283,217,0,0
BRDA:1283,217,1,0
BRDA:1288,218,0,0
BRDA:1288,218,1,0
BRDA:1308,219,0,0
BRDA:1308,219,1,0
BRDA:1348,220,0,0
BRDA:1348,220,1,0
BRDA:1357,221,0,0
BRDA:1357,221,1,0
BRDA:1369,222,0,0
BRDA:1369,222,1,0
BRDA:1377,223,0,0
BRDA:1377,223,1,0
BRDA:1382,224,0,0
BRDA:1382,224,1,0
BRDA:1382,225,0,0
BRDA:1382,225,1,0
BRDA:1396,226,0,0
BRDA:1396,226,1,0
BRDA:1401,227,0,0
BRDA:1401,227,1,0
BRDA:1403,228,0,0
BRDA:1403,228,1,0
BRDA:1404,229,0,0
BRDA:1404,229,1,0
BRDA:1404,230,0,0
BRDA:1404,230,1,0
BRDA:1407,231,0,0
BRDA:1407,231,1,0
BRDA:1409,232,0,0
BRDA:1409,232,1,0
BRDA:1417,233,0,0
BRDA:1417,233,1,0
BRDA:1435,234,0,0
BRDA:1435,234,1,0
BRDA:1435,235,0,0
BRDA:1435,235,1,0
BRDA:1446,236,0,0
BRDA:1446,236,1,0
BRDA:1452,237,0,0
BRDA:1452,237,1,0
BRDA:1455,238,0,0
BRDA:1455,238,1,0
BRDA:1464,239,0,0
BRDA:1464,239,1,0
BRDA:1464,240,0,0
BRDA:1464,240,1,0
BRDA:1476,241,0,0
BRDA:1476,241,1,0
BRDA:1477,242,0,0
BRDA:1477,242,1,0
BRDA:1480,243,0,0
BRDA:1480,243,1,0
BRDA:1482,244,0,0
BRDA:1482,244,1,0
BRDA:1483,245,0,0
BRDA:1483,245,1,0
BRDA:1483,245,2,0
BRDA:1485,246,0,0
BRDA:1485,246,1,0
BRDA:1490,247,0,0
BRDA:1490,247,1,0
BRDA:1491,248,0,0
BRDA:1491,248,1,0
BRDA:1494,249,0,0
BRDA:1494,249,1,0
BRDA:1496,250,0,0
BRDA:1496,250,1,0
BRDA:1513,251,0,0
BRDA:1513,251,1,0
BRDA:1514,252,0,0
BRDA:1514,252,1,0
BRDA:1524,253,0,0
BRDA:1524,253,1,0
BRDA:1538,254,0,0
BRDA:1538,254,1,0
BRDA:1542,255,0,0
BRDA:1542,255,1,0
BRDA:1545,256,0,0
BRDA:1545,256,1,0
BRDA:1546,257,0,0
BRDA:1546,257,1,0
BRDA:1555,258,0,0
BRDA:1555,258,1,0
BRDA:1559,259,0,0
BRDA:1559,259,1,0
BRDA:1559,260,0,0
BRDA:1559,260,1,0
BRDA:1577,261,0,0
BRDA:1577,261,1,0
BRDA:1585,262,0,0
BRDA:1585,262,1,0
BRDA:1601,263,0,0
BRDA:1601,263,1,0
BRDA:1604,264,0,0
BRDA:1604,264,1,0
BRDA:1606,265,0,0
BRDA:1606,265,1,0
BRDA:1621,266,0,0
BRDA:1621,266,1,0
BRDA:1621,267,0,0
BRDA:1621,267,1,0
BRDA:1631,268,0,0
BRDA:1631,268,1,0
BRDA:1633,269,0,0
BRDA:1633,269,1,0
BRDA:1635,270,0,0
BRDA:1635,270,1,0
BRDA:1637,271,0,0
BRDA:1637,271,1,0
BRDA:1640,272,0,0
BRDA:1640,272,1,0
BRDA:1641,273,0,0
BRDA:1641,273,1,0
BRDA:1654,274,0,0
BRDA:1654,274,1,0
BRDA:1657,275,0,0
BRDA:1657,275,1,0
BRDA:1657,276,0,0
BRDA:1657,276,1,0
BRDA:1657,276,2,0
BRDA:1657,276,3,0
BRDA:1662,277,0,0
BRDA:1662,277,1,0
BRDA:1672,278,0,0
BRDA:1672,278,1,0
BRDA:1677,279,0,0
BRDA:1677,279,1,0
BRDA:1692,280,0,0
BRDA:1692,280,1,0
BRDA:1697,281,0,0
BRDA:1697,281,1,0
BRDA:1701,282,0,0
BRDA:1701,282,1,0
BRDA:1701,283,0,0
BRDA:1701,283,1,0
BRDA:1701,283,2,0
BRDA:1715,284,0,0
BRDA:1715,284,1,0
BRDA:1716,285,0,0
BRDA:1716,285,1,0
BRDA:1716,286,0,0
BRDA:1716,286,1,0
BRDA:1721,287,0,0
BRDA:1721,287,1,0
BRDA:1727,288,0,0
BRDA:1727,288,1,0
BRDA:1740,289,0,0
BRDA:1740,289,1,0
BRDA:1740,290,0,0
BRDA:1740,290,1,0
BRDA:1740,290,2,0
BRDA:1745,291,0,0
BRDA:1745,291,1,0
BRDA:1745,291,2,0
BRDA:1745,291,3,0
BRDA:1751,292,0,0
BRDA:1751,292,1,0
BRDA:1751,293,0,0
BRDA:1751,293,1,0
BRDA:1768,294,0,0
BRDA:1768,294,1,0
BRDA:1771,295,0,0
BRDA:1771,295,1,0
BRDA:1776,296,0,0
BRDA:1776,296,1,0
BRDA:1781,297,0,0
BRDA:1781,297,1,0
BRDA:1781,298,0,0
BRDA:1781,298,1,0
BRDA:1781,298,2,0
BRDA:1786,299,0,0
BRDA:1786,299,1,0
BRDA:1786,299,2,0
BRDA:1786,299,3,0
BRDA:1786,299,4,0
BRDA:1788,300,0,0
BRDA:1788,300,1,0
BRDA:1796,301,0,0
BRDA:1796,301,1,0
BRDA:1796,302,0,0
BRDA:1796,302,1,0
BRDA:1796,302,2,0
BRDA:1796,302,3,0
BRDA:1796,302,4,0
BRDA:1810,303,0,0
BRDA:1810,303,1,0
BRDA:1810,304,0,0
BRDA:1810,304,1,0
BRDA:1810,304,2,0
BRDA:1833,305,0,0
BRDA:1833,305,1,0
BRDA:1847,306,0,0
BRDA:1847,306,1,0
BRDA:1869,307,0,0
BRDA:1869,307,1,0
BRDA:1869,308,0,0
BRDA:1869,308,1,0
BRDA:1869,308,2,0
BRDA:1879,309,0,0
BRDA:1879,309,1,0
BRDA:1880,310,0,0
BRDA:1880,310,1,0
BRDA:1890,311,0,0
BRDA:1890,311,1,0
BRDA:1891,312,0,0
BRDA:1891,312,1,0
BRDA:1891,312,2,0
BRDA:1891,312,3,0
BRDA:1891,312,4,0
BRDA:1891,312,5,0
BRDA:1921,313,0,0
BRDA:1921,313,1,0
BRDA:1922,314,0,0
BRDA:1922,314,1,0
BRDA:1933,315,0,0
BRDA:1933,315,1,0
BRDA:1933,316,0,0
BRDA:1933,316,1,0
BRDA:1933,316,2,0
BRDA:1939,317,0,0
BRDA:1939,317,1,0
BRDA:1939,318,0,0
BRDA:1939,318,1,0
BRDA:1944,319,0,0
BRDA:1944,319,1,0
BRDA:1954,320,0,0
BRDA:1954,320,1,0
BRDA:1954,321,0,0
BRDA:1954,321,1,0
BRDA:1956,322,0,0
BRDA:1956,322,1,0
BRDA:1961,323,0,0
BRDA:1961,323,1,0
BRDA:1970,324,0,0
BRDA:1970,324,1,0
BRDA:1976,325,0,0
BRDA:1976,325,1,0
BRDA:1993,326,0,0
BRDA:1993,326,1,0
BRDA:1997,327,0,0
BRDA:1997,327,1,0
BRDA:2021,328,0,0
BRDA:2021,328,1,0
BRDA:2051,329,0,0
BRDA:2051,329,1,0
BRDA:2076,330,0,0
BRDA:2076,330,1,0
BRDA:2078,331,0,0
BRDA:2078,331,1,0
BRDA:2080,332,0,0
BRDA:2080,332,1,0
BRDA:2084,333,0,0
BRDA:2084,333,1,0
BRDA:2084,334,0,0
BRDA:2084,334,1,0
BRDA:2099,335,0,0
BRDA:2099,335,1,0
BRDA:2153,336,0,0
BRDA:2153,336,1,0
BRDA:2155,337,0,0
BRDA:2155,337,1,0
BRDA:2157,338,0,0
BRDA:2157,338,1,0
BRDA:2161,339,0,0
BRDA:2161,339,1,0
BRDA:2183,340,0,0
BRDA:2183,340,1,0
BRDA:2186,341,0,0
BRDA:2186,341,1,0
BRDA:2193,342,0,0
BRDA:2193,342,1,0
BRDA:2194,343,0,0
BRDA:2194,343,1,0
BRDA:2206,344,0,0
BRDA:2206,344,1,0
BRDA:2209,345,0,0
BRDA:2209,345,1,0
BRDA:2218,346,0,0
BRDA:2218,346,1,0
BRDA:2218,347,0,0
BRDA:2218,347,1,0
BRDA:2230,348,0,0
BRDA:2230,348,1,0
BRDA:2231,349,0,0
BRDA:2231,349,1,0
BRDA:2234,350,0,0
BRDA:2234,350,1,0
BRDA:2236,351,0,0
BRDA:2236,351,1,0
BRDA:2237,352,0,0
BRDA:2237,352,1,0
BRDA:2237,352,2,0
BRDA:2237,352,3,0
BRDA:2239,353,0,0
BRDA:2239,353,1,0
BRDA:2244,354,0,0
BRDA:2244,354,1,0
BRDA:2249,355,0,0
BRDA:2249,355,1,0
BRDA:2250,356,0,0
BRDA:2250,356,1,0
BRDA:2253,357,0,0
BRDA:2253,357,1,0
BRDA:2255,358,0,0
BRDA:2255,358,1,0
BRDA:2272,359,0,0
BRDA:2272,359,1,0
BRDA:2273,360,0,0
BRDA:2273,360,1,0
BRDA:2283,361,0,0
BRDA:2283,361,1,0
BRDA:2303,362,0,0
BRDA:2303,362,1,0
BRDA:2319,363,0,0
BRDA:2319,363,1,0
BRDA:2321,364,0,0
BRDA:2321,364,1,0
BRDA:2332,365,0,0
BRDA:2332,365,1,0
BRDA:2334,366,0,0
BRDA:2334,366,1,0
BRDA:2336,367,0,0
BRDA:2336,367,1,0
BRDA:2338,368,0,0
BRDA:2338,368,1,0
BRDA:2341,369,0,0
BRDA:2341,369,1,0
BRDA:2341,369,2,0
BRDA:2341,369,3,0
BRDA:2341,369,4,0
BRDA:2341,369,5,0
BRDA:2341,369,6,0
BRDA:2341,369,7,0
BRDA:2343,370,0,0
BRDA:2343,370,1,0
BRDA:2348,371,0,0
BRDA:2348,371,1,0
BRDA:2349,372,0,0
BRDA:2349,372,1,0
BRDA:2351,373,0,0
BRDA:2351,373,1,0
BRDA:2354,374,0,0
BRDA:2354,374,1,0
BRDA:2359,375,0,0
BRDA:2359,375,1,0
BRDA:2365,376,0,0
BRDA:2365,376,1,0
BRDA:2386,377,0,0
BRDA:2386,377,1,0
BRDA:2391,378,0,0
BRDA:2391,378,1,0
BRDA:2391,379,0,0
BRDA:2391,379,1,0
BRDA:2394,380,0,0
BRDA:2394,380,1,0
BRDA:2394,380,2,0
BRDA:2396,381,0,0
BRDA:2396,381,1,0
BRDA:2398,382,0,0
BRDA:2398,382,1,0
BRDA:2398,382,2,0
BRDA:2399,383,0,0
BRDA:2399,383,1,0
BRDA:2399,383,2,0
BRDA:2400,384,0,0
BRDA:2400,384,1,0
BRDA:2400,384,2,0
BRDA:2406,385,0,0
BRDA:2406,385,1,0
BRDA:2421,386,0,0
BRDA:2422,387,0,0
BRDA:2422,387,1,0
BRDA:2427,388,0,0
BRDA:2427,388,1,0
BRDA:2430,389,0,0
BRDA:2430,389,1,0
BRDA:2436,390,0,0
BRDA:2436,390,1,0
BRDA:2438,391,0,0
BRDA:2438,391,1,0
BRDA:2438,392,0,0
BRDA:2438,392,1,0
BRDA:2438,392,2,0
BRDA:2440,393,0,0
BRDA:2440,393,1,0
BRDA:2440,394,0,0
BRDA:2440,394,1,0
BRDA:2446,395,0,0
BRDA:2446,395,1,0
BRDA:2446,396,0,0
BRDA:2446,396,1,0
BRDA:2454,397,0,0
BRDA:2454,397,1,0
BRDA:2478,398,0,0
BRDA:2479,399,0,0
BRDA:2479,399,1,0
BRDA:2484,400,0,0
BRDA:2484,400,1,0
BRDA:2487,401,0,0
BRDA:2487,401,1,0
BRDA:2493,402,0,0
BRDA:2493,402,1,0
BRDA:2495,403,0,0
BRDA:2495,403,1,0
BRDA:2495,404,0,0
BRDA:2495,404,1,0
BRDA:2497,405,0,0
BRDA:2497,405,1,0
BRDA:2497,405,2,0
BRDA:2502,406,0,0
BRDA:2502,406,1,0
BRDA:2502,407,0,0
BRDA:2502,407,1,0
BRDA:2510,408,0,0
BRDA:2510,408,1,0
BRF:876
BRH:0
end_of_record
TN:
SF:src\convert\convert.js
FN:42,convertData
FN:94,toOpenAIRequestFromGemini
FN:99,toOpenAIRequestFromClaude
FN:104,toOpenAIChatCompletionFromGemini
FN:109,toOpenAIChatCompletionFromClaude
FN:114,toOpenAIStreamChunkFromGemini
FN:119,toOpenAIStreamChunkFromClaude
FN:124,toOpenAIModelListFromGemini
FN:129,toOpenAIModelListFromClaude
FN:135,toClaudeRequestFromOpenAI
FN:140,toClaudeRequestFromOpenAIResponses
FN:145,toClaudeChatCompletionFromOpenAI
FN:150,toClaudeChatCompletionFromGemini
FN:155,toClaudeStreamChunkFromOpenAI
FN:160,toClaudeStreamChunkFromGemini
FN:165,toClaudeModelListFromOpenAI
FN:170,toClaudeModelListFromGemini
FN:176,toGeminiRequestFromOpenAI
FN:181,toGeminiRequestFromClaude
FN:186,toGeminiRequestFromOpenAIResponses
FN:192,toOpenAIResponsesFromOpenAI
FN:197,toOpenAIResponsesFromClaude
FN:202,toOpenAIResponsesFromGemini
FN:207,toOpenAIResponsesStreamChunkFromOpenAI
FN:212,toOpenAIResponsesStreamChunkFromClaude
FN:217,toOpenAIResponsesStreamChunkFromGemini
FN:223,toOpenAIRequestFromOpenAIResponses
FN:228,toOpenAIChatCompletionFromOpenAIResponses
FN:233,toOpenAIStreamChunkFromOpenAIResponses
FN:239,extractAndProcessSystemMessages
FN:244,extractTextFromMessageContent
FN:257,getRegisteredProtocols
FN:266,isProtocolRegistered
FN:273,clearConverterCache
FN:282,getConverter
FN:295,getOpenAIStreamChunkStop
FN:328,getOpenAIResponsesStreamChunkBegin
FN:342,getOpenAIResponsesStreamChunkEnd
FNF:38
FNH:0
FNDA:0,convertData
FNDA:0,toOpenAIRequestFromGemini
FNDA:0,toOpenAIRequestFromClaude
FNDA:0,toOpenAIChatCompletionFromGemini
FNDA:0,toOpenAIChatCompletionFromClaude
FNDA:0,toOpenAIStreamChunkFromGemini
FNDA:0,toOpenAIStreamChunkFromClaude
FNDA:0,toOpenAIModelListFromGemini
FNDA:0,toOpenAIModelListFromClaude
FNDA:0,toClaudeRequestFromOpenAI
FNDA:0,toClaudeRequestFromOpenAIResponses
FNDA:0,toClaudeChatCompletionFromOpenAI
FNDA:0,toClaudeChatCompletionFromGemini
FNDA:0,toClaudeStreamChunkFromOpenAI
FNDA:0,toClaudeStreamChunkFromGemini
FNDA:0,toClaudeModelListFromOpenAI
FNDA:0,toClaudeModelListFromGemini
FNDA:0,toGeminiRequestFromOpenAI
FNDA:0,toGeminiRequestFromClaude
FNDA:0,toGeminiRequestFromOpenAIResponses
FNDA:0,toOpenAIResponsesFromOpenAI
FNDA:0,toOpenAIResponsesFromClaude
FNDA:0,toOpenAIResponsesFromGemini
FNDA:0,toOpenAIResponsesStreamChunkFromOpenAI
FNDA:0,toOpenAIResponsesStreamChunkFromClaude
FNDA:0,toOpenAIResponsesStreamChunkFromGemini
FNDA:0,toOpenAIRequestFromOpenAIResponses
FNDA:0,toOpenAIChatCompletionFromOpenAIResponses
FNDA:0,toOpenAIStreamChunkFromOpenAIResponses
FNDA:0,extractAndProcessSystemMessages
FNDA:0,extractTextFromMessageContent
FNDA:0,getRegisteredProtocols
FNDA:0,isProtocolRegistered
FNDA:0,clearConverterCache
FNDA:0,getConverter
FNDA:0,getOpenAIStreamChunkStop
FNDA:0,getOpenAIResponsesStreamChunkBegin
FNDA:0,getOpenAIResponsesStreamChunkEnd
DA:43,0
DA:45,0
DA:46,0
DA:49,0
DA:50,0
DA:51,0
DA:55,0
DA:57,0
DA:58,0
DA:62,0
DA:64,0
DA:67,0
DA:70,0
DA:73,0
DA:76,0
DA:79,0
DA:80,0
DA:95,0
DA:96,0
DA:100,0
DA:101,0
DA:105,0
DA:106,0
DA:110,0
DA:111,0
DA:115,0
DA:116,0
DA:120,0
DA:121,0
DA:125,0
DA:126,0
DA:130,0
DA:131,0
DA:136,0
DA:137,0
DA:141,0
DA:142,0
DA:146,0
DA:147,0
DA:151,0
DA:152,0
DA:156,0
DA:157,0
DA:161,0
DA:162,0
DA:166,0
DA:167,0
DA:171,0
DA:172,0
DA:177,0
DA:178,0
DA:182,0
DA:183,0
DA:187,0
DA:188,0
DA:193,0
DA:194,0
DA:198,0
DA:199,0
DA:203,0
DA:204,0
DA:208,0
DA:209,0
DA:213,0
DA:214,0
DA:218,0
DA:219,0
DA:224,0
DA:225,0
DA:229,0
DA:230,0
DA:234,0
DA:235,0
DA:240,0
DA:241,0
DA:245,0
DA:246,0
DA:258,0
DA:267,0
DA:274,0
DA:283,0
DA:296,0
DA:329,0
DA:343,0
LF:84
LH:0
BRDA:49,0,0,0
BRDA:49,0,1,0
BRDA:49,1,0,0
BRDA:49,1,1,0
BRDA:57,2,0,0
BRDA:57,2,1,0
BRDA:62,3,0,0
BRDA:62,3,1,0
BRDA:62,3,2,0
BRDA:62,3,3,0
BRDA:62,3,4,0
BRF:11
BRH:0
end_of_record
TN:
SF:src\converters\BaseConverter.js
FN:11,(anonymous_0)
FN:24,(anonymous_1)
FN:35,(anonymous_2)
FN:46,(anonymous_3)
FN:56,(anonymous_4)
FN:64,(anonymous_5)
FN:79,(anonymous_6)
FN:94,(anonymous_7)
FN:103,(anonymous_8)
FN:112,(anonymous_9)
FNF:10
FNH:0
FNDA:0,(anonymous_0)
FNDA:0,(anonymous_1)
FNDA:0,(anonymous_2)
FNDA:0,(anonymous_3)
FNDA:0,(anonymous_4)
FNDA:0,(anonymous_5)
FNDA:0,(anonymous_6)
FNDA:0,(anonymous_7)
FNDA:0,(anonymous_8)
FNDA:0,(anonymous_9)
DA:12,0
DA:13,0
DA:15,0
DA:25,0
DA:36,0
DA:47,0
DA:57,0
DA:65,0
DA:80,0
DA:95,0
DA:104,0
DA:113,0
LF:12
LH:0
BRDA:12,0,0,0
BRDA:12,0,1,0
BRF:2
BRH:0
end_of_record
TN:
SF:src\converters\ConverterFactory.js
FN:24,(anonymous_0)
FN:33,(anonymous_1)
FN:55,(anonymous_2)
FN:68,(anonymous_3)
FN:76,(anonymous_4)
FN:84,(anonymous_5)
FN:93,(anonymous_6)
FN:110,(anonymous_7)
FN:126,(anonymous_8)
FN:136,(anonymous_9)
FN:153,(anonymous_10)
FN:169,(anonymous_11)
FN:177,(anonymous_12)
FNF:13
FNH:0
FNDA:0,(anonymous_0)
FNDA:0,(anonymous_1)
FNDA:0,(anonymous_2)
FNDA:0,(anonymous_3)
FNDA:0,(anonymous_4)
FNDA:0,(anonymous_5)
FNDA:0,(anonymous_6)
FNDA:0,(anonymous_7)
FNDA:0,(anonymous_8)
FNDA:0,(anonymous_9)
FNDA:0,(anonymous_10)
FNDA:0,(anonymous_11)
FNDA:0,(anonymous_12)
DA:14,0
DA:17,0
DA:25,0
DA:35,0
DA:36,0
DA:40,0
DA:43,0
DA:44,0
DA:47,0
DA:56,0
DA:58,0
DA:59,0
DA:62,0
DA:69,0
DA:77,0
DA:85,0
DA:94,0
DA:102,0
DA:111,0
DA:113,0
DA:114,0
DA:117,0
DA:129,0
DA:130,0
DA:137,0
DA:145,0
DA:154,0
DA:156,0
DA:157,0
DA:160,0
DA:170,0
DA:171,0
DA:178,0
LF:33
LH:0
BRDA:35,0,0,0
BRDA:35,0,1,0
BRDA:43,1,0,0
BRDA:43,1,1,0
BRDA:58,2,0,0
BRDA:58,2,1,0
BRDA:113,3,0,0
BRDA:113,3,1,0
BRDA:156,4,0,0
BRDA:156,4,1,0
BRF:10
BRH:0
end_of_record
TN:
SF:src\converters\register-converters.js
FN:19,registerAllConverters
FNF:1
FNH:0
FNDA:0,registerAllConverters
DA:20,0
DA:21,0
DA:22,0
DA:23,0
DA:24,0
DA:25,0
DA:29,0
LF:7
LH:0
BRF:0
BRH:0
end_of_record
TN:
SF:src\converters\utils.js
FN:62,checkAndAssignOrDefault
FN:74,generateId
FN:83,safeParseJSON
FN:109,extractTextFromMessageContent
FN:115,(anonymous_4)
FN:116,(anonymous_5)
FN:127,extractAndProcessSystemMessages
FN:161,cleanJsonSchemaProperties
FN:168,(anonymous_8)
FN:203,(anonymous_9)
FN:227,mapFinishReason
FN:264,determineReasoningEffortFromBudget
FN:293,extractThinkingFromOpenAIText
FN:347,(anonymous_13)
FN:356,(anonymous_14)
FN:360,(anonymous_15)
FN:364,(anonymous_16)
FNF:17
FNH:0
FNDA:0,checkAndAssignOrDefault
FNDA:0,generateId
FNDA:0,safeParseJSON
FNDA:0,extractTextFromMessageContent
FNDA:0,(anonymous_4)
FNDA:0,(anonymous_5)
FNDA:0,extractAndProcessSystemMessages
FNDA:0,cleanJsonSchemaProperties
FNDA:0,(anonymous_8)
FNDA:0,(anonymous_9)
FNDA:0,mapFinishReason
FNDA:0,determineReasoningEffortFromBudget
FNDA:0,extractThinkingFromOpenAIText
FNDA:0,(anonymous_13)
FNDA:0,(anonymous_14)
FNDA:0,(anonymous_15)
FNDA:0,(anonymous_16)
DA:14,0
DA:15,0
DA:16,0
DA:21,0
DA:22,0
DA:23,0
DA:24,0
DA:25,0
DA:30,0
DA:31,0
DA:32,0
DA:37,0
DA:38,0
DA:39,0
DA:40,0
DA:41,0
DA:46,0
DA:47,0
DA:48,0
DA:49,0
DA:50,0
DA:63,0
DA:64,0
DA:66,0
DA:75,0
DA:84,0
DA:85,0
DA:87,0
DA:90,0
DA:91,0
DA:92,0
DA:93,0
DA:94,0
DA:97,0
DA:98,0
DA:100,0
DA:110,0
DA:111,0
DA:113,0
DA:114,0
DA:115,0
DA:116,0
DA:119,0
DA:128,0
DA:129,0
DA:131,0
DA:132,0
DA:133,0
DA:135,0
DA:139,0
DA:140,0
DA:141,0
DA:147,0
DA:162,0
DA:163,0
DA:167,0
DA:168,0
DA:172,0
DA:182,0
DA:183,0
DA:184,0
DA:186,0
DA:187,0
DA:188,0
DA:189,0
DA:191,0
DA:192,0
DA:193,0
DA:194,0
DA:197,0
DA:199,0
DA:200,0
DA:203,0
DA:204,0
DA:205,0
DA:207,0
DA:208,0
DA:211,0
DA:217,0
DA:228,0
DA:252,0
DA:253,0
DA:255,0
DA:265,0
DA:266,0
DA:267,0
DA:270,0
DA:271,0
DA:273,0
DA:276,0
DA:277,0
DA:278,0
DA:279,0
DA:281,0
DA:284,0
DA:285,0
DA:294,0
DA:295,0
DA:297,0
DA:298,0
DA:300,0
DA:301,0
DA:302,0
DA:303,0
DA:309,0
DA:310,0
DA:311,0
DA:317,0
DA:320,0
DA:321,0
DA:322,0
DA:328,0
DA:329,0
DA:332,0
DA:333,0
DA:336,0
DA:348,0
DA:349,0
DA:351,0
DA:352,0
DA:353,0
DA:357,0
DA:361,0
DA:365,0
DA:369,0
LF:125
LH:0
BRDA:63,0,0,0
BRDA:63,0,1,0
BRDA:63,1,0,0
BRDA:63,1,1,0
BRDA:74,2,0,0
BRDA:75,3,0,0
BRDA:75,3,1,0
BRDA:84,4,0,0
BRDA:84,4,1,0
BRDA:90,5,0,0
BRDA:90,5,1,0
BRDA:90,6,0,0
BRDA:90,6,1,0
BRDA:92,7,0,0
BRDA:92,7,1,0
BRDA:92,8,0,0
BRDA:92,8,1,0
BRDA:92,8,2,0
BRDA:98,9,0,0
BRDA:98,9,1,0
BRDA:110,10,0,0
BRDA:110,10,1,0
BRDA:113,11,0,0
BRDA:113,11,1,0
BRDA:115,12,0,0
BRDA:115,12,1,0
BRDA:132,13,0,0
BRDA:132,13,1,0
BRDA:140,14,0,0
BRDA:140,14,1,0
BRDA:162,15,0,0
BRDA:162,15,1,0
BRDA:162,16,0,0
BRDA:162,16,1,0
BRDA:167,17,0,0
BRDA:167,17,1,0
BRDA:184,18,0,0
BRDA:184,18,1,0
BRDA:186,19,0,0
BRDA:186,19,1,0
BRDA:186,20,0,0
BRDA:186,20,1,0
BRDA:186,20,2,0
BRDA:192,21,0,0
BRDA:192,21,1,0
BRDA:194,22,0,0
BRDA:194,22,1,0
BRDA:197,23,0,0
BRDA:197,23,1,0
BRDA:199,24,0,0
BRDA:199,24,1,0
BRDA:204,25,0,0
BRDA:204,25,1,0
BRDA:207,26,0,0
BRDA:207,26,1,0
BRDA:253,27,0,0
BRDA:253,27,1,0
BRDA:265,28,0,0
BRDA:265,28,1,0
BRDA:265,29,0,0
BRDA:265,29,1,0
BRDA:276,30,0,0
BRDA:276,30,1,0
BRDA:278,31,0,0
BRDA:278,31,1,0
BRDA:302,32,0,0
BRDA:302,32,1,0
BRDA:310,33,0,0
BRDA:310,33,1,0
BRDA:321,34,0,0
BRDA:321,34,1,0
BRDA:328,35,0,0
BRDA:328,35,1,0
BRDA:332,36,0,0
BRDA:332,36,1,0
BRDA:332,37,0,0
BRDA:332,37,1,0
BRDA:348,38,0,0
BRDA:348,38,1,0
BRDA:361,39,0,0
BRDA:361,39,1,0
BRF:81
BRH:0
end_of_record
TN:
SF:src\converters\strategies\ClaudeConverter.js
FN:46,(anonymous_0)
FN:53,(anonymous_1)
FN:73,(anonymous_2)
FN:91,(anonymous_3)
FN:109,(anonymous_4)
FN:127,(anonymous_5)
FN:145,(anonymous_6)
FN:209,(anonymous_7)
FN:209,(anonymous_8)
FN:219,(anonymous_9)
FN:287,(anonymous_10)
FN:299,(anonymous_11)
FN:334,(anonymous_12)
FN:413,(anonymous_13)
FN:650,(anonymous_14)
FN:653,(anonymous_15)
FN:669,(anonymous_16)
FN:672,(anonymous_17)
FN:687,(anonymous_18)
FN:702,(anonymous_19)
FN:756,(anonymous_20)
FN:765,(anonymous_21)
FN:812,(anonymous_22)
FN:827,(anonymous_23)
FN:853,(anonymous_24)
FN:866,(anonymous_25)
FN:966,(anonymous_26)
FN:967,(anonymous_27)
FN:1053,(anonymous_28)
FN:1136,(anonymous_29)
FN:1146,(anonymous_30)
FN:1165,(anonymous_31)
FN:1178,(anonymous_32)
FN:1284,(anonymous_33)
FN:1416,(anonymous_34)
FN:1426,(anonymous_35)
FN:1492,(anonymous_36)
FN:1527,(anonymous_37)
FN:1541,(anonymous_38)
FN:1556,(anonymous_39)
FN:1562,(anonymous_40)
FN:1573,(anonymous_41)
FN:1584,(anonymous_42)
FN:1623,(anonymous_43)
FN:1650,(anonymous_44)
FN:1716,(anonymous_45)
FN:1833,(anonymous_46)
FN:1854,(anonymous_47)
FN:1859,(anonymous_48)
FN:1876,(anonymous_49)
FN:1907,(anonymous_50)
FN:1924,(anonymous_51)
FN:1944,(anonymous_52)
FN:1958,(anonymous_53)
FN:1980,(anonymous_54)
FN:1983,(anonymous_55)
FN:2026,(anonymous_56)
FN:2033,(anonymous_57)
FN:2041,(anonymous_58)
FN:2129,(anonymous_59)
FN:2141,(anonymous_60)
FN:2146,(anonymous_61)
FN:2148,(anonymous_62)
FN:2151,(anonymous_63)
FN:2182,(anonymous_64)
FNF:65
FNH:0
FNDA:0,(anonymous_0)
FNDA:0,(anonymous_1)
FNDA:0,(anonymous_2)
FNDA:0,(anonymous_3)
FNDA:0,(anonymous_4)
FNDA:0,(anonymous_5)
FNDA:0,(anonymous_6)
FNDA:0,(anonymous_7)
FNDA:0,(anonymous_8)
FNDA:0,(anonymous_9)
FNDA:0,(anonymous_10)
FNDA:0,(anonymous_11)
FNDA:0,(anonymous_12)
FNDA:0,(anonymous_13)
FNDA:0,(anonymous_14)
FNDA:0,(anonymous_15)
FNDA:0,(anonymous_16)
FNDA:0,(anonymous_17)
FNDA:0,(anonymous_18)
FNDA:0,(anonymous_19)
FNDA:0,(anonymous_20)
FNDA:0,(anonymous_21)
FNDA:0,(anonymous_22)
FNDA:0,(anonymous_23)
FNDA:0,(anonymous_24)
FNDA:0,(anonymous_25)
FNDA:0,(anonymous_26)
FNDA:0,(anonymous_27)
FNDA:0,(anonymous_28)
FNDA:0,(anonymous_29)
FNDA:0,(anonymous_30)
FNDA:0,(anonymous_31)
FNDA:0,(anonymous_32)
FNDA:0,(anonymous_33)
FNDA:0,(anonymous_34)
FNDA:0,(anonymous_35)
FNDA:0,(anonymous_36)
FNDA:0,(anonymous_37)
FNDA:0,(anonymous_38)
FNDA:0,(anonymous_39)
FNDA:0,(anonymous_40)
FNDA:0,(anonymous_41)
FNDA:0,(anonymous_42)
FNDA:0,(anonymous_43)
FNDA:0,(anonymous_44)
FNDA:0,(anonymous_45)
FNDA:0,(anonymous_46)
FNDA:0,(anonymous_47)
FNDA:0,(anonymous_48)
FNDA:0,(anonymous_49)
FNDA:0,(anonymous_50)
FNDA:0,(anonymous_51)
FNDA:0,(anonymous_52)
FNDA:0,(anonymous_53)
FNDA:0,(anonymous_54)
FNDA:0,(anonymous_55)
FNDA:0,(anonymous_56)
FNDA:0,(anonymous_57)
FNDA:0,(anonymous_58)
FNDA:0,(anonymous_59)
FNDA:0,(anonymous_60)
FNDA:0,(anonymous_61)
FNDA:0,(anonymous_62)
FNDA:0,(anonymous_63)
FNDA:0,(anonymous_64)
DA:47,0
DA:54,0
DA:56,0
DA:58,0
DA:60,0
DA:62,0
DA:64,0
DA:66,0
DA:74,0
DA:76,0
DA:78,0
DA:80,0
DA:82,0
DA:84,0
DA:92,0
DA:94,0
DA:96,0
DA:98,0
DA:100,0
DA:102,0
DA:110,0
DA:112,0
DA:114,0
DA:116,0
DA:128,0
DA:129,0
DA:132,0
DA:133,0
DA:137,0
DA:138,0
DA:139,0
DA:140,0
DA:143,0
DA:144,0
DA:145,0
DA:148,0
DA:149,0
DA:150,0
DA:151,0
DA:152,0
DA:153,0
DA:154,0
DA:156,0
DA:158,0
DA:165,0
DA:170,0
DA:171,0
DA:172,0
DA:173,0
DA:174,0
DA:175,0
DA:190,0
DA:195,0
DA:196,0
DA:197,0
DA:205,0
DA:206,0
DA:207,0
DA:208,0
DA:209,0
DA:210,0
DA:211,0
DA:212,0
DA:213,0
DA:214,0
DA:216,0
DA:218,0
DA:219,0
DA:220,0
DA:221,0
DA:222,0
DA:226,0
DA:228,0
DA:231,0
DA:241,0
DA:242,0
DA:243,0
DA:244,0
DA:253,0
DA:254,0
DA:258,0
DA:259,0
DA:260,0
DA:261,0
DA:263,0
DA:264,0
DA:265,0
DA:266,0
DA:268,0
DA:269,0
DA:270,0
DA:271,0
DA:273,0
DA:276,0
DA:277,0
DA:280,0
DA:284,0
DA:285,0
DA:286,0
DA:287,0
DA:288,0
DA:290,0
DA:293,0
DA:300,0
DA:301,0
DA:323,0
DA:324,0
DA:325,0
DA:326,0
DA:327,0
DA:328,0
DA:334,0
DA:336,0
DA:341,0
DA:343,0
DA:344,0
DA:346,0
DA:347,0
DA:349,0
DA:350,0
DA:351,0
DA:352,0
DA:363,0
DA:364,0
DA:365,0
DA:369,0
DA:372,0
DA:373,0
DA:377,0
DA:378,0
DA:379,0
DA:380,0
DA:381,0
DA:382,0
DA:383,0
DA:384,0
DA:385,0
DA:388,0
DA:414,0
DA:417,0
DA:418,0
DA:421,0
DA:422,0
DA:446,0
DA:447,0
DA:450,0
DA:451,0
DA:476,0
DA:493,0
DA:494,0
DA:497,0
DA:498,0
DA:515,0
DA:516,0
DA:533,0
DA:534,0
DA:557,0
DA:558,0
DA:573,0
DA:574,0
DA:575,0
DA:580,0
DA:593,0
DA:594,0
DA:605,0
DA:609,0
DA:610,0
DA:627,0
DA:628,0
DA:644,0
DA:651,0
DA:654,0
DA:655,0
DA:670,0
DA:671,0
DA:672,0
DA:688,0
DA:691,0
DA:692,0
DA:698,0
DA:700,0
DA:702,0
DA:703,0
DA:705,0
DA:707,0
DA:708,0
DA:713,0
DA:716,0
DA:717,0
DA:724,0
DA:727,0
DA:731,0
DA:734,0
DA:738,0
DA:741,0
DA:742,0
DA:750,0
DA:757,0
DA:759,0
DA:761,0
DA:763,0
DA:765,0
DA:766,0
DA:768,0
DA:770,0
DA:774,0
DA:777,0
DA:778,0
DA:785,0
DA:788,0
DA:789,0
DA:797,0
DA:807,0
DA:813,0
DA:814,0
DA:815,0
DA:818,0
DA:823,0
DA:824,0
DA:826,0
DA:827,0
DA:828,0
DA:829,0
DA:832,0
DA:833,0
DA:838,0
DA:840,0
DA:843,0
DA:845,0
DA:852,0
DA:853,0
DA:854,0
DA:855,0
DA:856,0
DA:859,0
DA:860,0
DA:863,0
DA:864,0
DA:866,0
DA:867,0
DA:869,0
DA:871,0
DA:872,0
DA:874,0
DA:878,0
DA:879,0
DA:884,0
DA:885,0
DA:887,0
DA:889,0
DA:894,0
DA:895,0
DA:899,0
DA:903,0
DA:904,0
DA:909,0
DA:910,0
DA:911,0
DA:912,0
DA:922,0
DA:923,0
DA:933,0
DA:938,0
DA:939,0
DA:942,0
DA:946,0
DA:949,0
DA:951,0
DA:952,0
DA:954,0
DA:959,0
DA:963,0
DA:965,0
DA:966,0
DA:967,0
DA:969,0
DA:970,0
DA:971,0
DA:974,0
DA:983,0
DA:986,0
DA:987,0
DA:994,0
DA:998,0
DA:999,0
DA:1004,0
DA:1006,0
DA:1015,0
DA:1017,0
DA:1018,0
DA:1020,0
DA:1021,0
DA:1023,0
DA:1024,0
DA:1026,0
DA:1027,0
DA:1031,0
DA:1032,0
DA:1033,0
DA:1034,0
DA:1035,0
DA:1037,0
DA:1038,0
DA:1042,0
DA:1043,0
DA:1047,0
DA:1048,0
DA:1049,0
DA:1050,0
DA:1051,0
DA:1053,0
DA:1054,0
DA:1055,0
DA:1056,0
DA:1060,0
DA:1061,0
DA:1065,0
DA:1066,0
DA:1070,0
DA:1071,0
DA:1075,0
DA:1076,0
DA:1077,0
DA:1081,0
DA:1082,0
DA:1084,0
DA:1086,0
DA:1088,0
DA:1091,0
DA:1097,0
DA:1098,0
DA:1101,0
DA:1104,0
DA:1105,0
DA:1106,0
DA:1107,0
DA:1109,0
DA:1110,0
DA:1112,0
DA:1113,0
DA:1115,0
DA:1116,0
DA:1122,0
DA:1123,0
DA:1127,0
DA:1129,0
DA:1137,0
DA:1140,0
DA:1141,0
DA:1145,0
DA:1146,0
DA:1147,0
DA:1152,0
DA:1153,0
DA:1157,0
DA:1158,0
DA:1166,0
DA:1179,0
DA:1180,0
DA:1183,0
DA:1186,0
DA:1187,0
DA:1189,0
DA:1191,0
DA:1192,0
DA:1194,0
DA:1198,0
DA:1199,0
DA:1204,0
DA:1205,0
DA:1207,0
DA:1209,0
DA:1213,0
DA:1220,0
DA:1221,0
DA:1224,0
DA:1225,0
DA:1227,0
DA:1228,0
DA:1231,0
DA:1232,0
DA:1239,0
DA:1242,0
DA:1243,0
DA:1249,0
DA:1256,0
DA:1285,0
DA:1288,0
DA:1290,0
DA:1291,0
DA:1292,0
DA:1294,0
DA:1296,0
DA:1298,0
DA:1316,0
DA:1317,0
DA:1320,0
DA:1321,0
DA:1334,0
DA:1335,0
DA:1349,0
DA:1352,0
DA:1356,0
DA:1358,0
DA:1363,0
DA:1364,0
DA:1365,0
DA:1375,0
DA:1376,0
DA:1392,0
DA:1397,0
DA:1398,0
DA:1410,0
DA:1417,0
DA:1419,0
DA:1420,0
DA:1423,0
DA:1424,0
DA:1426,0
DA:1427,0
DA:1428,0
DA:1429,0
DA:1432,0
DA:1434,0
DA:1435,0
DA:1437,0
DA:1440,0
DA:1444,0
DA:1451,0
DA:1454,0
DA:1456,0
DA:1463,0
DA:1466,0
DA:1467,0
DA:1474,0
DA:1477,0
DA:1478,0
DA:1483,0
DA:1486,0
DA:1493,0
DA:1494,0
DA:1495,0
DA:1498,0
DA:1500,0
DA:1502,0
DA:1504,0
DA:1505,0
DA:1512,0
DA:1513,0
DA:1515,0
DA:1516,0
DA:1528,0
DA:1539,0
DA:1540,0
DA:1541,0
DA:1543,0
DA:1548,0
DA:1549,0
DA:1555,0
DA:1556,0
DA:1557,0
DA:1558,0
DA:1560,0
DA:1562,0
DA:1563,0
DA:1564,0
DA:1569,0
DA:1573,0
DA:1574,0
DA:1575,0
DA:1581,0
DA:1584,0
DA:1585,0
DA:1586,0
DA:1590,0
DA:1591,0
DA:1598,0
DA:1601,0
DA:1602,0
DA:1608,0
DA:1609,0
DA:1622,0
DA:1623,0
DA:1631,0
DA:1632,0
DA:1633,0
DA:1634,0
DA:1635,0
DA:1636,0
DA:1637,0
DA:1644,0
DA:1651,0
DA:1652,0
DA:1654,0
DA:1655,0
DA:1669,0
DA:1717,0
DA:1719,0
DA:1720,0
DA:1723,0
DA:1724,0
DA:1733,0
DA:1734,0
DA:1737,0
DA:1738,0
DA:1739,0
DA:1756,0
DA:1757,0
DA:1760,0
DA:1761,0
DA:1764,0
DA:1765,0
DA:1774,0
DA:1775,0
DA:1776,0
DA:1777,0
DA:1784,0
DA:1785,0
DA:1786,0
DA:1787,0
DA:1788,0
DA:1789,0
DA:1790,0
DA:1791,0
DA:1792,0
DA:1798,0
DA:1799,0
DA:1800,0
DA:1801,0
DA:1812,0
DA:1813,0
DA:1814,0
DA:1815,0
DA:1823,0
DA:1834,0
DA:1835,0
DA:1836,0
DA:1838,0
DA:1839,0
DA:1840,0
DA:1841,0
DA:1842,0
DA:1843,0
DA:1845,0
DA:1848,0
DA:1855,0
DA:1856,0
DA:1857,0
DA:1859,0
DA:1860,0
DA:1861,0
DA:1863,0
DA:1864,0
DA:1865,0
DA:1866,0
DA:1867,0
DA:1868,0
DA:1870,0
DA:1873,0
DA:1876,0
DA:1877,0
DA:1878,0
DA:1880,0
DA:1881,0
DA:1882,0
DA:1883,0
DA:1884,0
DA:1885,0
DA:1886,0
DA:1888,0
DA:1889,0
DA:1890,0
DA:1895,0
DA:1896,0
DA:1897,0
DA:1898,0
DA:1899,0
DA:1901,0
DA:1908,0
DA:1909,0
DA:1911,0
DA:1912,0
DA:1913,0
DA:1915,0
DA:1916,0
DA:1918,0
DA:1925,0
DA:1941,0
DA:1942,0
DA:1943,0
DA:1944,0
DA:1946,0
DA:1948,0
DA:1951,0
DA:1952,0
DA:1958,0
DA:1959,0
DA:1960,0
DA:1964,0
DA:1965,0
DA:1972,0
DA:1973,0
DA:1978,0
DA:1979,0
DA:1980,0
DA:1981,0
DA:1983,0
DA:1985,0
DA:1986,0
DA:1989,0
DA:1990,0
DA:1991,0
DA:1993,0
DA:1996,0
DA:2005,0
DA:2006,0
DA:2009,0
DA:2011,0
DA:2015,0
DA:2016,0
DA:2017,0
DA:2018,0
DA:2020,0
DA:2026,0
DA:2027,0
DA:2028,0
DA:2029,0
DA:2033,0
DA:2034,0
DA:2035,0
DA:2041,0
DA:2042,0
DA:2048,0
DA:2049,0
DA:2050,0
DA:2052,0
DA:2053,0
DA:2055,0
DA:2056,0
DA:2057,0
DA:2058,0
DA:2059,0
DA:2062,0
DA:2064,0
DA:2065,0
DA:2066,0
DA:2067,0
DA:2069,0
DA:2071,0
DA:2077,0
DA:2079,0
DA:2080,0
DA:2085,0
DA:2088,0
DA:2089,0
DA:2091,0
DA:2096,0
DA:2097,0
DA:2098,0
DA:2099,0
DA:2100,0
DA:2106,0
DA:2107,0
DA:2108,0
DA:2109,0
DA:2110,0
DA:2111,0
DA:2112,0
DA:2123,0
DA:2131,0
DA:2132,0
DA:2142,0
DA:2143,0
DA:2145,0
DA:2146,0
DA:2147,0
DA:2148,0
DA:2149,0
DA:2150,0
DA:2151,0
DA:2152,0
DA:2153,0
DA:2154,0
DA:2155,0
DA:2165,0
DA:2183,0
DA:2184,0
DA:2186,0
DA:2187,0
DA:2200,0
DA:2201,0
DA:2208,0
DA:2209,0
DA:2216,0
DA:2217,0
DA:2243,0
DA:2244,0
DA:2257,0
LF:698
LH:0
BRDA:54,0,0,0
BRDA:54,0,1,0
BRDA:54,0,2,0
BRDA:54,0,3,0
BRDA:54,0,4,0
BRDA:54,0,5,0
BRDA:74,1,0,0
BRDA:74,1,1,0
BRDA:74,1,2,0
BRDA:74,1,3,0
BRDA:74,1,4,0
BRDA:92,2,0,0
BRDA:92,2,1,0
BRDA:92,2,2,0
BRDA:92,2,3,0
BRDA:92,2,4,0
BRDA:110,3,0,0
BRDA:110,3,1,0
BRDA:110,3,2,0
BRDA:132,4,0,0
BRDA:132,4,1,0
BRDA:137,5,0,0
BRDA:137,5,1,0
BRDA:137,6,0,0
BRDA:137,6,1,0
BRDA:143,7,0,0
BRDA:143,7,1,0
BRDA:143,8,0,0
BRDA:143,8,1,0
BRDA:145,9,0,0
BRDA:145,9,1,0
BRDA:145,9,2,0
BRDA:148,10,0,0
BRDA:148,10,1,0
BRDA:150,11,0,0
BRDA:150,11,1,0
BRDA:150,12,0,0
BRDA:150,12,1,0
BRDA:150,12,2,0
BRDA:151,13,0,0
BRDA:151,13,1,0
BRDA:151,13,2,0
BRDA:152,14,0,0
BRDA:152,14,1,0
BRDA:153,15,0,0
BRDA:153,15,1,0
BRDA:170,16,0,0
BRDA:170,16,1,0
BRDA:170,17,0,0
BRDA:170,17,1,0
BRDA:170,17,2,0
BRDA:172,18,0,0
BRDA:172,18,1,0
BRDA:173,19,0,0
BRDA:173,19,1,0
BRDA:174,20,0,0
BRDA:174,20,1,0
BRDA:180,21,0,0
BRDA:180,21,1,0
BRDA:186,22,0,0
BRDA:186,22,1,0
BRDA:195,23,0,0
BRDA:195,23,1,0
BRDA:196,24,0,0
BRDA:196,24,1,0
BRDA:196,25,0,0
BRDA:196,25,1,0
BRDA:196,26,0,0
BRDA:196,26,1,0
BRDA:208,27,0,0
BRDA:208,27,1,0
BRDA:208,28,0,0
BRDA:208,28,1,0
BRDA:213,29,0,0
BRDA:213,29,1,0
BRDA:213,30,0,0
BRDA:213,30,1,0
BRDA:216,31,0,0
BRDA:216,31,1,0
BRDA:218,32,0,0
BRDA:218,32,1,0
BRDA:220,33,0,0
BRDA:220,33,1,0
BRDA:222,34,0,0
BRDA:222,34,1,0
BRDA:241,35,0,0
BRDA:241,35,1,0
BRDA:247,36,0,0
BRDA:247,36,1,0
BRDA:248,37,0,0
BRDA:248,37,1,0
BRDA:249,38,0,0
BRDA:249,38,1,0
BRDA:258,39,0,0
BRDA:258,39,1,0
BRDA:258,40,0,0
BRDA:258,40,1,0
BRDA:264,41,0,0
BRDA:264,41,1,0
BRDA:269,42,0,0
BRDA:269,42,1,0
BRDA:276,43,0,0
BRDA:276,43,1,0
BRDA:284,44,0,0
BRDA:284,44,1,0
BRDA:286,45,0,0
BRDA:286,45,1,0
BRDA:288,46,0,0
BRDA:288,46,1,0
BRDA:300,47,0,0
BRDA:300,47,1,0
BRDA:300,48,0,0
BRDA:300,48,1,0
BRDA:300,48,2,0
BRDA:315,49,0,0
BRDA:315,49,1,0
BRDA:316,50,0,0
BRDA:316,50,1,0
BRDA:317,51,0,0
BRDA:317,51,1,0
BRDA:317,52,0,0
BRDA:317,52,1,0
BRDA:324,53,0,0
BRDA:324,53,1,0
BRDA:326,54,0,0
BRDA:326,54,1,0
BRDA:326,55,0,0
BRDA:326,55,1,0
BRDA:327,56,0,0
BRDA:327,56,1,0
BRDA:328,57,0,0
BRDA:328,57,1,0
BRDA:328,57,2,0
BRDA:334,58,0,0
BRDA:334,58,1,0
BRDA:341,59,0,0
BRDA:341,59,1,0
BRDA:347,60,0,0
BRDA:347,60,1,0
BRDA:349,61,0,0
BRDA:349,61,1,0
BRDA:350,62,0,0
BRDA:350,62,1,0
BRDA:351,63,0,0
BRDA:351,63,1,0
BRDA:353,64,0,0
BRDA:353,64,1,0
BRDA:356,65,0,0
BRDA:356,65,1,0
BRDA:357,66,0,0
BRDA:357,66,1,0
BRDA:363,67,0,0
BRDA:363,67,1,0
BRDA:364,68,0,0
BRDA:364,68,1,0
BRDA:372,69,0,0
BRDA:372,69,1,0
BRDA:378,70,0,0
BRDA:378,70,1,0
BRDA:380,71,0,0
BRDA:380,71,1,0
BRDA:382,72,0,0
BRDA:382,72,1,0
BRDA:384,73,0,0
BRDA:384,73,1,0
BRDA:399,74,0,0
BRDA:399,74,1,0
BRDA:400,75,0,0
BRDA:400,75,1,0
BRDA:401,76,0,0
BRDA:401,76,1,0
BRDA:401,77,0,0
BRDA:401,77,1,0
BRDA:402,78,0,0
BRDA:402,78,1,0
BRDA:404,79,0,0
BRDA:404,79,1,0
BRDA:414,80,0,0
BRDA:414,80,1,0
BRDA:421,81,0,0
BRDA:421,81,1,0
BRDA:437,82,0,0
BRDA:437,82,1,0
BRDA:439,83,0,0
BRDA:439,83,1,0
BRDA:440,84,0,0
BRDA:440,84,1,0
BRDA:446,85,0,0
BRDA:446,85,1,0
BRDA:450,86,0,0
BRDA:450,86,1,0
BRDA:450,87,0,0
BRDA:450,87,1,0
BRDA:461,88,0,0
BRDA:461,88,1,0
BRDA:493,89,0,0
BRDA:493,89,1,0
BRDA:497,90,0,0
BRDA:497,90,1,0
BRDA:497,91,0,0
BRDA:497,91,1,0
BRDA:507,92,0,0
BRDA:507,92,1,0
BRDA:515,93,0,0
BRDA:515,93,1,0
BRDA:515,94,0,0
BRDA:515,94,1,0
BRDA:525,95,0,0
BRDA:525,95,1,0
BRDA:533,96,0,0
BRDA:533,96,1,0
BRDA:533,97,0,0
BRDA:533,97,1,0
BRDA:544,98,0,0
BRDA:544,98,1,0
BRDA:546,99,0,0
BRDA:546,99,1,0
BRDA:557,100,0,0
BRDA:557,100,1,0
BRDA:573,101,0,0
BRDA:573,101,1,0
BRDA:575,102,0,0
BRDA:575,102,1,0
BRDA:576,103,0,0
BRDA:576,103,1,0
BRDA:577,104,0,0
BRDA:577,104,1,0
BRDA:578,105,0,0
BRDA:578,105,1,0
BRDA:593,106,0,0
BRDA:593,106,1,0
BRDA:595,107,0,0
BRDA:595,107,1,0
BRDA:596,108,0,0
BRDA:596,108,1,0
BRDA:597,109,0,0
BRDA:597,109,1,0
BRDA:597,110,0,0
BRDA:597,110,1,0
BRDA:598,111,0,0
BRDA:598,111,1,0
BRDA:600,112,0,0
BRDA:600,112,1,0
BRDA:609,113,0,0
BRDA:609,113,1,0
BRDA:627,114,0,0
BRDA:627,114,1,0
BRDA:654,115,0,0
BRDA:654,115,1,0
BRDA:670,116,0,0
BRDA:670,116,1,0
BRDA:673,117,0,0
BRDA:673,117,1,0
BRDA:674,118,0,0
BRDA:674,118,1,0
BRDA:675,119,0,0
BRDA:675,119,1,0
BRDA:675,119,2,0
BRDA:676,120,0,0
BRDA:676,120,1,0
BRDA:676,121,0,0
BRDA:676,121,1,0
BRDA:677,122,0,0
BRDA:677,122,1,0
BRDA:678,123,0,0
BRDA:678,123,1,0
BRDA:679,124,0,0
BRDA:679,124,1,0
BRDA:688,125,0,0
BRDA:688,125,1,0
BRDA:691,126,0,0
BRDA:691,126,1,0
BRDA:698,127,0,0
BRDA:698,127,1,0
BRDA:703,128,0,0
BRDA:703,128,1,0
BRDA:705,129,0,0
BRDA:705,129,1,0
BRDA:705,129,2,0
BRDA:705,129,3,0
BRDA:705,129,4,0
BRDA:707,130,0,0
BRDA:707,130,1,0
BRDA:716,131,0,0
BRDA:716,131,1,0
BRDA:716,132,0,0
BRDA:716,132,1,0
BRDA:736,133,0,0
BRDA:736,133,1,0
BRDA:741,134,0,0
BRDA:741,134,1,0
BRDA:757,135,0,0
BRDA:757,135,1,0
BRDA:759,136,0,0
BRDA:759,136,1,0
BRDA:761,137,0,0
BRDA:761,137,1,0
BRDA:766,138,0,0
BRDA:766,138,1,0
BRDA:768,139,0,0
BRDA:768,139,1,0
BRDA:768,139,2,0
BRDA:772,140,0,0
BRDA:772,140,1,0
BRDA:777,141,0,0
BRDA:777,141,1,0
BRDA:777,142,0,0
BRDA:777,142,1,0
BRDA:788,143,0,0
BRDA:788,143,1,0
BRDA:797,144,0,0
BRDA:797,144,1,0
BRDA:797,145,0,0
BRDA:797,145,1,0
BRDA:813,146,0,0
BRDA:813,146,1,0
BRDA:813,147,0,0
BRDA:813,147,1,0
BRDA:823,148,0,0
BRDA:823,148,1,0
BRDA:824,149,0,0
BRDA:824,149,1,0
BRDA:828,150,0,0
BRDA:828,150,1,0
BRDA:828,151,0,0
BRDA:828,151,1,0
BRDA:828,151,2,0
BRDA:832,152,0,0
BRDA:832,152,1,0
BRDA:838,153,0,0
BRDA:838,153,1,0
BRDA:843,154,0,0
BRDA:843,154,1,0
BRDA:852,155,0,0
BRDA:852,155,1,0
BRDA:854,156,0,0
BRDA:854,156,1,0
BRDA:854,157,0,0
BRDA:854,157,1,0
BRDA:854,157,2,0
BRDA:859,158,0,0
BRDA:859,158,1,0
BRDA:863,159,0,0
BRDA:863,159,1,0
BRDA:867,160,0,0
BRDA:867,160,1,0
BRDA:867,161,0,0
BRDA:867,161,1,0
BRDA:869,162,0,0
BRDA:869,162,1,0
BRDA:869,162,2,0
BRDA:869,162,3,0
BRDA:869,162,4,0
BRDA:869,162,5,0
BRDA:871,163,0,0
BRDA:871,163,1,0
BRDA:878,164,0,0
BRDA:878,164,1,0
BRDA:878,165,0,0
BRDA:878,165,1,0
BRDA:884,166,0,0
BRDA:884,166,1,0
BRDA:884,167,0,0
BRDA:884,167,1,0
BRDA:894,168,0,0
BRDA:894,168,1,0
BRDA:903,169,0,0
BRDA:903,169,1,0
BRDA:903,170,0,0
BRDA:903,170,1,0
BRDA:904,171,0,0
BRDA:904,171,1,0
BRDA:911,172,0,0
BRDA:911,172,1,0
BRDA:911,173,0,0
BRDA:911,173,1,0
BRDA:922,174,0,0
BRDA:922,174,1,0
BRDA:922,175,0,0
BRDA:922,175,1,0
BRDA:939,176,0,0
BRDA:939,176,1,0
BRDA:946,177,0,0
BRDA:946,177,1,0
BRDA:952,178,0,0
BRDA:952,178,1,0
BRDA:963,179,0,0
BRDA:963,179,1,0
BRDA:966,180,0,0
BRDA:966,180,1,0
BRDA:969,181,0,0
BRDA:969,181,1,0
BRDA:970,182,0,0
BRDA:970,182,1,0
[...]
BRDA:1042,156,4,0
BRDA:1047,157,0,0
BRDA:1047,157,1,0
BRDA:1053,158,0,0
BRDA:1053,158,1,0
BRDA:1053,158,2,0
BRDA:1053,158,3,0
BRDA:1053,158,4,0
BRDA:1053,158,5,0
BRDA:1053,158,6,0
BRDA:1053,158,7,0
BRDA:1074,159,0,0
BRDA:1074,159,1,0
BRDA:1074,160,0,0
BRDA:1074,160,1,0
BRDA:1077,161,0,0
BRDA:1077,161,1,0
BRDA:1083,162,0,0
BRDA:1083,162,1,0
BRDA:1085,163,0,0
BRDA:1085,163,1,0
BRDA:1094,164,0,0
BRDA:1094,164,1,0
BRDA:1094,165,0,0
BRDA:1094,165,1,0
BRDA:1099,166,0,0
BRDA:1099,166,1,0
BRDA:1126,167,0,0
BRDA:1126,167,1,0
BRDA:1158,168,0,0
BRDA:1158,168,1,0
BRDA:1158,168,2,0
BRDA:1158,168,3,0
BRDA:1158,168,4,0
BRDA:1260,169,0,0
BRDA:1260,169,1,0
BRDA:1260,169,2,0
BRDA:1260,169,3,0
BRDA:1263,170,0,0
BRDA:1263,170,1,0
BRDA:1265,171,0,0
BRDA:1265,171,1,0
BRDA:1268,172,0,0
BRDA:1268,172,1,0
BRDA:1274,173,0,0
BRDA:1274,173,1,0
BRDA:1275,174,0,0
BRDA:1275,174,1,0
BRDA:1280,175,0,0
BRDA:1280,175,1,0
BRDA:1283,176,0,0
BRDA:1283,176,1,0
BRDA:1292,177,0,0
BRDA:1292,177,1,0
BRDA:1294,178,0,0
BRDA:1294,178,1,0
BRDA:1296,179,0,0
BRDA:1296,179,1,0
BRDA:1299,180,0,0
BRDA:1299,180,1,0
BRDA:1300,181,0,0
BRDA:1300,181,1,0
BRDA:1332,182,0,0
BRDA:1332,182,1,0
BRDA:1335,183,0,0
BRDA:1335,183,1,0
BRDA:1335,184,0,0
BRDA:1335,184,1,0
BRDA:1339,185,0,0
BRDA:1339,185,1,0
BRDA:1362,186,0,0
BRDA:1362,186,1,0
BRDA:1362,186,2,0
BRDA:1363,187,0,0
BRDA:1363,187,1,0
BRDA:1367,188,0,0
BRDA:1367,188,1,0
BRDA:1368,189,0,0
BRDA:1368,189,1,0
BRDA:1369,190,0,0
BRDA:1369,190,1,0
BRDA:1370,191,0,0
BRDA:1370,191,1,0
BRDA:1376,192,0,0
BRDA:1376,192,1,0
BRDA:1377,193,0,0
BRDA:1377,193,1,0
BRDA:1378,194,0,0
BRDA:1378,194,1,0
BRDA:1379,195,0,0
BRDA:1379,195,1,0
BRDA:1380,196,0,0
BRDA:1380,196,1,0
BRDA:1381,197,0,0
BRDA:1381,197,1,0
BRDA:1385,198,0,0
BRDA:1385,198,1,0
BRDA:1385,198,2,0
BRDA:1385,198,3,0
BRDA:1385,198,4,0
BRDA:1446,199,0,0
BRDA:1446,199,1,0
BRDA:1446,199,2,0
BRDA:1447,200,0,0
BRDA:1447,200,1,0
BRDA:1451,201,0,0
BRDA:1451,201,1,0
BRDA:1452,202,0,0
BRDA:1452,202,1,0
BRDA:1453,203,0,0
BRDA:1453,203,1,0
BRDA:1454,204,0,0
BRDA:1454,204,1,0
BRDA:1460,205,0,0
BRDA:1460,205,1,0
BRDA:1461,206,0,0
BRDA:1461,206,1,0
BRDA:1462,207,0,0
BRDA:1462,207,1,0
BRDA:1463,208,0,0
BRDA:1463,208,1,0
BRDA:1464,209,0,0
BRDA:1464,209,1,0
BRDA:1465,210,0,0
BRDA:1465,210,1,0
BRDA:1469,211,0,0
BRDA:1469,211,1,0
BRDA:1469,211,2,0
BRDA:1469,211,3,0
BRDA:1469,211,4,0
BRF:455
BRH:0
end_of_record
TN:
SF:src\utils\constants.js
FNF:0
FNH:0
DA:7,1
DA:17,1
DA:29,1
DA:39,1
LF:4
LH:4
BRF:0
BRH:0
end_of_record
TN:
SF:src\utils\grok-assets-proxy.js
FN:13,handleGrokAssetsProxy
FN:106,(anonymous_1)
FNF:2
FNH:0
FNDA:0,handleGrokAssetsProxy
FNDA:0,(anonymous_1)
DA:14,0
DA:15,0
DA:16,0
DA:17,0
DA:18,0
DA:20,0
DA:21,0
DA:22,0
DA:23,0
DA:27,0
DA:28,0
DA:29,0
DA:30,0
DA:31,0
DA:33,0
DA:37,0
DA:38,0
DA:39,0
DA:40,0
DA:44,0
DA:45,0
DA:49,0
DA:50,0
DA:51,0
DA:55,0
DA:56,0
DA:57,0
DA:58,0
DA:59,0
DA:60,0
DA:63,0
DA:64,0
DA:65,0
DA:68,0
DA:75,0
DA:85,0
DA:87,0
DA:89,0
DA:92,0
DA:97,0
DA:98,0
DA:101,0
DA:104,0
DA:106,0
DA:107,0
DA:108,0
DA:109,0
DA:110,0
DA:112,0
DA:117,0
DA:118,0
DA:119,0
DA:120,0
DA:122,0
LF:54
LH:0
BRDA:20,0,0,0
BRDA:20,0,1,0
BRDA:27,1,0,0
BRDA:27,1,1,0
BRDA:27,2,0,0
BRDA:27,2,1,0
BRDA:27,2,2,0
BRDA:29,3,0,0
BRDA:29,3,1,0
BRDA:37,4,0,0
BRDA:37,4,1,0
BRDA:44,5,0,0
BRDA:44,5,1,0
BRDA:50,6,0,0
BRDA:50,6,1,0
BRDA:51,7,0,0
BRDA:51,7,1,0
BRDA:57,8,0,0
BRDA:57,8,1,0
BRDA:69,9,0,0
BRDA:69,9,1,0
BRDA:93,10,0,0
BRDA:93,10,1,0
BRDA:94,11,0,0
BRDA:94,11,1,0
BRDA:97,12,0,0
BRDA:97,12,1,0
BRDA:108,13,0,0
BRDA:108,13,1,0
BRDA:118,14,0,0
BRDA:118,14,1,0
BRF:31
BRH:0
end_of_record
TN:
SF:src\utils\logger.js
FN:11,(anonymous_0)
FN:41,(anonymous_1)
FN:57,(anonymous_2)
FN:76,(anonymous_3)
FN:90,(anonymous_4)
FN:104,(anonymous_5)
FN:118,(anonymous_6)
FN:128,(anonymous_7)
FN:139,(anonymous_8)
FN:152,(anonymous_9)
FN:154,(anonymous_10)
FN:185,(anonymous_11)
FN:211,(anonymous_12)
FN:232,(anonymous_13)
FN:242,(anonymous_14)
FN:264,(anonymous_15)
FN:282,(anonymous_16)
FN:314,(anonymous_17)
FN:323,(anonymous_18)
FN:332,(anonymous_19)
FN:341,(anonymous_20)
FN:351,(anonymous_21)
FN:357,(anonymous_22)
FN:358,(anonymous_23)
FN:359,(anonymous_24)
FN:360,(anonymous_25)
FN:367,(anonymous_26)
FN:381,(anonymous_27)
FN:388,(anonymous_28)
FN:389,(anonymous_29)
FN:394,(anonymous_30)
FN:415,(anonymous_31)
FN:432,(anonymous_32)
FNF:33
FNH:0
FNDA:0,(anonymous_0)
FNDA:0,(anonymous_1)
FNDA:0,(anonymous_2)
FNDA:0,(anonymous_3)
FNDA:0,(anonymous_4)
FNDA:0,(anonymous_5)
FNDA:0,(anonymous_6)
FNDA:0,(anonymous_7)
FNDA:0,(anonymous_8)
FNDA:0,(anonymous_9)
FNDA:0,(anonymous_10)
FNDA:0,(anonymous_11)
FNDA:0,(anonymous_12)
FNDA:0,(anonymous_13)
FNDA:0,(anonymous_14)
FNDA:0,(anonymous_15)
FNDA:0,(anonymous_16)
FNDA:0,(anonymous_17)
FNDA:0,(anonymous_18)
FNDA:0,(anonymous_19)
FNDA:0,(anonymous_20)
FNDA:0,(anonymous_21)
FNDA:0,(anonymous_22)
FNDA:0,(anonymous_23)
FNDA:0,(anonymous_24)
FNDA:0,(anonymous_25)
FNDA:0,(anonymous_26)
FNDA:0,(anonymous_27)
FNDA:0,(anonymous_28)
FNDA:0,(anonymous_29)
FNDA:0,(anonymous_30)
FNDA:0,(anonymous_31)
FNDA:0,(anonymous_32)
DA:12,0
DA:22,0
DA:23,0
DA:24,0
DA:25,0
DA:26,0
DA:27,0
DA:28,0
DA:42,0
DA:44,0
DA:45,0
DA:46,0
DA:49,0
DA:50,0
DA:58,0
DA:60,0
DA:61,0
DA:65,0
DA:66,0
DA:67,0
DA:68,0
DA:69,0
DA:70,0
DA:73,0
DA:76,0
DA:77,0
DA:80,0
DA:91,0
DA:92,0
DA:94,0
DA:95,0
DA:96,0
DA:105,0
DA:106,0
DA:108,0
DA:109,0
DA:110,0
DA:111,0
DA:120,0
DA:129,0
DA:130,0
DA:132,0
DA:140,0
DA:141,0
DA:153,0
DA:154,0
DA:155,0
DA:156,0
DA:157,0
DA:158,0
DA:159,0
DA:160,0
DA:163,0
DA:164,0
DA:167,0
DA:168,0
DA:169,0
DA:173,0
DA:174,0
DA:186,0
DA:189,0
DA:190,0
DA:191,0
DA:192,0
DA:193,0
DA:194,0
DA:195,0
DA:196,0
DA:197,0
DA:198,0
DA:199,0
DA:203,0
DA:204,0
DA:208,0
DA:211,0
DA:212,0
DA:213,0
DA:214,0
DA:216,0
DA:219,0
DA:222,0
DA:224,0
DA:233,0
DA:234,0
DA:235,0
DA:236,0
DA:243,0
DA:244,0
DA:245,0
DA:248,0
DA:249,0
DA:251,0
DA:252,0
DA:256,0
DA:257,0
DA:258,0
DA:259,0
DA:260,0
DA:263,0
DA:264,0
DA:265,0
DA:269,0
DA:272,0
DA:283,0
DA:285,0
DA:288,0
DA:289,0
DA:292,0
DA:296,0
DA:297,0
DA:298,0
DA:300,0
DA:301,0
DA:304,0
DA:315,0
DA:316,0
DA:324,0
DA:325,0
DA:333,0
DA:334,0
DA:342,0
DA:343,0
DA:352,0
DA:353,0
DA:356,0
DA:357,0
DA:358,0
DA:359,0
DA:360,0
DA:368,0
DA:369,0
DA:370,0
DA:372,0
DA:373,0
DA:374,0
DA:382,0
DA:383,0
DA:384,0
DA:387,0
DA:388,0
DA:389,0
DA:394,0
DA:397,0
DA:398,0
DA:399,0
DA:400,0
DA:402,0
DA:407,0
DA:416,0
DA:417,0
DA:418,0
DA:419,0
DA:423,0
DA:424,0
DA:428,0
DA:431,0
DA:432,0
DA:433,0
DA:436,0
DA:437,0
DA:439,0
DA:440,0
DA:446,0
LF:163
LH:0
BRDA:41,0,0,0
BRDA:44,1,0,0
BRDA:44,1,1,0
BRDA:49,2,0,0
BRDA:49,2,1,0
BRDA:49,3,0,0
BRDA:49,3,1,0
BRDA:60,4,0,0
BRDA:60,4,1,0
BRDA:91,5,0,0
BRDA:91,5,1,0
BRDA:104,6,0,0
BRDA:105,7,0,0
BRDA:105,7,1,0
BRDA:129,8,0,0
BRDA:129,8,1,0
BRDA:132,9,0,0
BRDA:132,9,1,0
BRDA:140,10,0,0
BRDA:140,10,1,0
BRDA:153,11,0,0
BRDA:153,11,1,0
BRDA:158,12,0,0
BRDA:158,12,1,0
BRDA:158,13,0,0
BRDA:158,13,1,0
BRDA:163,14,0,0
BRDA:163,14,1,0
BRDA:167,15,0,0
BRDA:167,15,1,0
BRDA:173,16,0,0
BRDA:173,16,1,0
BRDA:189,17,0,0
BRDA:189,17,1,0
BRDA:203,18,0,0
BRDA:203,18,1,0
BRDA:203,19,0,0
BRDA:203,19,1,0
BRDA:212,20,0,0
BRDA:212,20,1,0
BRDA:233,21,0,0
BRDA:233,21,1,0
BRDA:234,22,0,0
BRDA:234,22,1,0
BRDA:235,23,0,0
BRDA:235,23,1,0
BRDA:244,24,0,0
BRDA:244,24,1,0
BRDA:244,25,0,0
BRDA:244,25,1,0
BRDA:249,26,0,0
BRDA:249,26,1,0
BRDA:251,27,0,0
BRDA:251,27,1,0
BRDA:251,28,0,0
BRDA:251,28,1,0
BRDA:282,29,0,0
BRDA:283,30,0,0
BRDA:283,30,1,0
BRDA:288,31,0,0
BRDA:288,31,1,0
BRDA:288,32,0,0
BRDA:288,32,1,0
BRDA:289,33,0,0
BRDA:289,33,1,0
BRDA:290,34,0,0
BRDA:290,34,1,0
BRDA:291,35,0,0
BRDA:291,35,1,0
BRDA:296,36,0,0
BRDA:296,36,1,0
BRDA:296,37,0,0
BRDA:296,37,1,0
BRDA:297,38,0,0
BRDA:297,38,1,0
BRDA:297,39,0,0
BRDA:297,39,1,0
BRDA:297,39,2,0
BRDA:352,40,0,0
BRDA:352,40,1,0
BRDA:368,41,0,0
BRDA:368,41,1,0
BRDA:372,42,0,0
BRDA:372,42,1,0
BRDA:372,43,0,0
BRDA:372,43,1,0
BRDA:383,44,0,0
BRDA:383,44,1,0
BRDA:388,45,0,0
BRDA:388,45,1,0
BRDA:397,46,0,0
BRDA:397,46,1,0
BRDA:417,47,0,0
BRDA:417,47,1,0
BRDA:417,48,0,0
BRDA:417,48,1,0
BRDA:423,49,0,0
BRDA:423,49,1,0
BRDA:423,50,0,0
BRDA:423,50,1,0
BRF:100
BRH:0
end_of_record
TN:
SF:src\utils\provider-strategies.js
FN:14,(anonymous_0)
FNF:1
FNH:0
FNDA:0,(anonymous_0)
DA:15,0
DA:17,0
DA:19,0
DA:21,0
DA:23,0
DA:25,0
DA:27,0
DA:29,0
DA:31,0
LF:9
LH:0
BRDA:15,0,0,0
BRDA:15,0,1,0
BRDA:15,0,2,0
BRDA:15,0,3,0
BRDA:15,0,4,0
BRDA:15,0,5,0
BRDA:15,0,6,0
BRDA:15,0,7,0
BRF:8
BRH:0
end_of_record
TN:
SF:src\utils\provider-strategy.js
FN:15,(anonymous_0)
FN:24,(anonymous_1)
FN:33,(anonymous_2)
FN:43,(anonymous_3)
FN:52,(anonymous_4)
FN:62,(anonymous_5)
FNF:6
FNH:0
FNDA:0,(anonymous_0)
FNDA:0,(anonymous_1)
FNDA:0,(anonymous_2)
FNDA:0,(anonymous_3)
FNDA:0,(anonymous_4)
FNDA:0,(anonymous_5)
DA:16,0
DA:25,0
DA:34,0
DA:44,0
DA:53,0
DA:63,0
DA:64,0
DA:65,0
DA:67,0
DA:68,0
DA:72,0
DA:73,0
DA:74,0
DA:75,0
DA:76,0
DA:77,0
DA:78,0
DA:81,0
LF:18
LH:0
BRDA:67,0,0,0
BRDA:67,0,1,0
BRDA:73,1,0,0
BRDA:73,1,1,0
BRDA:73,2,0,0
BRDA:73,2,1,0
BRDA:76,3,0,0
BRDA:76,3,1,0
BRDA:76,4,0,0
BRDA:76,4,1,0
BRF:10
BRH:0
end_of_record
TN:
SF:src\utils\provider-utils.js
FN:100,generateUUID
FN:105,(anonymous_1)
FN:117,normalizePath
FN:130,getFileName
FN:139,formatSystemPath
FN:156,pathsEqual
FN:196,isPathUsed
FN:262,detectProviderFromPath
FN:286,getProviderMappingByDirName
FN:287,(anonymous_9)
FN:295,isValidOAuthCredentials
FN:332,createProviderConfig
FN:358,(anonymous_12)
FN:371,addToUsedPaths
FN:390,isPathLinked
FNF:15
FNH:0
FNDA:0,generateUUID
FNDA:0,(anonymous_1)
FNDA:0,normalizePath
FNDA:0,getFileName
FNDA:0,formatSystemPath
FNDA:0,pathsEqual
FNDA:0,isPathUsed
FNDA:0,detectProviderFromPath
FNDA:0,getProviderMappingByDirName
FNDA:0,(anonymous_9)
FNDA:0,isValidOAuthCredentials
FNDA:0,createProviderConfig
FNDA:0,(anonymous_12)
FNDA:0,addToUsedPaths
FNDA:0,isPathLinked
DA:14,0
DA:101,0
DA:102,0
DA:105,0
DA:106,0
DA:107,0
DA:108,0
DA:118,0
DA:121,0
DA:122,0
DA:131,0
DA:140,0
DA:143,0
DA:144,0
DA:146,0
DA:147,0
DA:157,0
DA:159,0
DA:161,0
DA:162,0
DA:165,0
DA:166,0
DA:170,0
DA:171,0
DA:173,0
DA:174,0
DA:178,0
DA:179,0
DA:182,0
DA:184,0
DA:185,0
DA:197,0
DA:200,0
DA:201,0
DA:204,0
DA:207,0
DA:208,0
DA:211,0
DA:212,0
DA:216,0
DA:218,0
DA:222,0
DA:224,0
DA:228,0
DA:229,0
DA:231,0
DA:232,0
DA:234,0
DA:237,0
DA:242,0
DA:243,0
DA:244,0
DA:246,0
DA:247,0
DA:254,0
DA:264,0
DA:265,0
DA:266,0
DA:267,0
DA:278,0
DA:287,0
DA:296,0
DA:297,0
DA:298,0
DA:303,0
DA:307,0
DA:311,0
DA:312,0
DA:315,0
DA:318,0
DA:333,0
DA:335,0
DA:352,0
DA:353,0
DA:357,0
DA:358,0
DA:359,0
DA:363,0
DA:372,0
DA:374,0
DA:375,0
DA:376,0
DA:377,0
DA:378,0
DA:380,0
DA:391,0
LF:86
LH:0
BRDA:101,0,0,0
BRDA:101,0,1,0
BRDA:101,1,0,0
BRDA:101,1,1,0
BRDA:107,2,0,0
BRDA:107,2,1,0
BRDA:118,3,0,0
BRDA:118,3,1,0
BRDA:140,4,0,0
BRDA:140,4,1,0
BRDA:144,5,0,0
BRDA:144,5,1,0
BRDA:147,6,0,0
BRDA:147,6,1,0
BRDA:157,7,0,0
BRDA:157,7,1,0
BRDA:157,8,0,0
BRDA:157,8,1,0
BRDA:165,9,0,0
BRDA:165,9,1,0
BRDA:173,10,0,0
BRDA:173,10,1,0
BRDA:178,11,0,0
BRDA:178,11,1,0
BRDA:178,12,0,0
BRDA:178,12,1,0
BRDA:197,13,0,0
BRDA:197,13,1,0
BRDA:208,14,0,0
BRDA:208,14,1,0
BRDA:211,15,0,0
BRDA:211,15,1,0
BRDA:211,16,0,0
BRDA:211,16,1,0
BRDA:216,17,0,0
BRDA:216,17,1,0
BRDA:216,18,0,0
BRDA:216,18,1,0
BRDA:222,19,0,0
BRDA:222,19,1,0
BRDA:222,20,0,0
BRDA:222,20,1,0
BRDA:229,21,0,0
BRDA:229,21,1,0
BRDA:229,22,0,0
BRDA:229,22,1,0
BRDA:234,23,0,0
BRDA:234,23,1,0
BRDA:234,24,0,0
BRDA:234,24,1,0
BRDA:234,24,2,0
BRDA:246,25,0,0
BRDA:246,25,1,0
BRDA:266,26,0,0
BRDA:266,26,1,0
BRDA:287,27,0,0
BRDA:287,27,1,0
BRDA:303,28,0,0
BRDA:303,28,1,0
BRDA:303,29,0,0
BRDA:303,29,1,0
BRDA:303,29,2,0
BRDA:303,29,3,0
BRDA:303,29,4,0
BRDA:303,29,5,0
BRDA:303,29,6,0
BRDA:303,29,7,0
BRDA:311,30,0,0
BRDA:311,30,1,0
BRDA:311,31,0,0
BRDA:311,31,1,0
BRDA:339,32,0,0
BRDA:339,32,1,0
BRDA:352,33,0,0
BRDA:352,33,1,0
BRDA:357,34,0,0
BRDA:357,34,1,0
BRDA:357,35,0,0
BRDA:357,35,1,0
BRDA:372,36,0,0
BRDA:372,36,1,0
BRDA:377,37,0,0
BRDA:377,37,1,0
BRDA:391,38,0,0
BRDA:391,38,1,0
BRDA:391,38,2,0
BRF:86
BRH:0
end_of_record
TN:
SF:src\utils\proxy-utils.js
FN:17,parseProxyUrl
FN:62,isProxyEnabledForProvider
FN:81,getProxyConfigForProvider
FN:100,configureAxiosProxy
FN:120,isTLSSidecarEnabledForProvider
FN:141,configureTLSSidecar
FN:166,getGoogleAuthProxyConfig
FNF:7
FNH:0
FNDA:0,parseProxyUrl
FNDA:0,isProxyEnabledForProvider
FNDA:0,getProxyConfigForProvider
FNDA:0,configureAxiosProxy
FNDA:0,isTLSSidecarEnabledForProvider
FNDA:0,configureTLSSidecar
FNDA:0,getGoogleAuthProxyConfig
DA:18,0
DA:19,0
DA:22,0
DA:23,0
DA:24,0
DA:27,0
DA:28,0
DA:29,0
DA:31,0
DA:33,0
DA:34,0
DA:39,0
DA:41,0
DA:47,0
DA:48,0
DA:51,0
DA:52,0
DA:63,0
DA:64,0
DA:67,0
DA:68,0
DA:69,0
DA:72,0
DA:82,0
DA:83,0
DA:86,0
DA:87,0
DA:88,0
DA:90,0
DA:101,0
DA:103,0
DA:105,0
DA:106,0
DA:108,0
DA:111,0
DA:121,0
DA:122,0
DA:125,0
DA:126,0
DA:127,0
DA:130,0
DA:142,0
DA:143,0
DA:144,0
DA:147,0
DA:148,0
DA:149,0
DA:150,0
DA:151,0
DA:155,0
DA:157,0
DA:167,0
DA:169,0
DA:170,0
DA:175,0
LF:55
LH:0
BRDA:18,0,0,0
BRDA:18,0,1,0
BRDA:18,1,0,0
BRDA:18,1,1,0
BRDA:23,2,0,0
BRDA:23,2,1,0
BRDA:31,3,0,0
BRDA:31,3,1,0
BRDA:31,4,0,0
BRDA:31,4,1,0
BRDA:31,4,2,0
BRDA:39,5,0,0
BRDA:39,5,1,0
BRDA:39,6,0,0
BRDA:39,6,1,0
BRDA:63,7,0,0
BRDA:63,7,1,0
BRDA:63,8,0,0
BRDA:63,8,1,0
BRDA:63,8,2,0
BRDA:68,9,0,0
BRDA:68,9,1,0
BRDA:82,10,0,0
BRDA:82,10,1,0
BRDA:87,11,0,0
BRDA:87,11,1,0
BRDA:103,12,0,0
BRDA:103,12,1,0
BRDA:121,13,0,0
BRDA:121,13,1,0
BRDA:121,14,0,0
BRDA:121,14,1,0
BRDA:121,14,2,0
BRDA:126,15,0,0
BRDA:126,15,1,0
BRDA:141,16,0,0
BRDA:143,17,0,0
BRDA:143,17,1,0
BRDA:143,18,0,0
BRDA:143,18,1,0
BRDA:144,19,0,0
BRDA:144,19,1,0
BRDA:147,20,0,0
BRDA:147,20,1,0
BRDA:147,21,0,0
BRDA:147,21,1,0
BRDA:148,22,0,0
BRDA:148,22,1,0
BRDA:148,22,2,0
BRDA:149,23,0,0
BRDA:149,23,1,0
BRDA:150,24,0,0
BRDA:150,24,1,0
BRDA:169,25,0,0
BRDA:169,25,1,0
BRF:55
BRH:0
end_of_record
TN:
SF:src\utils\tls-sidecar.js
FN:27,(anonymous_0)
FN:44,(anonymous_1)
FN:81,(anonymous_2)
FN:86,(anonymous_3)
FN:91,(anonymous_4)
FN:99,(anonymous_5)
FN:103,(anonymous_6)
FN:128,(anonymous_7)
FN:134,(anonymous_8)
FN:135,(anonymous_9)
FN:143,(anonymous_10)
FN:160,(anonymous_11)
FN:168,(anonymous_12)
FN:180,(anonymous_13)
FN:208,(anonymous_14)
FN:231,(anonymous_15)
FN:244,(anonymous_16)
FN:245,(anonymous_17)
FN:246,(anonymous_18)
FN:248,(anonymous_19)
FN:249,(anonymous_20)
FN:253,(anonymous_21)
FN:254,(anonymous_22)
FN:261,(anonymous_23)
FN:263,(anonymous_24)
FN:275,(anonymous_25)
FN:283,sleep
FN:284,(anonymous_27)
FN:290,getTLSSidecar
FNF:29
FNH:0
FNDA:0,(anonymous_0)
FNDA:0,(anonymous_1)
FNDA:0,(anonymous_2)
FNDA:0,(anonymous_3)
FNDA:0,(anonymous_4)
FNDA:0,(anonymous_5)
FNDA:0,(anonymous_6)
FNDA:0,(anonymous_7)
FNDA:0,(anonymous_8)
FNDA:0,(anonymous_9)
FNDA:0,(anonymous_10)
FNDA:0,(anonymous_11)
FNDA:0,(anonymous_12)
FNDA:0,(anonymous_13)
FNDA:0,(anonymous_14)
FNDA:0,(anonymous_15)
FNDA:0,(anonymous_16)
FNDA:0,(anonymous_17)
FNDA:0,(anonymous_18)
FNDA:0,(anonymous_19)
FNDA:0,(anonymous_20)
FNDA:0,(anonymous_21)
FNDA:0,(anonymous_22)
FNDA:0,(anonymous_23)
FNDA:0,(anonymous_24)
FNDA:0,(anonymous_25)
FNDA:0,sleep
FNDA:0,(anonymous_27)
FNDA:0,getTLSSidecar
DA:17,0
DA:18,0
DA:20,0
DA:21,0
DA:22,0
DA:23,0
DA:24,0
DA:28,0
DA:29,0
DA:30,0
DA:31,0
DA:32,0
DA:33,0
DA:34,0
DA:45,0
DA:46,0
DA:47,0
DA:50,0
DA:51,0
DA:54,0
DA:55,0
DA:56,0
DA:57,0
DA:60,0
DA:62,0
DA:64,0
DA:65,0
DA:66,0
DA:68,0
DA:72,0
DA:81,0
DA:82,0
DA:83,0
DA:86,0
DA:87,0
DA:88,0
DA:91,0
DA:92,0
DA:93,0
DA:94,0
DA:96,0
DA:97,0
DA:98,0
DA:99,0
DA:103,0
DA:104,0
DA:105,0
DA:106,0
DA:110,0
DA:111,0
DA:112,0
DA:113,0
DA:114,0
DA:115,0
DA:117,0
DA:120,0
DA:121,0
DA:129,0
DA:130,0
DA:132,0
DA:133,0
DA:134,0
DA:135,0
DA:136,0
DA:137,0
DA:138,0
DA:140,0
DA:143,0
DA:144,0
DA:145,0
DA:146,0
DA:147,0
DA:148,0
DA:151,0
DA:161,0
DA:169,0
DA:181,0
DA:182,0
DA:185,0
DA:188,0
DA:191,0
DA:192,0
DA:193,0
DA:194,0
DA:198,0
DA:199,0
DA:201,0
DA:203,0
DA:209,0
DA:210,0
DA:211,0
DA:213,0
DA:221,0
DA:222,0
DA:223,0
DA:224,0
DA:228,0
DA:232,0
DA:233,0
DA:234,0
DA:235,0
DA:236,0
DA:238,0
DA:240,0
DA:241,0
DA:245,0
DA:246,0
DA:247,0
DA:248,0
DA:249,0
DA:250,0
DA:253,0
DA:254,0
DA:255,0
DA:256,0
DA:262,0
DA:263,0
DA:264,0
DA:265,0
DA:266,0
DA:267,0
DA:268,0
DA:269,0
DA:270,0
DA:276,0
DA:277,0
DA:278,0
DA:284,0
DA:288,0
DA:291,0
DA:292,0
DA:294,0
LF:132
LH:0
BRDA:44,0,0,0
BRDA:45,1,0,0
BRDA:45,1,1,0
BRDA:50,2,0,0
BRDA:50,2,1,0
BRDA:50,2,2,0
BRDA:54,3,0,0
BRDA:54,3,1,0
BRDA:55,4,0,0
BRDA:55,4,1,0
BRDA:64,5,0,0
BRDA:64,5,1,0
BRDA:83,6,0,0
BRDA:83,6,1,0
BRDA:88,7,0,0
BRDA:88,7,1,0
BRDA:96,8,0,0
BRDA:96,8,1,0
BRDA:96,9,0,0
BRDA:96,9,1,0
BRDA:111,10,0,0
BRDA:111,10,1,0
BRDA:132,11,0,0
BRDA:132,11,1,0
BRDA:136,12,0,0
BRDA:136,12,1,0
BRDA:161,13,0,0
BRDA:161,13,1,0
BRDA:169,14,0,0
BRDA:169,14,1,0
BRDA:181,15,0,0
BRDA:181,15,1,0
BRDA:191,16,0,0
BRDA:191,16,1,0
BRDA:193,17,0,0
BRDA:193,17,1,0
BRDA:211,18,0,0
BRDA:211,18,1,0
BRDA:223,19,0,0
BRDA:223,19,1,0
BRDA:223,20,0,0
BRDA:223,20,1,0
BRDA:231,21,0,0
BRDA:236,22,0,0
BRDA:236,22,1,0
BRDA:265,23,0,0
BRDA:265,23,1,0
BRDA:265,24,0,0
BRDA:265,24,1,0
BRDA:268,25,0,0
BRDA:268,25,1,0
BRDA:268,26,0,0
BRDA:268,26,1,0
BRDA:276,27,0,0
BRDA:276,27,1,0
BRDA:291,28,0,0
BRDA:291,28,1,0
BRF:57
BRH:0
end_of_record
TN:
SF:src\utils\token-utils.js
FN:7,getContentText
FN:12,(anonymous_1)
FN:23,(anonymous_2)
FN:40,processContent
FN:44,(anonymous_4)
FN:62,countTextTokens
FN:76,estimateInputTokens
FN:128,countTokensAnthropic
FNF:8
FNH:0
FNDA:0,getContentText
FNDA:0,(anonymous_1)
FNDA:0,(anonymous_2)
FNDA:0,processContent
FNDA:0,(anonymous_4)
FNDA:0,countTextTokens
FNDA:0,estimateInputTokens
FNDA:0,countTokensAnthropic
DA:8,0
DA:9,0
DA:11,0
DA:12,0
DA:13,0
DA:14,0
DA:15,0
DA:16,0
DA:18,0
DA:20,0
DA:21,0
DA:22,0
DA:23,0
DA:24,0
DA:25,0
DA:26,0
DA:27,0
DA:29,0
DA:32,0
DA:41,0
DA:42,0
DA:43,0
DA:44,0
DA:45,0
DA:46,0
DA:47,0
DA:48,0
DA:49,0
DA:50,0
DA:51,0
DA:53,0
DA:56,0
DA:63,0
DA:64,0
DA:65,0
DA:68,0
DA:69,0
DA:77,0
DA:80,0
DA:81,0
DA:85,0
DA:86,0
DA:87,0
DA:88,0
DA:89,0
DA:90,0
DA:91,0
DA:93,0
DA:94,0
DA:95,0
DA:96,0
DA:98,0
DA:99,0
DA:100,0
DA:101,0
DA:102,0
DA:107,0
DA:108,0
DA:109,0
DA:110,0
DA:116,0
DA:117,0
DA:120,0
DA:129,0
DA:130,0
DA:133,0
DA:134,0
DA:138,0
DA:139,0
DA:140,0
DA:141,0
DA:142,0
DA:143,0
DA:145,0
DA:146,0
DA:148,0
DA:150,0
DA:151,0
DA:154,0
DA:158,0
DA:165,0
DA:166,0
DA:169,0
LF:83
LH:0
BRDA:8,0,0,0
BRDA:8,0,1,0
BRDA:11,1,0,0
BRDA:11,1,1,0
BRDA:13,2,0,0
BRDA:13,2,1,0
BRDA:14,3,0,0
BRDA:14,3,1,0
BRDA:14,4,0,0
BRDA:14,4,1,0
BRDA:15,5,0,0
BRDA:15,5,1,0
BRDA:15,6,0,0
BRDA:15,6,1,0
BRDA:16,7,0,0
BRDA:16,7,1,0
BRDA:20,8,0,0
BRDA:20,8,1,0
BRDA:22,9,0,0
BRDA:22,9,1,0
BRDA:24,10,0,0
BRDA:24,10,1,0
BRDA:25,11,0,0
BRDA:25,11,1,0
BRDA:25,12,0,0
BRDA:25,12,1,0
BRDA:26,13,0,0
BRDA:26,13,1,0
BRDA:26,14,0,0
BRDA:26,14,1,0
BRDA:27,15,0,0
BRDA:27,15,1,0
BRDA:32,16,0,0
BRDA:32,16,1,0
BRDA:41,17,0,0
BRDA:41,17,1,0
BRDA:42,18,0,0
BRDA:42,18,1,0
BRDA:43,19,0,0
BRDA:43,19,1,0
BRDA:45,20,0,0
BRDA:45,20,1,0
BRDA:46,21,0,0
BRDA:46,21,1,0
BRDA:46,22,0,0
BRDA:46,22,1,0
BRDA:47,23,0,0
BRDA:47,23,1,0
BRDA:47,24,0,0
BRDA:47,24,1,0
BRDA:48,25,0,0
BRDA:48,25,1,0
BRDA:48,26,0,0
BRDA:48,26,1,0
BRDA:48,26,2,0
BRDA:49,27,0,0
BRDA:49,27,1,0
BRDA:50,28,0,0
BRDA:50,28,1,0
BRDA:50,29,0,0
BRDA:50,29,1,0
BRDA:51,30,0,0
BRDA:51,30,1,0
BRDA:63,31,0,0
BRDA:63,31,1,0
BRDA:69,32,0,0
BRDA:69,32,1,0
BRDA:80,33,0,0
BRDA:80,33,1,0
BRDA:85,34,0,0
BRDA:85,34,1,0
BRDA:85,35,0,0
BRDA:85,35,1,0
BRDA:87,36,0,0
BRDA:87,36,1,0
BRDA:90,37,0,0
BRDA:90,37,1,0
BRDA:90,38,0,0
BRDA:90,38,1,0
BRDA:94,39,0,0
BRDA:94,39,1,0
BRDA:98,40,0,0
BRDA:98,40,1,0
BRDA:99,41,0,0
BRDA:99,41,1,0
BRDA:101,42,0,0
BRDA:101,42,1,0
BRDA:101,43,0,0
BRDA:101,43,1,0
BRDA:101,43,2,0
BRDA:107,44,0,0
BRDA:107,44,1,0
BRDA:107,45,0,0
BRDA:107,45,1,0
BRDA:109,46,0,0
BRDA:109,46,1,0
BRDA:116,47,0,0
BRDA:116,47,1,0
BRDA:116,48,0,0
BRDA:116,48,1,0
BRDA:133,49,0,0
BRDA:133,49,1,0
BRDA:138,50,0,0
BRDA:138,50,1,0
BRDA:138,51,0,0
BRDA:138,51,1,0
BRDA:140,52,0,0
BRDA:140,52,1,0
BRDA:141,53,0,0
BRDA:141,53,1,0
BRDA:143,54,0,0
BRDA:143,54,1,0
BRDA:146,55,0,0
BRDA:146,55,1,0
BRDA:148,56,0,0
BRDA:148,56,1,0
BRDA:165,57,0,0
BRDA:165,57,1,0
BRDA:165,58,0,0
BRDA:165,58,1,0
BRF:120
BRH:0
end_of_record
