TN:
SF:src\auth\codex-oauth.js
FN:35,closeActiveServer
FN:41,(anonymous_1)
FN:42,(anonymous_2)
FN:48,(anonymous_3)
FN:49,(anonymous_4)
FN:78,(anonymous_5)
FN:98,(anonymous_6)
FN:115,(anonymous_7)
FN:154,(anonymous_8)
FN:204,(anonymous_9)
FN:269,(anonymous_10)
FN:273,(anonymous_11)
FN:276,(anonymous_12)
FN:344,(anonymous_13)
FN:350,(anonymous_14)
FN:366,(anonymous_15)
FN:367,(anonymous_16)
FN:368,(anonymous_17)
FN:373,(anonymous_18)
FN:384,(anonymous_19)
FN:398,(anonymous_20)
FN:431,(anonymous_21)
FN:474,(anonymous_22)
FN:495,(anonymous_23)
FN:533,(anonymous_24)
FN:548,(anonymous_25)
FN:581,(anonymous_26)
FN:593,(anonymous_27)
FN:616,(anonymous_28)
FN:660,batchImportCodexTokensStream
FN:782,refreshCodexTokensWithRetry
FN:796,(anonymous_31)
FN:810,handleCodexOAuth
FN:865,(anonymous_33)
FN:887,(anonymous_34)
FN:947,(anonymous_35)
FN:1007,handleCodexOAuthCallback
FNF:37
FNH:0
FNDA:0,closeActiveServer
FNDA:0,(anonymous_1)
FNDA:0,(anonymous_2)
FNDA:0,(anonymous_3)
FNDA:0,(anonymous_4)
FNDA:0,(anonymous_5)
FNDA:0,(anonymous_6)
FNDA:0,(anonymous_7)
FNDA:0,(anonymous_8)
FNDA:0,(anonymous_9)
FNDA:0,(anonymous_10)
FNDA:0,(anonymous_11)
FNDA:0,(anonymous_12)
FNDA:0,(anonymous_13)
FNDA:0,(anonymous_14)
FNDA:0,(anonymous_15)
FNDA:0,(anonymous_16)
FNDA:0,(anonymous_17)
FNDA:0,(anonymous_18)
FNDA:0,(anonymous_19)
FNDA:0,(anonymous_20)
FNDA:0,(anonymous_21)
FNDA:0,(anonymous_22)
FNDA:0,(anonymous_23)
FNDA:0,(anonymous_24)
FNDA:0,(anonymous_25)
FNDA:0,(anonymous_26)
FNDA:0,(anonymous_27)
FNDA:0,(anonymous_28)
FNDA:0,batchImportCodexTokensStream
FNDA:0,refreshCodexTokensWithRetry
FNDA:0,(anonymous_31)
FNDA:0,handleCodexOAuth
FNDA:0,(anonymous_33)
FNDA:0,(anonymous_34)
FNDA:0,(anonymous_35)
FNDA:0,handleCodexOAuthCallback
DA:17,0
DA:30,0
DA:36,0
DA:38,0
DA:39,0
DA:41,0
DA:42,0
DA:43,0
DA:44,0
DA:48,0
DA:49,0
DA:52,0
DA:53,0
DA:56,0
DA:59,0
DA:63,0
DA:64,0
DA:65,0
DA:67,0
DA:79,0
DA:82,0
DA:83,0
DA:84,0
DA:85,0
DA:86,0
DA:87,0
DA:90,0
DA:91,0
DA:100,0
DA:104,0
DA:108,0
DA:116,0
DA:117,0
DA:119,0
DA:122,0
DA:123,0
DA:126,0
DA:127,0
DA:128,0
DA:129,0
DA:130,0
DA:131,0
DA:132,0
DA:133,0
DA:134,0
DA:135,0
DA:136,0
DA:138,0
DA:156,0
DA:157,0
DA:161,0
DA:164,0
DA:167,0
DA:179,0
DA:180,0
DA:181,0
DA:183,0
DA:184,0
DA:185,0
DA:188,0
DA:189,0
DA:190,0
DA:193,0
DA:205,0
DA:206,0
DA:208,0
DA:211,0
DA:214,0
DA:215,0
DA:216,0
DA:217,0
DA:218,0
DA:219,0
DA:220,0
DA:221,0
DA:222,0
DA:223,0
DA:224,0
DA:226,0
DA:227,0
DA:229,0
DA:230,0
DA:232,0
DA:236,0
DA:239,0
DA:242,0
DA:245,0
DA:256,0
DA:258,0
DA:259,0
DA:260,0
DA:262,0
DA:271,0
DA:273,0
DA:274,0
DA:276,0
DA:277,0
DA:278,0
DA:279,0
DA:280,0
DA:281,0
DA:282,0
DA:284,0
DA:285,0
DA:286,0
DA:304,0
DA:305,0
DA:306,0
DA:307,0
DA:336,0
DA:338,0
DA:339,0
DA:340,0
DA:344,0
DA:345,0
DA:346,0
DA:347,0
DA:350,0
DA:351,0
DA:352,0
DA:354,0
DA:367,0
DA:368,0
DA:369,0
DA:370,0
DA:373,0
DA:374,0
DA:375,0
DA:377,0
DA:378,0
DA:380,0
DA:384,0
DA:385,0
DA:386,0
DA:387,0
DA:399,0
DA:401,0
DA:402,0
DA:419,0
DA:421,0
DA:422,0
DA:432,0
DA:434,0
DA:435,0
DA:450,0
DA:451,0
DA:453,0
DA:464,0
DA:465,0
DA:475,0
DA:476,0
DA:477,0
DA:478,0
DA:482,0
DA:483,0
DA:485,0
DA:486,0
DA:496,0
DA:500,0
DA:501,0
DA:504,0
DA:505,0
DA:506,0
DA:507,0
DA:508,0
DA:509,0
DA:512,0
DA:513,0
DA:514,0
DA:515,0
DA:517,0
DA:518,0
DA:521,0
DA:523,0
DA:524,0
DA:536,0
DA:537,0
DA:540,0
DA:541,0
DA:544,0
DA:545,0
DA:546,0
DA:547,0
DA:548,0
DA:552,0
DA:553,0
DA:555,0
DA:558,0
DA:559,0
DA:561,0
DA:565,0
DA:566,0
DA:567,0
DA:569,0
DA:570,0
DA:572,0
DA:584,0
DA:585,0
DA:587,0
DA:588,0
DA:590,0
DA:591,0
DA:592,0
DA:593,0
DA:594,0
DA:596,0
DA:598,0
DA:602,0
DA:603,0
DA:604,0
DA:606,0
DA:617,0
DA:618,0
DA:620,0
DA:621,0
DA:622,0
DA:625,0
DA:626,0
DA:627,0
DA:628,0
DA:629,0
DA:630,0
DA:631,0
DA:633,0
DA:634,0
DA:635,0
DA:645,0
DA:647,0
DA:648,0
DA:661,0
DA:662,0
DA:669,0
DA:670,0
DA:671,0
DA:677,0
DA:679,0
DA:680,0
DA:684,0
DA:685,0
DA:686,0
DA:689,0
DA:690,0
DA:691,0
DA:692,0
DA:698,0
DA:699,0
DA:700,0
DA:701,0
DA:707,0
DA:712,0
DA:724,0
DA:725,0
DA:727,0
DA:729,0
DA:734,0
DA:737,0
DA:743,0
DA:745,0
DA:750,0
DA:753,0
DA:755,0
DA:756,0
DA:764,0
DA:765,0
DA:772,0
DA:783,0
DA:786,0
DA:787,0
DA:788,0
DA:790,0
DA:791,0
DA:793,0
DA:795,0
DA:796,0
DA:801,0
DA:811,0
DA:813,0
DA:814,0
DA:817,0
DA:818,0
DA:819,0
DA:820,0
DA:822,0
DA:823,0
DA:826,0
DA:828,0
DA:834,0
DA:836,0
DA:839,0
DA:840,0
DA:843,0
DA:846,0
DA:847,0
DA:848,0
DA:849,0
DA:850,0
DA:853,0
DA:862,0
DA:865,0
DA:866,0
DA:867,0
DA:868,0
DA:871,0
DA:872,0
DA:873,0
DA:874,0
DA:877,0
DA:878,0
DA:884,0
DA:887,0
DA:888,0
DA:889,0
DA:890,0
DA:893,0
DA:894,0
DA:896,0
DA:897,0
DA:898,0
DA:899,0
DA:903,0
DA:906,0
DA:909,0
DA:910,0
DA:915,0
DA:919,0
DA:928,0
DA:930,0
DA:933,0
DA:934,0
DA:938,0
DA:947,0
DA:948,0
DA:949,0
DA:950,0
DA:953,0
DA:954,0
DA:956,0
DA:963,0
DA:982,0
DA:984,0
DA:1008,0
DA:1009,0
DA:1010,0
DA:1013,0
DA:1014,0
DA:1016,0
DA:1019,0
DA:1022,0
DA:1025,0
DA:1026,0
DA:1031,0
DA:1035,0
DA:1044,0
DA:1046,0
DA:1056,0
DA:1059,0
DA:1065,0
LF:357
LH:0
BRDA:18,0,0,0
BRDA:18,0,1,0
BRDA:35,1,0,0
BRDA:38,2,0,0
BRDA:38,2,1,0
BRDA:43,3,0,0
BRDA:43,3,1,0
BRDA:63,4,0,0
BRDA:63,4,1,0
BRDA:65,5,0,0
BRDA:65,5,1,0
BRDA:84,6,0,0
BRDA:84,6,1,0
BRDA:156,7,0,0
BRDA:156,7,1,0
BRDA:171,8,0,0
BRDA:171,8,1,0
BRDA:175,9,0,0
BRDA:175,9,1,0
BRDA:188,10,0,0
BRDA:188,10,1,0
BRDA:249,11,0,0
BRDA:249,11,1,0
BRDA:253,12,0,0
BRDA:253,12,1,0
BRDA:277,13,0,0
BRDA:277,13,1,0
BRDA:284,14,0,0
BRDA:284,14,1,0
BRDA:299,15,0,0
BRDA:299,15,1,0
BRDA:304,16,0,0
BRDA:304,16,1,0
BRDA:305,17,0,0
BRDA:305,17,1,0
BRDA:305,18,0,0
BRDA:305,18,1,0
BRDA:338,19,0,0
BRDA:338,19,1,0
BRDA:351,20,0,0
BRDA:351,20,1,0
BRDA:377,21,0,0
BRDA:377,21,1,0
BRDA:421,22,0,0
BRDA:421,22,1,0
BRDA:422,23,0,0
BRDA:422,23,1,0
BRDA:456,24,0,0
BRDA:456,24,1,0
BRDA:457,25,0,0
BRDA:457,25,1,0
BRDA:461,26,0,0
BRDA:461,26,1,0
BRDA:464,27,0,0
BRDA:464,27,1,0
BRDA:465,28,0,0
BRDA:465,28,1,0
BRDA:477,29,0,0
BRDA:477,29,1,0
BRDA:496,30,0,0
BRDA:496,30,1,0
BRDA:496,30,2,0
BRDA:500,31,0,0
BRDA:500,31,1,0
BRDA:536,32,0,0
BRDA:536,32,1,0
BRDA:546,33,0,0
BRDA:546,33,1,0
BRDA:548,34,0,0
BRDA:548,34,1,0
BRDA:552,35,0,0
BRDA:552,35,1,0
BRDA:558,36,0,0
BRDA:558,36,1,0
BRDA:569,37,0,0
BRDA:569,37,1,0
BRDA:584,38,0,0
BRDA:584,38,1,0
BRDA:592,39,0,0
BRDA:592,39,1,0
BRDA:594,40,0,0
BRDA:594,40,1,0
BRDA:621,41,0,0
BRDA:621,41,1,0
BRDA:627,42,0,0
BRDA:627,42,1,0
BRDA:633,43,0,0
BRDA:633,43,1,0
BRDA:633,44,0,0
BRDA:633,44,1,0
BRDA:633,44,2,0
BRDA:633,44,3,0
BRDA:660,45,0,0
BRDA:660,46,0,0
BRDA:679,47,0,0
BRDA:679,47,1,0
BRDA:679,48,0,0
BRDA:679,48,1,0
BRDA:685,49,0,0
BRDA:685,49,1,0
BRDA:689,50,0,0
BRDA:689,50,1,0
BRDA:691,51,0,0
BRDA:691,51,1,0
BRDA:700,52,0,0
BRDA:700,52,1,0
BRDA:720,53,0,0
BRDA:720,53,1,0
BRDA:755,54,0,0
BRDA:755,54,1,0
BRDA:764,55,0,0
BRDA:764,55,1,0
BRDA:782,56,0,0
BRDA:782,57,0,0
BRDA:793,58,0,0
BRDA:793,58,1,0
BRDA:810,59,0,0
BRDA:817,60,0,0
BRDA:817,60,1,0
BRDA:817,61,0,0
BRDA:817,61,1,0
BRDA:822,62,0,0
BRDA:822,62,1,0
BRDA:839,63,0,0
BRDA:839,63,1,0
BRDA:867,64,0,0
BRDA:867,64,1,0
BRDA:867,65,0,0
BRDA:867,65,1,0
BRDA:871,66,0,0
BRDA:871,66,1,0
BRDA:871,67,0,0
BRDA:871,67,1,0
BRDA:877,68,0,0
BRDA:877,68,1,0
BRDA:889,69,0,0
BRDA:889,69,1,0
BRDA:897,70,0,0
BRDA:897,70,1,0
BRDA:933,71,0,0
BRDA:933,71,1,0
BRDA:949,72,0,0
BRDA:949,72,1,0
BRDA:1009,73,0,0
BRDA:1009,73,1,0
BRDA:1009,74,0,0
BRDA:1009,74,1,0
BRF:147
BRH:0
end_of_record
TN:
SF:src\auth\gemini-oauth.js
FN:49,generateResponsePage
FN:128,closeActiveServer
FN:139,(anonymous_2)
FN:140,(anonymous_3)
FN:146,(anonymous_4)
FN:147,(anonymous_5)
FN:178,createOAuthCallbackServer
FN:183,(anonymous_7)
FN:189,(anonymous_8)
FN:196,(anonymous_9)
FN:259,(anonymous_10)
FN:277,(anonymous_11)
FN:292,(anonymous_12)
FN:299,(anonymous_13)
FN:311,(anonymous_14)
FN:315,(anonymous_15)
FN:323,(anonymous_16)
FN:343,handleGoogleOAuth
FN:402,handleGeminiCliOAuth
FN:412,handleGeminiAntigravityOAuth
FN:422,checkGeminiCredentialsDuplicate
FN:469,batchImportGeminiTokensStream
FNF:22
FNH:0
FNDA:0,generateResponsePage
FNDA:0,closeActiveServer
FNDA:0,(anonymous_2)
FNDA:0,(anonymous_3)
FNDA:0,(anonymous_4)
FNDA:0,(anonymous_5)
FNDA:0,createOAuthCallbackServer
FNDA:0,(anonymous_7)
FNDA:0,(anonymous_8)
FNDA:0,(anonymous_9)
FNDA:0,(anonymous_10)
FNDA:0,(anonymous_11)
FNDA:0,(anonymous_12)
FNDA:0,(anonymous_13)
FNDA:0,(anonymous_14)
FNDA:0,(anonymous_15)
FNDA:0,(anonymous_16)
FNDA:0,handleGoogleOAuth
FNDA:0,handleGeminiCliOAuth
FNDA:0,handleGeminiAntigravityOAuth
FNDA:0,checkGeminiCredentialsDuplicate
FNDA:0,batchImportGeminiTokensStream
DA:16,0
DA:40,0
DA:50,0
DA:51,0
DA:52,0
DA:84,0
DA:130,0
DA:131,0
DA:133,0
DA:134,0
DA:135,0
DA:138,0
DA:139,0
DA:140,0
DA:141,0
DA:142,0
DA:146,0
DA:147,0
DA:150,0
DA:151,0
DA:153,0
DA:155,0
DA:160,0
DA:161,0
DA:162,0
DA:163,0
DA:179,0
DA:181,0
DA:183,0
DA:184,0
DA:185,0
DA:186,0
DA:187,0
DA:189,0
DA:190,0
DA:191,0
DA:192,0
DA:196,0
DA:197,0
DA:198,0
DA:199,0
DA:200,0
DA:202,0
DA:203,0
DA:204,0
DA:206,0
DA:207,0
DA:208,0
DA:211,0
DA:212,0
DA:213,0
DA:214,0
DA:215,0
DA:216,0
DA:217,0
DA:220,0
DA:221,0
DA:222,0
DA:224,0
DA:227,0
DA:228,0
DA:233,0
DA:237,0
DA:244,0
DA:245,0
DA:247,0
DA:250,0
DA:256,0
DA:257,0
DA:259,0
DA:260,0
DA:263,0
DA:264,0
DA:265,0
DA:266,0
DA:269,0
DA:275,0
DA:276,0
DA:277,0
DA:278,0
DA:281,0
DA:282,0
DA:283,0
DA:286,0
DA:287,0
DA:288,0
DA:289,0
DA:291,0
DA:292,0
DA:293,0
DA:299,0
DA:300,0
DA:301,0
DA:302,0
DA:303,0
DA:305,0
DA:306,0
DA:310,0
DA:311,0
DA:312,0
DA:315,0
DA:316,0
DA:317,0
DA:318,0
DA:320,0
DA:321,0
DA:322,0
DA:323,0
DA:324,0
DA:330,0
DA:331,0
DA:344,0
DA:345,0
DA:346,0
DA:349,0
DA:350,0
DA:351,0
DA:354,0
DA:357,0
DA:362,0
DA:363,0
DA:364,0
DA:367,0
DA:368,0
DA:370,0
DA:377,0
DA:379,0
DA:380,0
DA:382,0
DA:385,0
DA:403,0
DA:413,0
DA:423,0
DA:424,0
DA:426,0
DA:427,0
DA:429,0
DA:430,0
DA:431,0
DA:434,0
DA:435,0
DA:436,0
DA:437,0
DA:438,0
DA:439,0
DA:440,0
DA:442,0
DA:443,0
DA:444,0
DA:454,0
DA:456,0
DA:457,0
DA:470,0
DA:471,0
DA:472,0
DA:475,0
DA:482,0
DA:483,0
DA:484,0
DA:490,0
DA:492,0
DA:493,0
DA:497,0
DA:498,0
DA:499,0
DA:500,0
DA:506,0
DA:507,0
DA:508,0
DA:509,0
DA:515,0
DA:520,0
DA:521,0
DA:522,0
DA:523,0
DA:525,0
DA:526,0
DA:529,0
DA:530,0
DA:532,0
DA:534,0
DA:536,0
DA:541,0
DA:544,0
DA:545,0
DA:550,0
DA:554,0
DA:556,0
DA:561,0
DA:564,0
DA:567,0
DA:568,0
DA:577,0
DA:578,0
DA:585,0
LF:195
LH:0
BRDA:18,0,0,0
BRDA:18,0,1,0
BRDA:19,1,0,0
BRDA:19,1,1,0
BRDA:27,2,0,0
BRDA:27,2,1,0
BRDA:28,3,0,0
BRDA:28,3,1,0
BRDA:49,4,0,0
BRDA:50,5,0,0
BRDA:50,5,1,0
BRDA:52,6,0,0
BRDA:52,6,1,0
BRDA:109,7,0,0
BRDA:109,7,1,0
BRDA:115,8,0,0
BRDA:115,8,1,0
BRDA:128,9,0,0
BRDA:131,10,0,0
BRDA:131,10,1,0
BRDA:133,11,0,0
BRDA:133,11,1,0
BRDA:141,12,0,0
BRDA:141,12,1,0
BRDA:160,13,0,0
BRDA:160,13,1,0
BRDA:162,14,0,0
BRDA:162,14,1,0
BRDA:178,15,0,0
BRDA:179,16,0,0
BRDA:179,16,1,0
BRDA:190,17,0,0
BRDA:190,17,1,0
BRDA:202,18,0,0
BRDA:202,18,1,0
BRDA:211,19,0,0
BRDA:211,19,1,0
BRDA:263,20,0,0
BRDA:263,20,1,0
BRDA:291,21,0,0
BRDA:291,21,1,0
BRDA:301,22,0,0
BRDA:301,22,1,0
BRDA:317,23,0,0
BRDA:317,23,1,0
BRDA:322,24,0,0
BRDA:322,24,1,0
BRDA:343,25,0,0
BRDA:345,26,0,0
BRDA:345,26,1,0
BRDA:349,27,0,0
BRDA:349,27,1,0
BRDA:362,28,0,0
BRDA:362,28,1,0
BRDA:402,29,0,0
BRDA:412,30,0,0
BRDA:424,31,0,0
BRDA:424,31,1,0
BRDA:430,32,0,0
BRDA:430,32,1,0
BRDA:436,33,0,0
BRDA:436,33,1,0
BRDA:442,34,0,0
BRDA:442,34,1,0
BRDA:469,35,0,0
BRDA:469,36,0,0
BRDA:471,37,0,0
BRDA:471,37,1,0
BRDA:492,38,0,0
BRDA:492,38,1,0
BRDA:492,39,0,0
BRDA:492,39,1,0
BRDA:497,40,0,0
BRDA:497,40,1,0
BRDA:499,41,0,0
BRDA:499,41,1,0
BRDA:508,42,0,0
BRDA:508,42,1,0
BRDA:529,43,0,0
BRDA:529,43,1,0
BRDA:530,44,0,0
BRDA:530,44,1,0
BRDA:567,45,0,0
BRDA:567,45,1,0
BRDA:577,46,0,0
BRDA:577,46,1,0
BRF:86
BRH:0
end_of_record
TN:
SF:src\auth\iflow-oauth.js
FN:7,handleIFlowOAuth
FNF:1
FNH:0
FNDA:0,handleIFlowOAuth
DA:10,0
DA:11,0
DA:16,0
LF:3
LH:0
BRDA:7,0,0,0
BRF:1
BRH:0
end_of_record
TN:
SF:src\auth\index.js
FNF:0
FNH:0
LF:0
LH:0
BRF:0
BRH:0
end_of_record
TN:
SF:src\auth\kimi-oauth-handler.js
FN:35,_saveKimiTokenWithDedup
FN:46,(anonymous_1)
FN:69,completeKimiOAuth
FN:133,checkKimiAuthStatus
FN:243,handleKimiOAuth
FN:264,(anonymous_5)
FN:294,batchImportKimiRefreshTokens
FN:338,(anonymous_7)
FN:362,batchImportKimiRefreshTokensStream
FN:424,(anonymous_9)
FN:466,checkKimiCredentialsDuplicate
FN:485,(anonymous_11)
FN:514,refreshKimiTokens
FN:520,(anonymous_13)
FN:556,(anonymous_14)
FNF:15
FNH:0
FNDA:0,_saveKimiTokenWithDedup
FNDA:0,(anonymous_1)
FNDA:0,completeKimiOAuth
FNDA:0,checkKimiAuthStatus
FNDA:0,handleKimiOAuth
FNDA:0,(anonymous_5)
FNDA:0,batchImportKimiRefreshTokens
FNDA:0,(anonymous_7)
FNDA:0,batchImportKimiRefreshTokensStream
FNDA:0,(anonymous_9)
FNDA:0,checkKimiCredentialsDuplicate
FNDA:0,(anonymous_11)
FNDA:0,refreshKimiTokens
FNDA:0,(anonymous_13)
FNDA:0,(anonymous_14)
DA:20,0
DA:21,0
DA:22,0
DA:25,0
DA:37,0
DA:38,0
DA:39,0
DA:42,0
DA:43,0
DA:44,0
DA:45,0
DA:46,0
DA:47,0
DA:50,0
DA:54,0
DA:55,0
DA:56,0
DA:58,0
DA:59,0
DA:70,0
DA:71,0
DA:72,0
DA:73,0
DA:76,0
DA:79,0
DA:82,0
DA:83,0
DA:91,0
DA:94,0
DA:100,0
DA:101,0
DA:103,0
DA:104,0
DA:105,0
DA:107,0
DA:109,0
DA:121,0
DA:122,0
DA:134,0
DA:136,0
DA:137,0
DA:138,0
DA:140,0
DA:141,0
DA:143,0
DA:144,0
DA:147,0
DA:150,0
DA:151,0
DA:155,0
DA:157,0
DA:162,0
DA:164,0
DA:165,0
DA:167,0
DA:168,0
DA:169,0
DA:170,0
DA:171,0
DA:174,0
DA:175,0
DA:177,0
DA:178,0
DA:179,0
DA:180,0
DA:184,0
DA:186,0
DA:187,0
DA:190,0
DA:191,0
DA:197,0
DA:199,0
DA:213,0
DA:214,0
DA:217,0
DA:226,0
DA:227,0
DA:228,0
DA:232,0
DA:233,0
DA:244,0
DA:245,0
DA:248,0
DA:251,0
DA:253,0
DA:254,0
DA:255,0
DA:256,0
DA:257,0
DA:260,0
DA:264,0
DA:265,0
DA:266,0
DA:268,0
DA:280,0
DA:282,0
DA:283,0
DA:295,0
DA:296,0
DA:299,0
DA:301,0
DA:309,0
DA:311,0
DA:312,0
DA:313,0
DA:315,0
DA:316,0
DA:319,0
DA:327,0
DA:330,0
DA:331,0
DA:332,0
DA:333,0
DA:334,0
DA:338,0
DA:340,0
DA:341,0
DA:342,0
DA:346,0
DA:347,0
DA:348,0
DA:349,0
DA:350,0
DA:351,0
DA:353,0
DA:363,0
DA:365,0
DA:367,0
DA:375,0
DA:377,0
DA:378,0
DA:379,0
DA:381,0
DA:382,0
DA:385,0
DA:393,0
DA:396,0
DA:398,0
DA:399,0
DA:400,0
DA:401,0
DA:402,0
DA:409,0
DA:410,0
DA:411,0
DA:418,0
DA:424,0
DA:426,0
DA:427,0
DA:428,0
DA:435,0
DA:436,0
DA:437,0
DA:444,0
DA:450,0
DA:451,0
DA:452,0
DA:453,0
DA:454,0
DA:455,0
DA:457,0
DA:468,0
DA:469,0
DA:471,0
DA:472,0
DA:475,0
DA:476,0
DA:479,0
DA:480,0
DA:481,0
DA:484,0
DA:485,0
DA:487,0
DA:488,0
DA:490,0
DA:491,0
DA:494,0
DA:496,0
DA:497,0
DA:505,0
DA:515,0
DA:516,0
DA:519,0
DA:520,0
DA:522,0
DA:530,0
DA:532,0
DA:533,0
DA:535,0
DA:536,0
DA:538,0
DA:539,0
DA:540,0
DA:543,0
DA:544,0
DA:545,0
DA:546,0
DA:549,0
DA:550,0
DA:552,0
DA:553,0
DA:554,0
DA:556,0
DA:558,0
DA:559,0
DA:560,0
DA:564,0
DA:565,0
DA:566,0
DA:567,0
DA:568,0
DA:569,0
DA:571,0
LF:213
LH:0
BRDA:44,0,0,0
BRDA:44,0,1,0
BRDA:69,1,0,0
BRDA:69,2,0,0
BRDA:72,3,0,0
BRDA:72,3,1,0
BRDA:86,4,0,0
BRDA:86,4,1,0
BRDA:87,5,0,0
BRDA:87,5,1,0
BRDA:133,6,0,0
BRDA:143,7,0,0
BRDA:143,7,1,0
BRDA:147,8,0,0
BRDA:147,8,1,0
BRDA:217,9,0,0
BRDA:217,9,1,0
BRDA:219,10,0,0
BRDA:219,10,1,0
BRDA:219,10,2,0
BRDA:219,10,3,0
BRDA:219,10,4,0
BRDA:219,10,5,0
BRDA:226,11,0,0
BRDA:226,11,1,0
BRDA:243,12,0,0
BRDA:243,13,0,0
BRDA:254,14,0,0
BRDA:254,14,1,0
BRDA:257,15,0,0
BRDA:257,15,1,0
BRDA:260,16,0,0
BRDA:260,16,1,0
BRDA:265,17,0,0
BRDA:265,17,1,0
BRDA:265,18,0,0
BRDA:265,18,1,0
BRDA:269,19,0,0
BRDA:269,19,1,0
BRDA:277,20,0,0
BRDA:277,20,1,0
BRDA:294,21,0,0
BRDA:295,22,0,0
BRDA:295,22,1,0
BRDA:295,23,0,0
BRDA:295,23,1,0
BRDA:313,24,0,0
BRDA:313,24,1,0
BRDA:331,25,0,0
BRDA:331,25,1,0
BRDA:333,26,0,0
BRDA:333,26,1,0
BRDA:362,27,0,0
BRDA:379,28,0,0
BRDA:379,28,1,0
BRDA:398,29,0,0
BRDA:398,29,1,0
BRDA:400,30,0,0
BRDA:400,30,1,0
BRDA:409,31,0,0
BRDA:409,31,1,0
BRDA:435,32,0,0
BRDA:435,32,1,0
BRDA:475,33,0,0
BRDA:475,33,1,0
BRDA:480,34,0,0
BRDA:480,34,1,0
BRDA:485,35,0,0
BRDA:485,35,1,0
BRDA:496,36,0,0
BRDA:496,36,1,0
BRDA:496,37,0,0
BRDA:496,37,1,0
BRDA:514,38,0,0
BRDA:515,39,0,0
BRDA:515,39,1,0
BRDA:538,40,0,0
BRDA:538,40,1,0
BRDA:543,41,0,0
BRDA:543,41,1,0
BRF:80
BRH:0
end_of_record
TN:
SF:src\auth\kimi-oauth.js
FN:41,getDeviceModel
FN:60,getHostname
FN:73,getOrCreateDeviceId
FN:80,(anonymous_3)
FN:83,(anonymous_4)
FN:113,(anonymous_5)
FN:120,(anonymous_6)
FN:131,(anonymous_7)
FN:149,(anonymous_8)
FN:163,(anonymous_9)
FN:178,(anonymous_10)
FN:224,(anonymous_11)
FN:247,(anonymous_12)
FN:282,(anonymous_13)
FN:376,(anonymous_14)
FN:431,(anonymous_15)
FN:447,(anonymous_16)
FN:467,(anonymous_17)
FN:474,(anonymous_18)
FN:490,(anonymous_19)
FN:506,startKimiDeviceFlow
FN:530,refreshKimiToken
FNF:22
FNH:0
FNDA:0,getDeviceModel
FNDA:0,getHostname
FNDA:0,getOrCreateDeviceId
FNDA:0,(anonymous_3)
FNDA:0,(anonymous_4)
FNDA:0,(anonymous_5)
FNDA:0,(anonymous_6)
FNDA:0,(anonymous_7)
FNDA:0,(anonymous_8)
FNDA:0,(anonymous_9)
FNDA:0,(anonymous_10)
FNDA:0,(anonymous_11)
FNDA:0,(anonymous_12)
FNDA:0,(anonymous_13)
FNDA:0,(anonymous_14)
FNDA:0,(anonymous_15)
FNDA:0,(anonymous_16)
FNDA:0,(anonymous_17)
FNDA:0,(anonymous_18)
FNDA:0,(anonymous_19)
FNDA:0,startKimiDeviceFlow
FNDA:0,refreshKimiToken
DA:16,6
DA:19,6
DA:20,6
DA:22,6
DA:23,6
DA:24,6
DA:25,6
DA:26,6
DA:29,6
DA:30,6
DA:33,6
DA:34,6
DA:35,6
DA:36,6
DA:42,0
DA:43,0
DA:45,0
DA:47,0
DA:49,0
DA:51,0
DA:53,0
DA:61,0
DA:62,0
DA:64,0
DA:74,0
DA:75,0
DA:79,0
DA:80,0
DA:83,0
DA:86,0
DA:87,0
DA:88,0
DA:89,0
DA:90,0
DA:93,0
DA:94,0
DA:95,0
DA:96,0
DA:97,0
DA:104,0
DA:105,0
DA:106,0
DA:107,0
DA:109,0
DA:113,0
DA:121,0
DA:124,0
DA:125,0
DA:128,0
DA:131,0
DA:135,0
DA:138,0
DA:139,0
DA:140,0
DA:143,0
DA:150,0
DA:151,0
DA:164,0
DA:165,0
DA:167,0
DA:168,0
DA:169,0
DA:171,0
DA:179,0
DA:180,0
DA:181,0
DA:182,0
DA:196,0
DA:198,0
DA:199,0
DA:202,0
DA:205,0
DA:213,0
DA:215,0
DA:216,0
DA:226,0
DA:227,0
DA:228,0
DA:231,0
DA:232,0
DA:233,0
DA:234,0
DA:235,0
DA:236,0
DA:239,0
DA:242,0
DA:243,0
DA:244,0
DA:246,0
DA:247,0
DA:249,0
DA:250,0
DA:252,0
DA:254,0
DA:255,0
DA:256,0
DA:260,0
DA:261,0
DA:262,0
DA:265,0
DA:266,0
DA:267,0
DA:269,0
DA:273,0
DA:274,0
DA:283,0
DA:284,0
DA:285,0
DA:302,0
DA:305,0
DA:306,0
DA:308,0
DA:309,0
DA:311,0
DA:312,0
DA:314,0
DA:316,0
DA:318,0
DA:323,0
DA:324,0
DA:325,0
DA:329,0
DA:333,0
DA:334,0
DA:342,0
DA:344,0
DA:346,0
DA:348,0
DA:349,0
DA:350,0
DA:351,0
DA:352,0
DA:361,0
DA:362,0
DA:369,0
DA:377,0
DA:378,0
DA:379,0
DA:395,0
DA:396,0
DA:399,0
DA:400,0
DA:403,0
DA:405,0
DA:406,0
DA:409,0
DA:413,0
DA:421,0
DA:422,0
DA:432,0
DA:433,0
DA:434,0
DA:435,0
DA:436,0
DA:437,0
DA:440,0
DA:441,0
DA:449,0
DA:450,0
DA:453,0
DA:454,0
DA:455,0
DA:456,0
DA:458,0
DA:460,0
DA:468,0
DA:475,0
DA:491,0
DA:507,0
DA:509,0
DA:512,0
DA:514,0
DA:515,0
DA:516,0
DA:517,0
DA:520,0
DA:522,0
DA:524,0
DA:531,0
DA:532,0
DA:535,0
DA:537,0
DA:542,0
DA:544,0
DA:546,0
LF:185
LH:14
BRDA:16,0,0,6
BRDA:16,0,1,6
BRDA:19,1,0,6
BRDA:19,1,1,0
BRDA:45,2,0,0
BRDA:45,2,1,0
BRDA:45,2,2,0
BRDA:45,2,3,0
BRDA:74,3,0,0
BRDA:74,3,1,0
BRDA:79,4,0,0
BRDA:79,4,1,0
BRDA:95,5,0,0
BRDA:95,5,1,0
BRDA:120,6,0,0
BRDA:125,7,0,0
BRDA:125,7,1,0
BRDA:135,8,0,0
BRDA:135,8,1,0
BRDA:139,9,0,0
BRDA:139,9,1,0
BRDA:164,10,0,0
BRDA:164,10,1,0
BRDA:167,11,0,0
BRDA:167,11,1,0
BRDA:198,12,0,0
BRDA:198,12,1,0
BRDA:226,13,0,0
BRDA:226,13,1,0
BRDA:227,14,0,0
BRDA:227,14,1,0
BRDA:233,15,0,0
BRDA:233,15,1,0
BRDA:235,16,0,0
BRDA:235,16,1,0
BRDA:254,17,0,0
BRDA:254,17,1,0
BRDA:260,18,0,0
BRDA:260,18,1,0
BRDA:265,19,0,0
BRDA:265,19,1,0
BRDA:305,20,0,0
BRDA:305,20,1,0
BRDA:306,21,0,0
BRDA:306,21,1,0
BRDA:306,21,2,0
BRDA:306,21,3,0
BRDA:306,21,4,0
BRDA:318,22,0,0
BRDA:318,22,1,0
BRDA:323,23,0,0
BRDA:323,23,1,0
BRDA:329,24,0,0
BRDA:329,24,1,0
BRDA:337,25,0,0
BRDA:337,25,1,0
BRDA:348,26,0,0
BRDA:348,26,1,0
BRDA:351,27,0,0
BRDA:351,27,1,0
BRDA:354,28,0,0
BRDA:354,28,1,0
BRDA:355,29,0,0
BRDA:355,29,1,0
BRDA:362,30,0,0
BRDA:362,30,1,0
BRDA:362,30,2,0
BRDA:362,30,3,0
BRDA:362,30,4,0
BRDA:395,31,0,0
BRDA:395,31,1,0
BRDA:395,32,0,0
BRDA:395,32,1,0
BRDA:399,33,0,0
BRDA:399,33,1,0
BRDA:405,34,0,0
BRDA:405,34,1,0
BRDA:409,35,0,0
BRDA:409,35,1,0
BRDA:415,36,0,0
BRDA:415,36,1,0
BRDA:416,37,0,0
BRDA:416,37,1,0
BRDA:434,38,0,0
BRDA:434,38,1,0
BRDA:435,39,0,0
BRDA:435,39,1,0
BRDA:436,40,0,0
BRDA:436,40,1,0
BRDA:437,41,0,0
BRDA:437,41,1,0
BRDA:441,42,0,0
BRDA:441,42,1,0
BRDA:449,43,0,0
BRDA:449,43,1,0
BRDA:468,44,0,0
BRDA:468,44,1,0
BRDA:483,45,0,0
BRDA:483,45,1,0
BRDA:497,46,0,0
BRDA:497,46,1,0
BRDA:506,47,0,0
BRDA:515,48,0,0
BRDA:515,48,1,0
BRDA:530,49,0,0
BRDA:531,50,0,0
BRDA:531,50,1,0
BRF:107
BRH:3
end_of_record
TN:
SF:src\auth\kiro-oauth.js
FN:70,fetchWithProxy
FN:103,(anonymous_1)
FN:104,(anonymous_2)
FN:115,(anonymous_3)
FN:116,(anonymous_4)
FN:130,generateResponsePage
FN:191,generateCodeVerifier
FN:200,generateCodeChallenge
FN:214,handleKiroOAuth
FN:234,handleKiroSocialAuth
FN:287,handleKiroBuilderIDDeviceCode
FN:355,(anonymous_11)
FN:383,pollKiroBuilderIDToken
FN:393,(anonymous_13)
FN:475,(anonymous_14)
FN:478,(anonymous_15)
FN:488,(anonymous_16)
FN:499,stopKiroPollingTask
FN:511,startKiroCallbackServer
FN:535,closeKiroServer
FN:539,(anonymous_20)
FN:540,(anonymous_21)
FN:546,(anonymous_22)
FN:547,(anonymous_23)
FN:571,createKiroHttpCallbackServer
FN:574,(anonymous_25)
FN:575,(anonymous_26)
FN:667,(anonymous_27)
FN:683,(anonymous_28)
FN:686,(anonymous_29)
FN:688,(anonymous_30)
FN:716,refreshKiroToken
FN:720,(anonymous_32)
FN:772,checkKiroCredentialsDuplicate
FN:782,(anonymous_34)
FN:831,batchImportKiroRefreshTokens
FN:938,batchImportKiroRefreshTokensStream
FN:1080,importAwsCredentials
FNF:38
FNH:0
FNDA:0,fetchWithProxy
FNDA:0,(anonymous_1)
FNDA:0,(anonymous_2)
FNDA:0,(anonymous_3)
FNDA:0,(anonymous_4)
FNDA:0,generateResponsePage
FNDA:0,generateCodeVerifier
FNDA:0,generateCodeChallenge
FNDA:0,handleKiroOAuth
FNDA:0,handleKiroSocialAuth
FNDA:0,handleKiroBuilderIDDeviceCode
FNDA:0,(anonymous_11)
FNDA:0,pollKiroBuilderIDToken
FNDA:0,(anonymous_13)
FNDA:0,(anonymous_14)
FNDA:0,(anonymous_15)
FNDA:0,(anonymous_16)
FNDA:0,stopKiroPollingTask
FNDA:0,startKiroCallbackServer
FNDA:0,closeKiroServer
FNDA:0,(anonymous_20)
FNDA:0,(anonymous_21)
FNDA:0,(anonymous_22)
FNDA:0,(anonymous_23)
FNDA:0,createKiroHttpCallbackServer
FNDA:0,(anonymous_25)
FNDA:0,(anonymous_26)
FNDA:0,(anonymous_27)
FNDA:0,(anonymous_28)
FNDA:0,(anonymous_29)
FNDA:0,(anonymous_30)
FNDA:0,refreshKiroToken
FNDA:0,(anonymous_32)
FNDA:0,checkKiroCredentialsDuplicate
FNDA:0,(anonymous_34)
FNDA:0,batchImportKiroRefreshTokens
FNDA:0,batchImportKiroRefreshTokensStream
FNDA:0,importAwsCredentials
DA:17,0
DA:55,0
DA:60,0
DA:71,0
DA:74,0
DA:82,0
DA:83,0
DA:87,0
DA:88,0
DA:89,0
DA:90,0
DA:91,0
DA:94,0
DA:95,0
DA:98,0
DA:103,0
DA:104,0
DA:108,0
DA:110,0
DA:115,0
DA:116,0
DA:120,0
DA:131,0
DA:132,0
DA:133,0
DA:148,0
DA:192,0
DA:201,0
DA:202,0
DA:203,0
DA:215,0
DA:217,0
DA:219,0
DA:221,0
DA:223,0
DA:225,0
DA:227,0
DA:236,0
DA:237,0
DA:238,0
DA:242,0
DA:243,0
DA:244,0
DA:245,0
DA:246,0
DA:247,0
DA:248,0
DA:250,0
DA:255,0
DA:256,0
DA:257,0
DA:259,0
DA:262,0
DA:270,0
DA:289,0
DA:290,0
DA:291,0
DA:296,0
DA:297,0
DA:300,0
DA:301,0
DA:303,0
DA:317,0
DA:318,0
DA:321,0
DA:324,0
DA:336,0
DA:337,0
DA:340,0
DA:343,0
DA:347,0
DA:356,0
DA:357,0
DA:364,0
DA:384,0
DA:385,0
DA:386,0
DA:388,0
DA:389,0
DA:391,0
DA:393,0
DA:394,0
DA:395,0
DA:398,0
DA:399,0
DA:400,0
DA:403,0
DA:405,0
DA:406,0
DA:407,0
DA:408,0
DA:422,0
DA:424,0
DA:425,0
DA:428,0
DA:429,0
DA:430,0
DA:431,0
DA:432,0
DA:433,0
DA:436,0
DA:446,0
DA:447,0
DA:449,0
DA:452,0
DA:453,0
DA:458,0
DA:462,0
DA:469,0
DA:473,0
DA:474,0
DA:475,0
DA:476,0
DA:477,0
DA:478,0
DA:479,0
DA:481,0
DA:482,0
DA:485,0
DA:486,0
DA:488,0
DA:489,0
DA:493,0
DA:500,0
DA:501,0
DA:502,0
DA:503,0
DA:504,0
DA:512,0
DA:513,0
DA:515,0
DA:517,0
DA:519,0
DA:520,0
DA:521,0
DA:522,0
DA:523,0
DA:525,0
DA:529,0
DA:536,0
DA:537,0
DA:538,0
DA:539,0
DA:540,0
DA:541,0
DA:542,0
DA:546,0
DA:547,0
DA:550,0
DA:551,0
DA:553,0
DA:555,0
DA:559,0
DA:560,0
DA:561,0
DA:562,0
DA:572,0
DA:574,0
DA:575,0
DA:576,0
DA:577,0
DA:579,0
DA:580,0
DA:581,0
DA:582,0
DA:584,0
DA:585,0
DA:586,0
DA:587,0
DA:590,0
DA:591,0
DA:592,0
DA:593,0
DA:597,0
DA:610,0
DA:611,0
DA:612,0
DA:613,0
DA:614,0
DA:615,0
DA:618,0
DA:621,0
DA:623,0
DA:624,0
DA:625,0
DA:626,0
DA:627,0
DA:628,0
DA:631,0
DA:640,0
DA:641,0
DA:643,0
DA:646,0
DA:647,0
DA:652,0
DA:656,0
DA:663,0
DA:664,0
DA:667,0
DA:668,0
DA:672,0
DA:673,0
DA:676,0
DA:677,0
DA:678,0
DA:682,0
DA:683,0
DA:686,0
DA:687,0
DA:688,0
DA:689,0
DA:699,0
DA:717,0
DA:719,0
DA:720,0
DA:722,0
DA:723,0
DA:732,0
DA:734,0
DA:735,0
DA:736,0
DA:739,0
DA:741,0
DA:742,0
DA:745,0
DA:746,0
DA:748,0
DA:758,0
DA:759,0
DA:760,0
DA:762,0
DA:773,0
DA:775,0
DA:777,0
DA:778,0
DA:782,0
DA:783,0
DA:785,0
DA:786,0
DA:788,0
DA:789,0
DA:790,0
DA:791,0
DA:793,0
DA:794,0
DA:795,0
DA:796,0
DA:799,0
DA:800,0
DA:801,0
DA:802,0
DA:813,0
DA:816,0
DA:819,0
DA:820,0
DA:832,0
DA:839,0
DA:840,0
DA:842,0
DA:843,0
DA:848,0
DA:849,0
DA:853,0
DA:854,0
DA:855,0
DA:856,0
DA:862,0
DA:863,0
DA:867,0
DA:868,0
DA:870,0
DA:873,0
DA:874,0
DA:875,0
DA:876,0
DA:878,0
DA:879,0
DA:881,0
DA:883,0
DA:885,0
DA:891,0
DA:894,0
DA:896,0
DA:901,0
DA:906,0
DA:907,0
DA:908,0
DA:909,0
DA:910,0
DA:915,0
DA:920,0
DA:927,0
DA:939,0
DA:946,0
DA:947,0
DA:948,0
DA:954,0
DA:955,0
DA:960,0
DA:961,0
DA:964,0
DA:965,0
DA:971,0
DA:975,0
DA:976,0
DA:977,0
DA:978,0
DA:984,0
DA:985,0
DA:988,0
DA:989,0
DA:995,0
DA:999,0
DA:1000,0
DA:1002,0
DA:1005,0
DA:1006,0
DA:1007,0
DA:1008,0
DA:1010,0
DA:1011,0
DA:1013,0
DA:1015,0
DA:1017,0
DA:1023,0
DA:1024,0
DA:1027,0
DA:1029,0
DA:1034,0
DA:1035,0
DA:1039,0
DA:1040,0
DA:1049,0
DA:1050,0
DA:1051,0
DA:1052,0
DA:1053,0
DA:1058,0
DA:1063,0
DA:1070,0
DA:1081,0
DA:1083,0
DA:1084,0
DA:1085,0
DA:1086,0
DA:1087,0
DA:1089,0
DA:1090,0
DA:1097,0
DA:1098,0
DA:1099,0
DA:1100,0
DA:1108,0
DA:1111,0
DA:1121,0
DA:1122,0
DA:1124,0
DA:1125,0
DA:1127,0
DA:1128,0
DA:1132,0
DA:1133,0
DA:1135,0
DA:1136,0
DA:1138,0
DA:1151,0
DA:1152,0
DA:1153,0
DA:1154,0
DA:1155,0
DA:1156,0
DA:1157,0
DA:1159,0
DA:1162,0
DA:1167,0
DA:1168,0
DA:1169,0
DA:1170,0
DA:1172,0
DA:1173,0
DA:1175,0
DA:1177,0
DA:1180,0
DA:1181,0
DA:1186,0
DA:1190,0
DA:1196,0
DA:1202,0
DA:1203,0
LF:389
LH:0
BRDA:70,0,0,0
BRDA:76,1,0,0
BRDA:76,1,1,0
BRDA:77,2,0,0
BRDA:77,2,1,0
BRDA:82,3,0,0
BRDA:82,3,1,0
BRDA:87,4,0,0
BRDA:87,4,1,0
BRDA:99,5,0,0
BRDA:99,5,1,0
BRDA:104,6,0,0
BRDA:104,6,1,0
BRDA:108,7,0,0
BRDA:108,7,1,0
BRDA:116,8,0,0
BRDA:116,8,1,0
BRDA:131,9,0,0
BRDA:131,9,1,0
BRDA:133,10,0,0
BRDA:133,10,1,0
BRDA:173,11,0,0
BRDA:173,11,1,0
BRDA:179,12,0,0
BRDA:179,12,1,0
BRDA:214,13,0,0
BRDA:215,14,0,0
BRDA:215,14,1,0
BRDA:215,14,2,0
BRDA:219,15,0,0
BRDA:219,15,1,0
BRDA:219,15,2,0
BRDA:219,15,3,0
BRDA:234,16,0,0
BRDA:243,17,0,0
BRDA:243,17,1,0
BRDA:256,18,0,0
BRDA:256,18,1,0
BRDA:256,19,0,0
BRDA:256,19,1,0
BRDA:256,19,2,0
BRDA:287,20,0,0
BRDA:290,21,0,0
BRDA:290,21,1,0
BRDA:296,22,0,0
BRDA:296,22,1,0
BRDA:300,23,0,0
BRDA:300,23,1,0
BRDA:317,24,0,0
BRDA:317,24,1,0
BRDA:336,25,0,0
BRDA:336,25,1,0
BRDA:383,26,0,0
BRDA:394,27,0,0
BRDA:394,27,1,0
BRDA:398,28,0,0
BRDA:398,28,1,0
BRDA:406,29,0,0
BRDA:406,29,1,0
BRDA:424,30,0,0
BRDA:424,30,1,0
BRDA:424,31,0,0
BRDA:424,31,1,0
BRDA:428,32,0,0
BRDA:428,32,1,0
BRDA:443,33,0,0
BRDA:443,33,1,0
BRDA:473,34,0,0
BRDA:473,34,1,0
BRDA:477,35,0,0
BRDA:477,35,1,0
BRDA:482,36,0,0
BRDA:482,36,1,0
BRDA:485,37,0,0
BRDA:485,37,1,0
BRDA:485,38,0,0
BRDA:485,38,1,0
BRDA:501,39,0,0
BRDA:501,39,1,0
BRDA:511,40,0,0
BRDA:535,41,0,0
BRDA:537,42,0,0
BRDA:537,42,1,0
BRDA:541,43,0,0
BRDA:541,43,1,0
BRDA:559,44,0,0
BRDA:559,44,1,0
BRDA:561,45,0,0
BRDA:561,45,1,0
BRDA:571,46,0,0
BRDA:579,47,0,0
BRDA:579,47,1,0
BRDA:584,48,0,0
BRDA:584,48,1,0
BRDA:590,49,0,0
BRDA:590,49,1,0
BRDA:610,50,0,0
BRDA:610,50,1,0
BRDA:623,51,0,0
BRDA:623,51,1,0
BRDA:635,52,0,0
BRDA:635,52,1,0
BRDA:687,53,0,0
BRDA:687,53,1,0
BRDA:716,54,0,0
BRDA:734,55,0,0
BRDA:734,55,1,0
BRDA:741,56,0,0
BRDA:741,56,1,0
BRDA:745,57,0,0
BRDA:745,57,1,0
BRDA:750,58,0,0
BRDA:750,58,1,0
BRDA:751,59,0,0
BRDA:751,59,1,0
BRDA:759,60,0,0
BRDA:759,60,1,0
BRDA:772,61,0,0
BRDA:777,62,0,0
BRDA:777,62,1,0
BRDA:788,63,0,0
BRDA:788,63,1,0
BRDA:790,64,0,0
BRDA:790,64,1,0
BRDA:793,65,0,0
BRDA:793,65,1,0
BRDA:793,66,0,0
BRDA:793,66,1,0
BRDA:799,67,0,0
BRDA:799,67,1,0
BRDA:799,68,0,0
BRDA:799,68,1,0
BRDA:831,69,0,0
BRDA:831,70,0,0
BRDA:842,71,0,0
BRDA:842,71,1,0
BRDA:853,72,0,0
BRDA:853,72,1,0
BRDA:855,73,0,0
BRDA:855,73,1,0
BRDA:906,74,0,0
BRDA:906,74,1,0
BRDA:908,75,0,0
BRDA:908,75,1,0
BRDA:908,76,0,0
BRDA:908,76,1,0
BRDA:938,77,0,0
BRDA:938,78,0,0
BRDA:938,79,0,0
BRDA:954,80,0,0
BRDA:954,80,1,0
BRDA:964,81,0,0
BRDA:964,81,1,0
BRDA:975,82,0,0
BRDA:975,82,1,0
BRDA:977,83,0,0
BRDA:977,83,1,0
BRDA:988,84,0,0
BRDA:988,84,1,0
BRDA:1039,85,0,0
BRDA:1039,85,1,0
BRDA:1049,86,0,0
BRDA:1049,86,1,0
BRDA:1051,87,0,0
BRDA:1051,87,1,0
BRDA:1051,88,0,0
BRDA:1051,88,1,0
BRDA:1080,89,0,0
BRDA:1084,90,0,0
BRDA:1084,90,1,0
BRDA:1085,91,0,0
BRDA:1085,91,1,0
BRDA:1086,92,0,0
BRDA:1086,92,1,0
BRDA:1087,93,0,0
BRDA:1087,93,1,0
BRDA:1089,94,0,0
BRDA:1089,94,1,0
BRDA:1097,95,0,0
BRDA:1097,95,1,0
BRDA:1099,96,0,0
BRDA:1099,96,1,0
BRDA:1115,97,0,0
BRDA:1115,97,1,0
BRDA:1117,98,0,0
BRDA:1117,98,1,0
BRDA:1121,99,0,0
BRDA:1121,99,1,0
BRDA:1124,100,0,0
BRDA:1124,100,1,0
BRDA:1127,101,0,0
BRDA:1127,101,1,0
BRDA:1135,102,0,0
BRDA:1135,102,1,0
BRDA:1151,103,0,0
BRDA:1151,103,1,0
BRDA:1155,104,0,0
BRDA:1155,104,1,0
BRF:198
BRH:0
end_of_record
TN:
SF:src\auth\oauth-handlers.js
FNF:0
FNH:0
LF:0
LH:0
BRF:0
BRH:0
end_of_record
TN:
SF:src\auth\qwen-oauth.js
FN:39,fetchWithProxy
FN:72,(anonymous_1)
FN:73,(anonymous_2)
FN:84,(anonymous_3)
FN:85,(anonymous_4)
FN:97,generateCodeVerifier
FN:106,generateCodeChallenge
FN:116,stopPollingTask
FN:135,pollQwenToken
FN:146,(anonymous_9)
FN:168,(anonymous_10)
FN:231,(anonymous_11)
FN:236,(anonymous_12)
FN:254,(anonymous_13)
FN:268,handleQwenOAuth
FN:280,(anonymous_15)
FN:320,(anonymous_16)
FNF:17
FNH:0
FNDA:0,fetchWithProxy
FNDA:0,(anonymous_1)
FNDA:0,(anonymous_2)
FNDA:0,(anonymous_3)
FNDA:0,(anonymous_4)
FNDA:0,generateCodeVerifier
FNDA:0,generateCodeChallenge
FNDA:0,stopPollingTask
FNDA:0,pollQwenToken
FNDA:0,(anonymous_9)
FNDA:0,(anonymous_10)
FNDA:0,(anonymous_11)
FNDA:0,(anonymous_12)
FNDA:0,(anonymous_13)
FNDA:0,handleQwenOAuth
FNDA:0,(anonymous_15)
FNDA:0,(anonymous_16)
DA:15,0
DA:29,0
DA:40,0
DA:43,0
DA:51,0
DA:52,0
DA:56,0
DA:57,0
DA:58,0
DA:59,0
DA:60,0
DA:63,0
DA:64,0
DA:67,0
DA:72,0
DA:73,0
DA:77,0
DA:79,0
DA:84,0
DA:85,0
DA:89,0
DA:98,0
DA:107,0
DA:108,0
DA:109,0
DA:117,0
DA:118,0
DA:119,0
DA:120,0
DA:121,0
DA:136,0
DA:137,0
DA:138,0
DA:141,0
DA:142,0
DA:144,0
DA:146,0
DA:148,0
DA:149,0
DA:150,0
DA:153,0
DA:154,0
DA:155,0
DA:158,0
DA:160,0
DA:167,0
DA:168,0
DA:171,0
DA:172,0
DA:181,0
DA:183,0
DA:185,0
DA:188,0
DA:189,0
DA:190,0
DA:191,0
DA:192,0
DA:193,0
DA:197,0
DA:198,0
DA:199,0
DA:201,0
DA:204,0
DA:207,0
DA:208,0
DA:213,0
DA:217,0
DA:224,0
DA:228,0
DA:230,0
DA:231,0
DA:232,0
DA:233,0
DA:235,0
DA:236,0
DA:237,0
DA:238,0
DA:239,0
DA:240,0
DA:241,0
DA:242,0
DA:243,0
DA:245,0
DA:246,0
DA:249,0
DA:250,0
DA:252,0
DA:254,0
DA:255,0
DA:259,0
DA:269,0
DA:270,0
DA:272,0
DA:279,0
DA:280,0
DA:283,0
DA:284,0
DA:293,0
DA:294,0
DA:297,0
DA:299,0
DA:300,0
DA:304,0
DA:306,0
DA:309,0
DA:312,0
DA:313,0
DA:314,0
DA:319,0
DA:321,0
DA:323,0
DA:330,0
DA:344,0
DA:345,0
LF:114
LH:0
BRDA:16,0,0,0
BRDA:16,0,1,0
BRDA:39,1,0,0
BRDA:45,2,0,0
BRDA:45,2,1,0
BRDA:46,3,0,0
BRDA:46,3,1,0
BRDA:51,4,0,0
BRDA:51,4,1,0
BRDA:56,5,0,0
BRDA:56,5,1,0
BRDA:68,6,0,0
BRDA:68,6,1,0
BRDA:73,7,0,0
BRDA:73,7,1,0
BRDA:77,8,0,0
BRDA:77,8,1,0
BRDA:85,9,0,0
BRDA:85,9,1,0
BRDA:118,10,0,0
BRDA:118,10,1,0
BRDA:135,11,0,0
BRDA:135,12,0,0
BRDA:135,13,0,0
BRDA:135,14,0,0
BRDA:148,15,0,0
BRDA:148,15,1,0
BRDA:153,16,0,0
BRDA:153,16,1,0
BRDA:183,17,0,0
BRDA:183,17,1,0
BRDA:183,18,0,0
BRDA:183,18,1,0
BRDA:188,19,0,0
BRDA:188,19,1,0
BRDA:228,20,0,0
BRDA:228,20,1,0
BRDA:233,21,0,0
BRDA:233,21,1,0
BRDA:238,22,0,0
BRDA:238,22,1,0
BRDA:241,23,0,0
BRDA:241,23,1,0
BRDA:246,24,0,0
BRDA:246,24,1,0
BRDA:249,25,0,0
BRDA:249,25,1,0
BRDA:249,26,0,0
BRDA:249,26,1,0
BRDA:249,26,2,0
BRDA:268,27,0,0
BRDA:293,28,0,0
BRDA:293,28,1,0
BRDA:299,29,0,0
BRDA:299,29,1,0
BRDA:299,30,0,0
BRDA:299,30,1,0
BRDA:313,31,0,0
BRDA:313,31,1,0
BRF:59
BRH:0
end_of_record
TN:
SF:src\convert\convert-old.js
FN:28,checkAndAssignOrDefault
FN:42,_mapFinishReason
FN:81,_cleanJsonSchemaProperties
FN:114,_determineReasoningEffortFromBudget
FN:142,(anonymous_4)
FN:152,(anonymous_5)
FN:157,(anonymous_6)
FN:162,(anonymous_7)
FN:184,convertData
FN:275,toOpenAIRequestFromGemini
FN:297,(anonymous_10)
FN:320,processGeminiPartsToOpenAIContent
FN:325,(anonymous_12)
FN:378,toOpenAIModelListFromGemini
FN:381,(anonymous_14)
FN:390,toOpenAIChatCompletionFromGemini
FN:423,processGeminiResponseContent
FN:428,(anonymous_17)
FN:430,(anonymous_18)
FN:443,toOpenAIStreamChunkFromGemini
FN:472,toOpenAIChatCompletionFromClaude
FN:524,processClaudeResponseContent
FN:529,(anonymous_22)
FN:576,toOpenAIStreamChunkFromClaude
FN:611,toOpenAIModelListFromClaude
FN:614,(anonymous_25)
FN:631,toClaudeChatCompletionFromOpenAI
FN:653,(anonymous_27)
FN:712,toOpenAIRequestFromClaude
FN:730,(anonymous_29)
FN:791,(anonymous_30)
FN:791,(anonymous_31)
FN:805,(anonymous_32)
FN:889,(anonymous_33)
FN:904,processClaudeContentToOpenAIContent
FN:909,(anonymous_35)
FN:974,toGeminiRequestFromOpenAI
FN:1006,(anonymous_37)
FN:1007,(anonymous_38)
FN:1019,(anonymous_39)
FN:1027,(anonymous_40)
FN:1072,processOpenAIContentToGeminiParts
FN:1084,(anonymous_42)
FN:1157,safeParseJSON
FN:1180,buildToolConfig
FN:1195,_buildFunctionResponse
FN:1275,(anonymous_46)
FN:1276,(anonymous_47)
FN:1305,toClaudeModelListFromGemini
FN:1307,(anonymous_49)
FN:1321,toClaudeModelListFromOpenAI
FN:1323,(anonymous_51)
FN:1337,_extractThinkingFromOpenAIText
FN:1395,toClaudeStreamChunkFromOpenAI
FN:1430,buildGenerationConfig
FN:1445,toClaudeRequestFromOpenAI
FN:1467,(anonymous_56)
FN:1481,(anonymous_57)
FN:1543,(anonymous_58)
FN:1554,buildClaudeToolChoice
FN:1572,extractAndProcessSystemMessages
FN:1600,extractTextFromMessageContent
FN:1606,(anonymous_62)
FN:1607,(anonymous_63)
FN:1619,toGeminiRequestFromClaude
FN:1639,(anonymous_65)
FN:1642,(anonymous_66)
FN:1655,(anonymous_67)
FN:1671,(anonymous_68)
FN:1699,(anonymous_69)
FN:1739,buildGeminiToolConfigFromClaude
FN:1767,processClaudeContentToGeminiParts
FN:1779,(anonymous_72)
FN:1867,toClaudeChatCompletionFromGemini
FN:1932,processGeminiResponseToClaudeContent
FN:1992,toClaudeStreamChunkFromGemini
FN:2018,toOpenAIResponsesFromClaude
FN:2096,toOpenAIResponsesFromGemini
FN:2173,toClaudeRequestFromOpenAIResponses
FN:2221,(anonymous_79)
FN:2235,(anonymous_80)
FN:2312,toGeminiRequestFromOpenAIResponses
FN:2340,(anonymous_82)
FN:2343,(anonymous_83)
FN:2354,(anonymous_84)
FN:2355,(anonymous_85)
FN:2394,(anonymous_86)
FN:2395,(anonymous_87)
FN:2421,toOpenAIResponsesStreamChunkFromClaude
FN:2478,toOpenAIResponsesStreamChunkFromGemini
FN:2527,getOpenAIStreamChunkStop
FN:2554,getOpenAIResponsesStreamChunkBegin
FN:2564,getOpenAIResponsesStreamChunkEnd
FNF:93
FNH:0
FNDA:0,checkAndAssignOrDefault
FNDA:0,_mapFinishReason
FNDA:0,_cleanJsonSchemaProperties
FNDA:0,_determineReasoningEffortFromBudget
FNDA:0,(anonymous_4)
FNDA:0,(anonymous_5)
FNDA:0,(anonymous_6)
FNDA:0,(anonymous_7)
FNDA:0,convertData
FNDA:0,toOpenAIRequestFromGemini
FNDA:0,(anonymous_10)
FNDA:0,processGeminiPartsToOpenAIContent
FNDA:0,(anonymous_12)
FNDA:0,toOpenAIModelListFromGemini
FNDA:0,(anonymous_14)
FNDA:0,toOpenAIChatCompletionFromGemini
FNDA:0,processGeminiResponseContent
FNDA:0,(anonymous_17)
FNDA:0,(anonymous_18)
FNDA:0,toOpenAIStreamChunkFromGemini
FNDA:0,toOpenAIChatCompletionFromClaude
FNDA:0,processClaudeResponseContent
FNDA:0,(anonymous_22)
FNDA:0,toOpenAIStreamChunkFromClaude
FNDA:0,toOpenAIModelListFromClaude
FNDA:0,(anonymous_25)
FNDA:0,toClaudeChatCompletionFromOpenAI
FNDA:0,(anonymous_27)
FNDA:0,toOpenAIRequestFromClaude
FNDA:0,(anonymous_29)
FNDA:0,(anonymous_30)
FNDA:0,(anonymous_31)
FNDA:0,(anonymous_32)
FNDA:0,(anonymous_33)
FNDA:0,processClaudeContentToOpenAIContent
FNDA:0,(anonymous_35)
FNDA:0,toGeminiRequestFromOpenAI
FNDA:0,(anonymous_37)
FNDA:0,(anonymous_38)
FNDA:0,(anonymous_39)
FNDA:0,(anonymous_40)
FNDA:0,processOpenAIContentToGeminiParts
FNDA:0,(anonymous_42)
FNDA:0,safeParseJSON
FNDA:0,buildToolConfig
FNDA:0,_buildFunctionResponse
FNDA:0,(anonymous_46)
FNDA:0,(anonymous_47)
FNDA:0,toClaudeModelListFromGemini
FNDA:0,(anonymous_49)
FNDA:0,toClaudeModelListFromOpenAI
FNDA:0,(anonymous_51)
FNDA:0,_extractThinkingFromOpenAIText
FNDA:0,toClaudeStreamChunkFromOpenAI
FNDA:0,buildGenerationConfig
FNDA:0,toClaudeRequestFromOpenAI
FNDA:0,(anonymous_56)
FNDA:0,(anonymous_57)
FNDA:0,(anonymous_58)
FNDA:0,buildClaudeToolChoice
FNDA:0,extractAndProcessSystemMessages
FNDA:0,extractTextFromMessageContent
FNDA:0,(anonymous_62)
FNDA:0,(anonymous_63)
FNDA:0,toGeminiRequestFromClaude
FNDA:0,(anonymous_65)
FNDA:0,(anonymous_66)
FNDA:0,(anonymous_67)
FNDA:0,(anonymous_68)
FNDA:0,(anonymous_69)
FNDA:0,buildGeminiToolConfigFromClaude
FNDA:0,processClaudeContentToGeminiParts
FNDA:0,(anonymous_72)
FNDA:0,toClaudeChatCompletionFromGemini
FNDA:0,processGeminiResponseToClaudeContent
FNDA:0,toClaudeStreamChunkFromGemini
FNDA:0,toOpenAIResponsesFromClaude
FNDA:0,toOpenAIResponsesFromGemini
FNDA:0,toClaudeRequestFromOpenAIResponses
FNDA:0,(anonymous_79)
FNDA:0,(anonymous_80)
FNDA:0,toGeminiRequestFromOpenAIResponses
FNDA:0,(anonymous_82)
FNDA:0,(anonymous_83)
FNDA:0,(anonymous_84)
FNDA:0,(anonymous_85)
FNDA:0,(anonymous_86)
FNDA:0,(anonymous_87)
FNDA:0,toOpenAIResponsesStreamChunkFromClaude
FNDA:0,toOpenAIResponsesStreamChunkFromGemini
FNDA:0,getOpenAIStreamChunkStop
FNDA:0,getOpenAIResponsesStreamChunkBegin
FNDA:0,getOpenAIResponsesStreamChunkEnd
DA:22,0
DA:23,0
DA:24,0
DA:25,0
DA:29,0
DA:30,0
DA:32,0
DA:43,0
DA:69,0
DA:70,0
DA:72,0
DA:82,0
DA:83,0
DA:87,0
DA:88,0
DA:89,0
DA:90,0
DA:94,0
DA:95,0
DA:96,0
DA:97,0
DA:99,0
DA:102,0
DA:103,0
DA:106,0
DA:116,0
DA:117,0
DA:118,0
DA:122,0
DA:123,0
DA:125,0
DA:128,0
DA:129,0
DA:130,0
DA:131,0
DA:133,0
DA:136,0
DA:137,0
DA:143,0
DA:144,0
DA:146,0
DA:147,0
DA:148,0
DA:153,0
DA:158,0
DA:163,0
DA:168,0
DA:186,0
DA:242,0
DA:243,0
DA:244,0
DA:247,0
DA:248,0
DA:249,0
DA:252,0
DA:253,0
DA:254,0
DA:257,0
DA:258,0
DA:259,0
DA:261,0
DA:276,0
DA:285,0
DA:286,0
DA:287,0
DA:288,0
DA:296,0
DA:297,0
DA:298,0
DA:299,0
DA:300,0
DA:301,0
DA:302,0
DA:311,0
DA:321,0
DA:323,0
DA:325,0
DA:326,0
DA:329,0
DA:330,0
DA:337,0
DA:338,0
DA:339,0
DA:340,0
DA:350,0
DA:351,0
DA:352,0
DA:354,0
DA:355,0
DA:361,0
DA:363,0
DA:373,0
DA:379,0
DA:381,0
DA:391,0
DA:393,0
DA:424,0
DA:426,0
DA:428,0
DA:429,0
DA:430,0
DA:431,0
DA:432,0
DA:440,0
DA:444,0
DA:473,0
DA:474,0
DA:495,0
DA:496,0
DA:498,0
DA:525,0
DA:527,0
DA:529,0
DA:530,0
DA:532,0
DA:534,0
DA:538,0
DA:542,0
DA:543,0
DA:550,0
DA:554,0
DA:555,0
DA:564,0
DA:577,0
DA:578,0
DA:580,0
DA:612,0
DA:614,0
DA:632,0
DA:633,0
DA:648,0
DA:649,0
DA:652,0
DA:653,0
DA:654,0
DA:655,0
DA:656,0
DA:658,0
DA:659,0
DA:661,0
DA:663,0
DA:673,0
DA:674,0
DA:676,0
DA:677,0
DA:678,0
DA:680,0
DA:685,0
DA:691,0
DA:713,0
DA:714,0
DA:717,0
DA:718,0
DA:722,0
DA:723,0
DA:724,0
DA:725,0
DA:728,0
DA:729,0
DA:730,0
DA:733,0
DA:734,0
DA:735,0
DA:736,0
DA:737,0
DA:738,0
DA:745,0
DA:750,0
DA:751,0
DA:752,0
DA:753,0
DA:754,0
DA:755,0
DA:770,0
DA:775,0
DA:777,0
DA:778,0
DA:787,0
DA:788,0
DA:789,0
DA:790,0
DA:791,0
DA:793,0
DA:794,0
DA:795,0
DA:796,0
DA:797,0
DA:799,0
DA:800,0
DA:803,0
DA:805,0
DA:807,0
DA:808,0
DA:809,0
DA:810,0
DA:815,0
DA:817,0
DA:820,0
DA:830,0
DA:831,0
DA:832,0
DA:833,0
DA:842,0
DA:843,0
DA:847,0
DA:848,0
DA:850,0
DA:851,0
DA:854,0
DA:857,0
DA:858,0
DA:859,0
DA:860,0
DA:863,0
DA:864,0
DA:865,0
DA:866,0
DA:867,0
DA:869,0
DA:873,0
DA:875,0
DA:878,0
DA:879,0
DA:880,0
DA:881,0
DA:886,0
DA:887,0
DA:888,0
DA:889,0
DA:890,0
DA:892,0
DA:895,0
DA:905,0
DA:907,0
DA:909,0
DA:910,0
DA:912,0
DA:914,0
DA:915,0
DA:920,0
DA:924,0
DA:925,0
DA:932,0
DA:936,0
DA:940,0
DA:944,0
DA:948,0
DA:952,0
DA:953,0
DA:961,0
DA:975,0
DA:976,0
DA:979,0
DA:980,0
DA:982,0
DA:983,0
DA:986,0
DA:987,0
DA:988,0
DA:997,0
DA:998,0
DA:1002,0
DA:1005,0
DA:1006,0
DA:1007,0
DA:1008,0
DA:1009,0
DA:1012,0
DA:1013,0
DA:1015,0
DA:1018,0
DA:1019,0
DA:1022,0
DA:1025,0
DA:1026,0
DA:1029,0
DA:1030,0
DA:1031,0
DA:1034,0
DA:1036,0
DA:1038,0
DA:1046,0
DA:1047,0
DA:1051,0
DA:1052,0
DA:1056,0
DA:1057,0
DA:1060,0
DA:1061,0
DA:1064,0
DA:1073,0
DA:1076,0
DA:1077,0
DA:1081,0
DA:1082,0
DA:1084,0
DA:1085,0
DA:1087,0
DA:1089,0
DA:1090,0
DA:1092,0
DA:1095,0
DA:1096,0
DA:1100,0
DA:1102,0
DA:1103,0
DA:1104,0
DA:1112,0
DA:1120,0
DA:1124,0
DA:1125,0
DA:1129,0
DA:1130,0
DA:1131,0
DA:1132,0
DA:1139,0
DA:1147,0
DA:1151,0
DA:1154,0
DA:1158,0
DA:1159,0
DA:1161,0
DA:1164,0
DA:1165,0
DA:1166,0
DA:1168,0
DA:1169,0
DA:1172,0
DA:1173,0
DA:1176,0
DA:1181,0
DA:1182,0
DA:1184,0
DA:1185,0
DA:1187,0
DA:1196,0
DA:1197,0
DA:1202,0
DA:1208,0
DA:1209,0
DA:1213,0
DA:1216,0
DA:1224,0
DA:1226,0
DA:1227,0
DA:1228,0
DA:1229,0
DA:1233,0
DA:1234,0
DA:1235,0
DA:1236,0
DA:1242,0
DA:1244,0
DA:1245,0
DA:1249,0
DA:1250,0
DA:1257,0
DA:1258,0
DA:1262,0
DA:1265,0
DA:1266,0
DA:1267,0
DA:1268,0
DA:1273,0
DA:1274,0
DA:1275,0
DA:1276,0
DA:1277,0
DA:1278,0
DA:1283,0
DA:1284,0
DA:1288,0
DA:1289,0
DA:1292,0
DA:1306,0
DA:1307,0
DA:1322,0
DA:1323,0
DA:1339,0
DA:1340,0
DA:1342,0
DA:1343,0
DA:1345,0
DA:1347,0
DA:1348,0
DA:1349,0
DA:1356,0
DA:1357,0
DA:1358,0
DA:1364,0
DA:1368,0
DA:1369,0
DA:1370,0
DA:1377,0
DA:1378,0
DA:1382,0
DA:1383,0
DA:1386,0
DA:1396,0
DA:1397,0
DA:1401,0
DA:1402,0
DA:1403,0
DA:1404,0
DA:1405,0
DA:1411,0
DA:1417,0
DA:1418,0
DA:1427,0
DA:1431,0
DA:1432,0
DA:1433,0
DA:1434,0
DA:1435,0
DA:1436,0
DA:1446,0
DA:1447,0
DA:1449,0
DA:1451,0
DA:1452,0
DA:1453,0
DA:1455,0
DA:1458,0
DA:1463,0
DA:1464,0
DA:1467,0
DA:1473,0
DA:1476,0
DA:1477,0
DA:1478,0
DA:1480,0
DA:1481,0
DA:1482,0
DA:1483,0
DA:1485,0
DA:1486,0
DA:1488,0
DA:1490,0
DA:1491,0
DA:1494,0
DA:1495,0
DA:1496,0
DA:1497,0
DA:1507,0
DA:1510,0
DA:1513,0
DA:1514,0
DA:1517,0
DA:1519,0
DA:1524,0
DA:1525,0
DA:1530,0
DA:1538,0
DA:1539,0
DA:1542,0
DA:1543,0
DA:1548,0
DA:1551,0
DA:1555,0
DA:1556,0
DA:1557,0
DA:1559,0
DA:1560,0
DA:1562,0
DA:1573,0
DA:1574,0
DA:1576,0
DA:1577,0
DA:1578,0
DA:1580,0
DA:1584,0
DA:1585,0
DA:1586,0
DA:1592,0
DA:1601,0
DA:1602,0
DA:1604,0
DA:1605,0
DA:1606,0
DA:1607,0
DA:1610,0
DA:1621,0
DA:1622,0
DA:1623,0
DA:1626,0
DA:1631,0
DA:1632,0
DA:1633,0
DA:1634,0
DA:1635,0
DA:1636,0
DA:1637,0
DA:1639,0
DA:1640,0
DA:1641,0
DA:1642,0
DA:1644,0
DA:1648,0
DA:1654,0
DA:1655,0
DA:1657,0
DA:1658,0
DA:1659,0
DA:1662,0
DA:1663,0
DA:1671,0
DA:1672,0
DA:1673,0
DA:1677,0
DA:1678,0
DA:1687,0
DA:1688,0
DA:1689,0
DA:1690,0
DA:1692,0
DA:1693,0
DA:1697,0
DA:1698,0
DA:1701,0
DA:1702,0
DA:1703,0
DA:1712,0
DA:1713,0
DA:1721,0
DA:1722,0
DA:1727,0
DA:1728,0
DA:1731,0
DA:1740,0
DA:1741,0
DA:1742,0
DA:1745,0
DA:1747,0
DA:1749,0
DA:1751,0
DA:1752,0
DA:1754,0
DA:1755,0
DA:1757,0
DA:1758,0
DA:1768,0
DA:1771,0
DA:1772,0
DA:1776,0
DA:1777,0
DA:1779,0
DA:1781,0
DA:1782,0
DA:1783,0
DA:1786,0
DA:1788,0
DA:1789,0
DA:1791,0
DA:1793,0
DA:1796,0
DA:1798,0
DA:1805,0
DA:1807,0
DA:1810,0
DA:1816,0
DA:1823,0
DA:1825,0
DA:1833,0
DA:1834,0
DA:1841,0
DA:1843,0
DA:1847,0
DA:1848,0
DA:1850,0
DA:1855,0
DA:1858,0
DA:1869,0
DA:1870,0
DA:1885,0
DA:1886,0
DA:1887,0
DA:1888,0
DA:1890,0
DA:1891,0
DA:1893,0
DA:1894,0
DA:1896,0
DA:1897,0
DA:1899,0
DA:1900,0
DA:1902,0
DA:1903,0
DA:1905,0
DA:1906,0
DA:1908,0
DA:1912,0
DA:1933,0
DA:1935,0
DA:1937,0
DA:1939,0
DA:1944,0
DA:1945,0
DA:1951,0
DA:1954,0
DA:1955,0
DA:1956,0
DA:1957,0
DA:1961,0
DA:1962,0
DA:1970,0
DA:1972,0
DA:1983,0
DA:1993,0
DA:1994,0
DA:1997,0
DA:1998,0
DA:2008,0
DA:2020,0
DA:2021,0
DA:2024,0
DA:2027,0
DA:2042,0
DA:2098,0
DA:2099,0
DA:2102,0
DA:2105,0
DA:2119,0
DA:2175,0
DA:2183,0
DA:2184,0
DA:2185,0
DA:2191,0
DA:2193,0
DA:2194,0
DA:2196,0
DA:2205,0
DA:2206,0
DA:2207,0
DA:2209,0
DA:2212,0
DA:2217,0
DA:2218,0
DA:2221,0
DA:2227,0
DA:2230,0
DA:2231,0
DA:2232,0
DA:2234,0
DA:2235,0
DA:2236,0
DA:2237,0
DA:2239,0
DA:2240,0
DA:2242,0
DA:2244,0
DA:2245,0
DA:2247,0
DA:2249,0
DA:2250,0
DA:2253,0
DA:2254,0
DA:2255,0
DA:2256,0
DA:2266,0
DA:2269,0
DA:2272,0
DA:2273,0
DA:2276,0
DA:2278,0
DA:2283,0
DA:2284,0
DA:2302,0
DA:2303,0
DA:2304,0
DA:2314,0
DA:2319,0
DA:2320,0
DA:2321,0
DA:2322,0
DA:2324,0
DA:2326,0
DA:2332,0
DA:2333,0
DA:2334,0
DA:2335,0
DA:2336,0
DA:2338,0
DA:2340,0
DA:2341,0
DA:2343,0
DA:2348,0
DA:2349,0
DA:2350,0
DA:2351,0
DA:2353,0
DA:2354,0
DA:2355,0
DA:2359,0
DA:2365,0
DA:2367,0
DA:2374,0
DA:2381,0
DA:2382,0
DA:2383,0
DA:2384,0
DA:2386,0
DA:2387,0
DA:2391,0
DA:2392,0
DA:2394,0
DA:2396,0
DA:2397,0
DA:2406,0
DA:2407,0
DA:2411,0
DA:2422,0
DA:2423,0
DA:2427,0
DA:2430,0
DA:2431,0
DA:2435,0
DA:2436,0
DA:2437,0
DA:2438,0
DA:2439,0
DA:2440,0
DA:2441,0
DA:2445,0
DA:2446,0
DA:2448,0
DA:2449,0
DA:2454,0
DA:2456,0
DA:2459,0
DA:2461,0
DA:2464,0
DA:2465,0
DA:2479,0
DA:2480,0
DA:2484,0
DA:2487,0
DA:2488,0
DA:2492,0
DA:2493,0
DA:2494,0
DA:2495,0
DA:2497,0
DA:2501,0
DA:2502,0
DA:2504,0
DA:2505,0
DA:2510,0
DA:2512,0
DA:2515,0
DA:2517,0
DA:2520,0
DA:2521,0
DA:2528,0
DA:2556,0
DA:2566,0
LF:755
LH:0
BRDA:29,0,0,0
BRDA:29,0,1,0
BRDA:29,1,0,0
BRDA:29,1,1,0
BRDA:70,2,0,0
BRDA:70,2,1,0
BRDA:82,3,0,0
BRDA:82,3,1,0
BRDA:82,4,0,0
BRDA:82,4,1,0
BRDA:89,5,0,0
BRDA:89,5,1,0
BRDA:94,6,0,0
BRDA:94,6,1,0
BRDA:94,7,0,0
BRDA:94,7,1,0
BRDA:102,8,0,0
BRDA:102,8,1,0
BRDA:116,9,0,0
BRDA:116,9,1,0
BRDA:116,10,0,0
BRDA:116,10,1,0
BRDA:128,11,0,0
BRDA:128,11,1,0
BRDA:130,12,0,0
BRDA:130,12,1,0
BRDA:143,13,0,0
BRDA:143,13,1,0
BRDA:158,14,0,0
BRDA:158,14,1,0
BRDA:243,15,0,0
BRDA:243,15,1,0
BRDA:248,16,0,0
BRDA:248,16,1,0
BRDA:253,17,0,0
BRDA:253,17,1,0
BRDA:258,18,0,0
BRDA:258,18,1,0
BRDA:258,19,0,0
BRDA:258,19,1,0
BRDA:258,19,2,0
BRDA:285,20,0,0
BRDA:285,20,1,0
BRDA:285,21,0,0
BRDA:285,21,1,0
BRDA:287,22,0,0
BRDA:287,22,1,0
BRDA:296,23,0,0
BRDA:296,23,1,0
BRDA:296,24,0,0
BRDA:296,24,1,0
BRDA:298,25,0,0
BRDA:298,25,1,0
BRDA:298,26,0,0
BRDA:298,26,1,0
BRDA:300,27,0,0
BRDA:300,27,1,0
BRDA:300,28,0,0
BRDA:300,28,1,0
BRDA:301,29,0,0
BRDA:301,29,1,0
BRDA:321,30,0,0
BRDA:321,30,1,0
BRDA:321,31,0,0
BRDA:321,31,1,0
BRDA:326,32,0,0
BRDA:326,32,1,0
BRDA:329,33,0,0
BRDA:329,33,1,0
BRDA:337,34,0,0
BRDA:337,34,1,0
BRDA:339,35,0,0
BRDA:339,35,1,0
BRDA:339,36,0,0
BRDA:339,36,1,0
BRDA:350,37,0,0
BRDA:350,37,1,0
BRDA:352,38,0,0
BRDA:352,38,1,0
BRDA:352,39,0,0
BRDA:352,39,1,0
BRDA:354,40,0,0
BRDA:354,40,1,0
BRDA:361,41,0,0
BRDA:361,41,1,0
BRDA:373,42,0,0
BRDA:373,42,1,0
BRDA:373,43,0,0
BRDA:373,43,1,0
BRDA:382,44,0,0
BRDA:382,44,1,0
BRDA:406,45,0,0
BRDA:406,45,1,0
BRDA:407,46,0,0
BRDA:407,46,1,0
BRDA:408,47,0,0
BRDA:408,47,1,0
BRDA:409,48,0,0
BRDA:409,48,1,0
BRDA:424,49,0,0
BRDA:424,49,1,0
BRDA:424,50,0,0
BRDA:424,50,1,0
BRDA:429,51,0,0
BRDA:429,51,1,0
BRDA:429,52,0,0
BRDA:429,52,1,0
BRDA:431,53,0,0
BRDA:431,53,1,0
BRDA:454,54,0,0
BRDA:454,54,1,0
BRDA:455,55,0,0
BRDA:455,55,1,0
BRDA:456,56,0,0
BRDA:456,56,1,0
BRDA:457,57,0,0
BRDA:457,57,1,0
BRDA:473,58,0,0
BRDA:473,58,1,0
BRDA:473,59,0,0
BRDA:473,59,1,0
BRDA:473,59,2,0
BRDA:488,60,0,0
BRDA:488,60,1,0
BRDA:489,61,0,0
BRDA:489,61,1,0
BRDA:490,62,0,0
BRDA:490,62,1,0
BRDA:490,63,0,0
BRDA:490,63,1,0
BRDA:496,64,0,0
BRDA:496,64,1,0
BRDA:512,65,0,0
BRDA:512,65,1,0
BRDA:513,66,0,0
BRDA:513,66,1,0
BRDA:514,67,0,0
BRDA:514,67,1,0
BRDA:514,68,0,0
BRDA:514,68,1,0
BRDA:525,69,0,0
BRDA:525,69,1,0
BRDA:525,70,0,0
BRDA:525,70,1,0
BRDA:530,71,0,0
BRDA:530,71,1,0
BRDA:532,72,0,0
BRDA:532,72,1,0
BRDA:532,72,2,0
BRDA:536,73,0,0
BRDA:536,73,1,0
BRDA:542,74,0,0
BRDA:542,74,1,0
BRDA:542,75,0,0
BRDA:542,75,1,0
BRDA:554,76,0,0
BRDA:554,76,1,0
BRDA:564,77,0,0
BRDA:564,77,1,0
BRDA:564,78,0,0
BRDA:564,78,1,0
BRDA:577,79,0,0
BRDA:577,79,1,0
BRDA:592,80,0,0
BRDA:592,80,1,0
BRDA:615,81,0,0
BRDA:615,81,1,0
BRDA:632,82,0,0
BRDA:632,82,1,0
BRDA:632,83,0,0
BRDA:632,83,1,0
BRDA:632,83,2,0
BRDA:642,84,0,0
BRDA:642,84,1,0
BRDA:643,85,0,0
BRDA:643,85,1,0
BRDA:652,86,0,0
BRDA:652,86,1,0
BRDA:653,87,0,0
BRDA:653,87,1,0
BRDA:654,88,0,0
BRDA:654,88,1,0
BRDA:656,89,0,0
BRDA:656,89,1,0
BRDA:659,90,0,0
BRDA:659,90,1,0
BRDA:665,91,0,0
BRDA:665,91,1,0
BRDA:666,92,0,0
BRDA:666,92,1,0
BRDA:673,93,0,0
BRDA:673,93,1,0
BRDA:674,94,0,0
BRDA:674,94,1,0
BRDA:677,95,0,0
BRDA:677,95,1,0
BRDA:686,96,0,0
BRDA:686,96,1,0
BRDA:700,97,0,0
BRDA:700,97,1,0
BRDA:701,98,0,0
BRDA:701,98,1,0
BRDA:717,99,0,0
BRDA:717,99,1,0
BRDA:722,100,0,0
BRDA:722,100,1,0
BRDA:722,101,0,0
BRDA:722,101,1,0
BRDA:728,102,0,0
BRDA:728,102,1,0
BRDA:728,103,0,0
BRDA:728,103,1,0
BRDA:730,104,0,0
BRDA:730,104,1,0
BRDA:730,104,2,0
BRDA:733,105,0,0
BRDA:733,105,1,0
BRDA:735,106,0,0
BRDA:735,106,1,0
BRDA:735,107,0,0
BRDA:735,107,1,0
BRDA:735,107,2,0
BRDA:736,108,0,0
BRDA:736,108,1,0
BRDA:736,108,2,0
BRDA:737,109,0,0
BRDA:737,109,1,0
BRDA:750,110,0,0
BRDA:750,110,1,0
BRDA:750,111,0,0
BRDA:750,111,1,0
BRDA:750,111,2,0
BRDA:752,112,0,0
BRDA:752,112,1,0
BRDA:753,113,0,0
BRDA:753,113,1,0
BRDA:754,114,0,0
BRDA:754,114,1,0
BRDA:760,115,0,0
BRDA:760,115,1,0
BRDA:766,116,0,0
BRDA:766,116,1,0
BRDA:775,117,0,0
BRDA:775,117,1,0
BRDA:777,118,0,0
BRDA:777,118,1,0
BRDA:777,119,0,0
BRDA:777,119,1,0
BRDA:777,120,0,0
BRDA:777,120,1,0
BRDA:790,121,0,0
BRDA:790,121,1,0
BRDA:790,122,0,0
BRDA:790,122,1,0
BRDA:796,123,0,0
BRDA:796,123,1,0
BRDA:796,124,0,0
BRDA:796,124,1,0
BRDA:799,125,0,0
BRDA:799,125,1,0
BRDA:803,126,0,0
BRDA:803,126,1,0
BRDA:807,127,0,0
BRDA:807,127,1,0
BRDA:809,128,0,0
BRDA:809,128,1,0
BRDA:830,129,0,0
BRDA:830,129,1,0
BRDA:836,130,0,0
BRDA:836,130,1,0
BRDA:837,131,0,0
BRDA:837,131,1,0
BRDA:838,132,0,0
BRDA:838,132,1,0
BRDA:847,133,0,0
BRDA:847,133,1,0
BRDA:847,134,0,0
BRDA:847,134,1,0
BRDA:857,135,0,0
BRDA:857,135,1,0
BRDA:864,136,0,0
BRDA:864,136,1,0
BRDA:873,137,0,0
BRDA:873,137,1,0
BRDA:880,138,0,0
BRDA:880,138,1,0
BRDA:886,139,0,0
BRDA:886,139,1,0
BRDA:888,140,0,0
BRDA:888,140,1,0
BRDA:890,141,0,0
BRDA:890,141,1,0
BRDA:905,142,0,0
BRDA:905,142,1,0
BRDA:905,143,0,0
BRDA:905,143,1,0
BRDA:910,144,0,0
BRDA:910,144,1,0
BRDA:912,145,0,0
BRDA:912,145,1,0
BRDA:912,145,2,0
BRDA:912,145,3,0
BRDA:912,145,4,0
BRDA:914,146,0,0
BRDA:914,146,1,0
BRDA:924,147,0,0
BRDA:924,147,1,0
BRDA:924,148,0,0
BRDA:924,148,1,0
BRDA:946,149,0,0
BRDA:946,149,1,0
BRDA:952,150,0,0
BRDA:952,150,1,0
BRDA:975,151,0,0
BRDA:975,151,1,0
BRDA:983,152,0,0
BRDA:983,152,1,0
BRDA:986,153,0,0
BRDA:986,153,1,0
BRDA:987,154,0,0
BRDA:987,154,1,0
BRDA:1005,155,0,0
BRDA:1005,155,1,0
BRDA:1005,156,0,0
BRDA:1005,156,1,0
BRDA:1005,156,2,0
BRDA:1005,156,3,0
BRDA:1005,156,4,0
BRDA:1005,156,5,0
BRDA:1005,156,6,0
BRDA:1012,157,0,0
BRDA:1012,157,1,0
BRDA:1015,158,0,0
BRDA:1015,158,1,0
BRDA:1019,159,0,0
BRDA:1019,159,1,0
BRDA:1022,160,0,0
BRDA:1022,160,1,0
BRDA:1025,161,0,0
BRDA:1025,161,1,0
BRDA:1029,162,0,0
BRDA:1029,162,1,0
BRDA:1029,163,0,0
BRDA:1029,163,1,0
BRDA:1029,163,2,0
BRDA:1036,164,0,0
BRDA:1036,164,1,0
BRDA:1039,165,0,0
BRDA:1039,165,1,0
BRDA:1040,166,0,0
BRDA:1040,166,1,0
BRDA:1046,167,0,0
BRDA:1046,167,1,0
BRDA:1051,168,0,0
BRDA:1051,168,1,0
BRDA:1057,169,0,0
BRDA:1057,169,1,0
BRDA:1060,170,0,0
BRDA:1060,170,1,0
BRDA:1073,171,0,0
BRDA:1073,171,1,0
BRDA:1076,172,0,0
BRDA:1076,172,1,0
BRDA:1081,173,0,0
BRDA:1081,173,1,0
BRDA:1085,174,0,0
BRDA:1085,174,1,0
BRDA:1087,175,0,0
BRDA:1087,175,1,0
BRDA:1087,175,2,0
BRDA:1089,176,0,0
BRDA:1089,176,1,0
BRDA:1095,177,0,0
BRDA:1095,177,1,0
BRDA:1096,178,0,0
BRDA:1096,178,1,0
BRDA:1100,179,0,0
BRDA:1100,179,1,0
BRDA:1103,180,0,0
BRDA:1103,180,1,0
BRDA:1124,181,0,0
BRDA:1124,181,1,0
BRDA:1125,182,0,0
BRDA:1125,182,1,0
BRDA:1129,183,0,0
BRDA:1129,183,1,0
BRDA:1131,184,0,0
BRDA:1131,184,1,0
BRDA:1158,185,0,0
BRDA:1158,185,1,0
BRDA:1164,186,0,0
BRDA:1164,186,1,0
BRDA:1164,187,0,0
BRDA:1164,187,1,0
BRDA:1166,188,0,0
BRDA:1166,188,1,0
BRDA:1166,189,0,0
BRDA:1166,189,1,0
BRDA:1166,189,2,0
BRDA:1173,190,0,0
BRDA:1173,190,1,0
BRDA:1181,191,0,0
BRDA:1181,191,1,0
BRDA:1181,192,0,0
BRDA:1181,192,1,0
BRDA:1184,193,0,0
BRDA:1184,193,1,0
BRDA:1184,194,0,0
BRDA:1184,194,1,0
BRDA:1196,195,0,0
BRDA:1196,195,1,0
BRDA:1196,196,0,0
BRDA:1196,196,1,0
BRDA:1202,197,0,0
BRDA:1202,197,1,0
BRDA:1202,197,2,0
BRDA:1202,197,3,0
BRDA:1202,197,4,0
BRDA:1208,198,0,0
BRDA:1208,198,1,0
BRDA:1216,199,0,0
BRDA:1216,199,1,0
BRDA:1224,200,0,0
BRDA:1224,200,1,0
BRDA:1224,201,0,0
BRDA:1224,201,1,0
BRDA:1227,202,0,0
BRDA:1227,202,1,0
BRDA:1233,203,0,0
BRDA:1233,203,1,0
BRDA:1235,204,0,0
BRDA:1235,204,1,0
BRDA:1242,205,0,0
BRDA:1242,205,1,0
BRDA:1242,206,0,0
BRDA:1242,206,1,0
BRDA:1242,206,2,0
BRDA:1249,207,0,0
BRDA:1249,207,1,0
BRDA:1251,208,0,0
BRDA:1251,208,1,0
BRDA:1251,208,2,0
BRDA:1257,209,0,0
BRDA:1257,209,1,0
BRDA:1266,210,0,0
BRDA:1266,210,1,0
BRDA:1273,211,0,0
BRDA:1273,211,1,0
BRDA:1273,212,0,0
BRDA:1273,212,1,0
BRDA:1275,213,0,0
BRDA:1275,213,1,0
BRDA:1275,213,2,0
BRDA:1276,214,0,0
BRDA:1276,214,1,0
BRDA:1277,215,0,0
BRDA:1277,215,1,0
BRDA:1283,216,0,0
BRDA:1283,216,1,0
BRDA:1283,217,0,0
BRDA:1283,217,1,0
BRDA:1288,218,0,0
BRDA:1288,218,1,0
BRDA:1308,219,0,0
BRDA:1308,219,1,0
BRDA:1348,220,0,0
BRDA:1348,220,1,0
BRDA:1357,221,0,0
BRDA:1357,221,1,0
BRDA:1369,222,0,0
BRDA:1369,222,1,0
BRDA:1377,223,0,0
BRDA:1377,223,1,0
BRDA:1382,224,0,0
BRDA:1382,224,1,0
BRDA:1382,225,0,0
BRDA:1382,225,1,0
BRDA:1396,226,0,0
BRDA:1396,226,1,0
BRDA:1401,227,0,0
BRDA:1401,227,1,0
BRDA:1403,228,0,0
BRDA:1403,228,1,0
BRDA:1404,229,0,0
BRDA:1404,229,1,0
BRDA:1404,230,0,0
BRDA:1404,230,1,0
BRDA:1407,231,0,0
BRDA:1407,231,1,0
BRDA:1409,232,0,0
BRDA:1409,232,1,0
BRDA:1417,233,0,0
BRDA:1417,233,1,0
BRDA:1435,234,0,0
BRDA:1435,234,1,0
BRDA:1435,235,0,0
BRDA:1435,235,1,0
BRDA:1446,236,0,0
BRDA:1446,236,1,0
BRDA:1452,237,0,0
BRDA:1452,237,1,0
BRDA:1455,238,0,0
BRDA:1455,238,1,0
BRDA:1464,239,0,0
BRDA:1464,239,1,0
BRDA:1464,240,0,0
BRDA:1464,240,1,0
BRDA:1476,241,0,0
BRDA:1476,241,1,0
BRDA:1477,242,0,0
BRDA:1477,242,1,0
BRDA:1480,243,0,0
BRDA:1480,243,1,0
BRDA:1482,244,0,0
BRDA:1482,244,1,0
BRDA:1483,245,0,0
BRDA:1483,245,1,0
BRDA:1483,245,2,0
BRDA:1485,246,0,0
BRDA:1485,246,1,0
BRDA:1490,247,0,0
BRDA:1490,247,1,0
BRDA:1491,248,0,0
BRDA:1491,248,1,0
BRDA:1494,249,0,0
BRDA:1494,249,1,0
BRDA:1496,250,0,0
BRDA:1496,250,1,0
BRDA:1513,251,0,0
BRDA:1513,251,1,0
BRDA:1514,252,0,0
BRDA:1514,252,1,0
BRDA:1524,253,0,0
BRDA:1524,253,1,0
BRDA:1538,254,0,0
BRDA:1538,254,1,0
BRDA:1542,255,0,0
BRDA:1542,255,1,0
BRDA:1545,256,0,0
BRDA:1545,256,1,0
BRDA:1546,257,0,0
BRDA:1546,257,1,0
BRDA:1555,258,0,0
BRDA:1555,258,1,0
BRDA:1559,259,0,0
BRDA:1559,259,1,0
BRDA:1559,260,0,0
BRDA:1559,260,1,0
BRDA:1577,261,0,0
BRDA:1577,261,1,0
BRDA:1585,262,0,0
BRDA:1585,262,1,0
BRDA:1601,263,0,0
BRDA:1601,263,1,0
BRDA:1604,264,0,0
BRDA:1604,264,1,0
BRDA:1606,265,0,0
BRDA:1606,265,1,0
BRDA:1621,266,0,0
BRDA:1621,266,1,0
BRDA:1621,267,0,0
BRDA:1621,267,1,0
BRDA:1631,268,0,0
BRDA:1631,268,1,0
BRDA:1633,269,0,0
BRDA:1633,269,1,0
BRDA:1635,270,0,0
BRDA:1635,270,1,0
BRDA:1637,271,0,0
BRDA:1637,271,1,0
BRDA:1640,272,0,0
BRDA:1640,272,1,0
BRDA:1641,273,0,0
BRDA:1641,273,1,0
BRDA:1654,274,0,0
BRDA:1654,274,1,0
BRDA:1657,275,0,0
BRDA:1657,275,1,0
BRDA:1657,276,0,0
BRDA:1657,276,1,0
BRDA:1657,276,2,0
BRDA:1657,276,3,0
BRDA:1662,277,0,0
BRDA:1662,277,1,0
BRDA:1672,278,0,0
BRDA:1672,278,1,0
BRDA:1677,279,0,0
BRDA:1677,279,1,0
BRDA:1692,280,0,0
BRDA:1692,280,1,0
BRDA:1697,281,0,0
BRDA:1697,281,1,0
BRDA:1701,282,0,0
BRDA:1701,282,1,0
BRDA:1701,283,0,0
BRDA:1701,283,1,0
BRDA:1701,283,2,0
BRDA:1715,284,0,0
BRDA:1715,284,1,0
BRDA:1716,285,0,0
BRDA:1716,285,1,0
BRDA:1716,286,0,0
BRDA:1716,286,1,0
BRDA:1721,287,0,0
BRDA:1721,287,1,0
BRDA:1727,288,0,0
BRDA:1727,288,1,0
BRDA:1740,289,0,0
BRDA:1740,289,1,0
BRDA:1740,290,0,0
BRDA:1740,290,1,0
BRDA:1740,290,2,0
BRDA:1745,291,0,0
BRDA:1745,291,1,0
BRDA:1745,291,2,0
BRDA:1745,291,3,0
BRDA:1751,292,0,0
BRDA:1751,292,1,0
BRDA:1751,293,0,0
BRDA:1751,293,1,0
BRDA:1768,294,0,0
BRDA:1768,294,1,0
BRDA:1771,295,0,0
BRDA:1771,295,1,0
BRDA:1776,296,0,0
BRDA:1776,296,1,0
BRDA:1781,297,0,0
BRDA:1781,297,1,0
BRDA:1781,298,0,0
BRDA:1781,298,1,0
BRDA:1781,298,2,0
BRDA:1786,299,0,0
BRDA:1786,299,1,0
BRDA:1786,299,2,0
BRDA:1786,299,3,0
BRDA:1786,299,4,0
BRDA:1788,300,0,0
BRDA:1788,300,1,0
BRDA:1796,301,0,0
BRDA:1796,301,1,0
BRDA:1796,302,0,0
BRDA:1796,302,1,0
BRDA:1796,302,2,0
BRDA:1796,302,3,0
BRDA:1796,302,4,0
BRDA:1810,303,0,0
BRDA:1810,303,1,0
BRDA:1810,304,0,0
BRDA:1810,304,1,0
BRDA:1810,304,2,0
BRDA:1833,305,0,0
BRDA:1833,305,1,0
BRDA:1847,306,0,0
BRDA:1847,306,1,0
BRDA:1869,307,0,0
BRDA:1869,307,1,0
BRDA:1869,308,0,0
BRDA:1869,308,1,0
BRDA:1869,308,2,0
BRDA:1879,309,0,0
BRDA:1879,309,1,0
BRDA:1880,310,0,0
BRDA:1880,310,1,0
BRDA:1890,311,0,0
BRDA:1890,311,1,0
BRDA:1891,312,0,0
BRDA:1891,312,1,0
BRDA:1891,312,2,0
BRDA:1891,312,3,0
BRDA:1891,312,4,0
BRDA:1891,312,5,0
BRDA:1921,313,0,0
BRDA:1921,313,1,0
BRDA:1922,314,0,0
BRDA:1922,314,1,0
BRDA:1933,315,0,0
BRDA:1933,315,1,0
BRDA:1933,316,0,0
BRDA:1933,316,1,0
BRDA:1933,316,2,0
BRDA:1939,317,0,0
BRDA:1939,317,1,0
BRDA:1939,318,0,0
BRDA:1939,318,1,0
BRDA:1944,319,0,0
BRDA:1944,319,1,0
BRDA:1954,320,0,0
BRDA:1954,320,1,0
BRDA:1954,321,0,0
BRDA:1954,321,1,0
BRDA:1956,322,0,0
BRDA:1956,322,1,0
BRDA:1961,323,0,0
BRDA:1961,323,1,0
BRDA:1970,324,0,0
BRDA:1970,324,1,0
BRDA:1976,325,0,0
BRDA:1976,325,1,0
BRDA:1993,326,0,0
BRDA:1993,326,1,0
BRDA:1997,327,0,0
BRDA:1997,327,1,0
BRDA:2021,328,0,0
BRDA:2021,328,1,0
BRDA:2051,329,0,0
BRDA:2051,329,1,0
BRDA:2076,330,0,0
BRDA:2076,330,1,0
BRDA:2078,331,0,0
BRDA:2078,331,1,0
BRDA:2080,332,0,0
BRDA:2080,332,1,0
BRDA:2084,333,0,0
BRDA:2084,333,1,0
BRDA:2084,334,0,0
BRDA:2084,334,1,0
BRDA:2099,335,0,0
BRDA:2099,335,1,0
BRDA:2153,336,0,0
BRDA:2153,336,1,0
BRDA:2155,337,0,0
BRDA:2155,337,1,0
BRDA:2157,338,0,0
BRDA:2157,338,1,0
BRDA:2161,339,0,0
BRDA:2161,339,1,0
BRDA:2183,340,0,0
BRDA:2183,340,1,0
BRDA:2186,341,0,0
BRDA:2186,341,1,0
BRDA:2193,342,0,0
BRDA:2193,342,1,0
BRDA:2194,343,0,0
BRDA:2194,343,1,0
BRDA:2206,344,0,0
BRDA:2206,344,1,0
BRDA:2209,345,0,0
BRDA:2209,345,1,0
BRDA:2218,346,0,0
BRDA:2218,346,1,0
BRDA:2218,347,0,0
BRDA:2218,347,1,0
BRDA:2230,348,0,0
BRDA:2230,348,1,0
BRDA:2231,349,0,0
BRDA:2231,349,1,0
BRDA:2234,350,0,0
BRDA:2234,350,1,0
BRDA:2236,351,0,0
BRDA:2236,351,1,0
BRDA:2237,352,0,0
BRDA:2237,352,1,0
BRDA:2237,352,2,0
BRDA:2237,352,3,0
BRDA:2239,353,0,0
BRDA:2239,353,1,0
BRDA:2244,354,0,0
BRDA:2244,354,1,0
BRDA:2249,355,0,0
BRDA:2249,355,1,0
BRDA:2250,356,0,0
BRDA:2250,356,1,0
BRDA:2253,357,0,0
BRDA:2253,357,1,0
BRDA:2255,358,0,0
BRDA:2255,358,1,0
BRDA:2272,359,0,0
BRDA:2272,359,1,0
BRDA:2273,360,0,0
BRDA:2273,360,1,0
BRDA:2283,361,0,0
BRDA:2283,361,1,0
BRDA:2303,362,0,0
BRDA:2303,362,1,0
BRDA:2319,363,0,0
BRDA:2319,363,1,0
BRDA:2321,364,0,0
BRDA:2321,364,1,0
BRDA:2332,365,0,0
BRDA:2332,365,1,0
BRDA:2334,366,0,0
BRDA:2334,366,1,0
BRDA:2336,367,0,0
BRDA:2336,367,1,0
BRDA:2338,368,0,0
BRDA:2338,368,1,0
BRDA:2341,369,0,0
BRDA:2341,369,1,0
BRDA:2341,369,2,0
BRDA:2341,369,3,0
BRDA:2341,369,4,0
BRDA:2341,369,5,0
BRDA:2341,369,6,0
BRDA:2341,369,7,0
BRDA:2343,370,0,0
BRDA:2343,370,1,0
BRDA:2348,371,0,0
BRDA:2348,371,1,0
BRDA:2349,372,0,0
BRDA:2349,372,1,0
BRDA:2351,373,0,0
BRDA:2351,373,1,0
BRDA:2354,374,0,0
BRDA:2354,374,1,0
BRDA:2359,375,0,0
BRDA:2359,375,1,0
BRDA:2365,376,0,0
BRDA:2365,376,1,0
BRDA:2386,377,0,0
BRDA:2386,377,1,0
BRDA:2391,378,0,0
BRDA:2391,378,1,0
BRDA:2391,379,0,0
BRDA:2391,379,1,0
BRDA:2394,380,0,0
BRDA:2394,380,1,0
BRDA:2394,380,2,0
BRDA:2396,381,0,0
BRDA:2396,381,1,0
BRDA:2398,382,0,0
BRDA:2398,382,1,0
BRDA:2398,382,2,0
BRDA:2399,383,0,0
BRDA:2399,383,1,0
BRDA:2399,383,2,0
BRDA:2400,384,0,0
BRDA:2400,384,1,0
BRDA:2400,384,2,0
BRDA:2406,385,0,0
BRDA:2406,385,1,0
BRDA:2421,386,0,0
BRDA:2422,387,0,0
BRDA:2422,387,1,0
BRDA:2427,388,0,0
BRDA:2427,388,1,0
BRDA:2430,389,0,0
BRDA:2430,389,1,0
BRDA:2436,390,0,0
BRDA:2436,390,1,0
BRDA:2438,391,0,0
BRDA:2438,391,1,0
BRDA:2438,392,0,0
BRDA:2438,392,1,0
BRDA:2438,392,2,0
BRDA:2440,393,0,0
BRDA:2440,393,1,0
BRDA:2440,394,0,0
BRDA:2440,394,1,0
BRDA:2446,395,0,0
BRDA:2446,395,1,0
BRDA:2446,396,0,0
BRDA:2446,396,1,0
BRDA:2454,397,0,0
BRDA:2454,397,1,0
BRDA:2478,398,0,0
BRDA:2479,399,0,0
BRDA:2479,399,1,0
BRDA:2484,400,0,0
BRDA:2484,400,1,0
BRDA:2487,401,0,0
BRDA:2487,401,1,0
BRDA:2493,402,0,0
BRDA:2493,402,1,0
BRDA:2495,403,0,0
BRDA:2495,403,1,0
BRDA:2495,404,0,0
BRDA:2495,404,1,0
BRDA:2497,405,0,0
BRDA:2497,405,1,0
BRDA:2497,405,2,0
BRDA:2502,406,0,0
BRDA:2502,406,1,0
BRDA:2502,407,0,0
BRDA:2502,407,1,0
BRDA:2510,408,0,0
BRDA:2510,408,1,0
BRF:876
BRH:0
end_of_record
TN:
SF:src\convert\convert.js
FN:43,convertData
FN:95,toOpenAIRequestFromGemini
FN:100,toOpenAIRequestFromClaude
FN:105,toOpenAIChatCompletionFromGemini
FN:110,toOpenAIChatCompletionFromClaude
FN:115,toOpenAIStreamChunkFromGemini
FN:120,toOpenAIStreamChunkFromClaude
FN:125,toOpenAIModelListFromGemini
FN:130,toOpenAIModelListFromClaude
FN:136,toClaudeRequestFromOpenAI
FN:141,toClaudeRequestFromOpenAIResponses
FN:146,toClaudeChatCompletionFromOpenAI
FN:151,toClaudeChatCompletionFromGemini
FN:156,toClaudeStreamChunkFromOpenAI
FN:161,toClaudeStreamChunkFromGemini
FN:166,toClaudeModelListFromOpenAI
FN:171,toClaudeModelListFromGemini
FN:177,toGeminiRequestFromOpenAI
FN:182,toGeminiRequestFromClaude
FN:187,toGeminiRequestFromOpenAIResponses
FN:193,toOpenAIResponsesFromOpenAI
FN:198,toOpenAIResponsesFromClaude
FN:203,toOpenAIResponsesFromGemini
FN:208,toOpenAIResponsesStreamChunkFromOpenAI
FN:213,toOpenAIResponsesStreamChunkFromClaude
FN:218,toOpenAIResponsesStreamChunkFromGemini
FN:224,toOpenAIRequestFromOpenAIResponses
FN:229,toOpenAIChatCompletionFromOpenAIResponses
FN:234,toOpenAIStreamChunkFromOpenAIResponses
FN:240,extractAndProcessSystemMessages
FN:245,extractTextFromMessageContent
FN:258,getRegisteredProtocols
FN:267,isProtocolRegistered
FN:274,clearConverterCache
FN:283,getConverter
FN:296,getOpenAIStreamChunkStop
FN:329,getOpenAIResponsesStreamChunkBegin
FN:343,getOpenAIResponsesStreamChunkEnd
FNF:38
FNH:0
FNDA:0,convertData
FNDA:0,toOpenAIRequestFromGemini
FNDA:0,toOpenAIRequestFromClaude
FNDA:0,toOpenAIChatCompletionFromGemini
FNDA:0,toOpenAIChatCompletionFromClaude
FNDA:0,toOpenAIStreamChunkFromGemini
FNDA:0,toOpenAIStreamChunkFromClaude
FNDA:0,toOpenAIModelListFromGemini
FNDA:0,toOpenAIModelListFromClaude
FNDA:0,toClaudeRequestFromOpenAI
FNDA:0,toClaudeRequestFromOpenAIResponses
FNDA:0,toClaudeChatCompletionFromOpenAI
FNDA:0,toClaudeChatCompletionFromGemini
FNDA:0,toClaudeStreamChunkFromOpenAI
FNDA:0,toClaudeStreamChunkFromGemini
FNDA:0,toClaudeModelListFromOpenAI
FNDA:0,toClaudeModelListFromGemini
FNDA:0,toGeminiRequestFromOpenAI
FNDA:0,toGeminiRequestFromClaude
FNDA:0,toGeminiRequestFromOpenAIResponses
FNDA:0,toOpenAIResponsesFromOpenAI
FNDA:0,toOpenAIResponsesFromClaude
FNDA:0,toOpenAIResponsesFromGemini
FNDA:0,toOpenAIResponsesStreamChunkFromOpenAI
FNDA:0,toOpenAIResponsesStreamChunkFromClaude
FNDA:0,toOpenAIResponsesStreamChunkFromGemini
FNDA:0,toOpenAIRequestFromOpenAIResponses
FNDA:0,toOpenAIChatCompletionFromOpenAIResponses
FNDA:0,toOpenAIStreamChunkFromOpenAIResponses
FNDA:0,extractAndProcessSystemMessages
FNDA:0,extractTextFromMessageContent
FNDA:0,getRegisteredProtocols
FNDA:0,isProtocolRegistered
FNDA:0,clearConverterCache
FNDA:0,getConverter
FNDA:0,getOpenAIStreamChunkStop
FNDA:0,getOpenAIResponsesStreamChunkBegin
FNDA:0,getOpenAIResponsesStreamChunkEnd
DA:44,0
DA:46,0
DA:47,0
DA:50,0
DA:51,0
DA:52,0
DA:56,0
DA:58,0
DA:59,0
DA:63,0
DA:65,0
DA:68,0
DA:71,0
DA:74,0
DA:77,0
DA:80,0
DA:81,0
DA:96,0
DA:97,0
DA:101,0
DA:102,0
DA:106,0
DA:107,0
DA:111,0
DA:112,0
DA:116,0
DA:117,0
DA:121,0
DA:122,0
DA:126,0
DA:127,0
DA:131,0
DA:132,0
DA:137,0
DA:138,0
DA:142,0
DA:143,0
DA:147,0
DA:148,0
DA:152,0
DA:153,0
DA:157,0
DA:158,0
DA:162,0
DA:163,0
DA:167,0
DA:168,0
DA:172,0
DA:173,0
DA:178,0
DA:179,0
DA:183,0
DA:184,0
DA:188,0
DA:189,0
DA:194,0
DA:195,0
DA:199,0
DA:200,0
DA:204,0
DA:205,0
DA:209,0
DA:210,0
DA:214,0
DA:215,0
DA:219,0
DA:220,0
DA:225,0
DA:226,0
DA:230,0
DA:231,0
DA:235,0
DA:236,0
DA:241,0
DA:242,0
DA:246,0
DA:247,0
DA:259,0
DA:268,0
DA:275,0
DA:284,0
DA:297,0
DA:330,0
DA:344,0
LF:84
LH:0
BRDA:50,0,0,0
BRDA:50,0,1,0
BRDA:50,1,0,0
BRDA:50,1,1,0
BRDA:58,2,0,0
BRDA:58,2,1,0
BRDA:63,3,0,0
BRDA:63,3,1,0
BRDA:63,3,2,0
BRDA:63,3,3,0
BRDA:63,3,4,0
BRF:11
BRH:0
end_of_record
TN:
SF:src\converters\BaseConverter.js
FN:11,(anonymous_0)
FN:24,(anonymous_1)
FN:35,(anonymous_2)
FN:46,(anonymous_3)
FN:56,(anonymous_4)
FN:64,(anonymous_5)
FN:79,(anonymous_6)
FN:94,(anonymous_7)
FN:103,(anonymous_8)
FN:112,(anonymous_9)
FNF:10
FNH:0
FNDA:0,(anonymous_0)
FNDA:0,(anonymous_1)
FNDA:0,(anonymous_2)
FNDA:0,(anonymous_3)
FNDA:0,(anonymous_4)
FNDA:0,(anonymous_5)
FNDA:0,(anonymous_6)
FNDA:0,(anonymous_7)
FNDA:0,(anonymous_8)
FNDA:0,(anonymous_9)
DA:12,0
DA:13,0
DA:15,0
DA:25,0
DA:36,0
DA:47,0
DA:57,0
DA:65,0
DA:80,0
DA:95,0
DA:104,0
DA:113,0
LF:12
LH:0
BRDA:12,0,0,0
BRDA:12,0,1,0
BRF:2
BRH:0
end_of_record
TN:
SF:src\converters\ConverterFactory.js
FN:24,(anonymous_0)
FN:33,(anonymous_1)
FN:55,(anonymous_2)
FN:68,(anonymous_3)
FN:76,(anonymous_4)
FN:84,(anonymous_5)
FN:93,(anonymous_6)
FN:110,(anonymous_7)
FN:126,(anonymous_8)
FN:136,(anonymous_9)
FN:153,(anonymous_10)
FN:169,(anonymous_11)
FN:177,(anonymous_12)
FNF:13
FNH:0
FNDA:0,(anonymous_0)
FNDA:0,(anonymous_1)
FNDA:0,(anonymous_2)
FNDA:0,(anonymous_3)
FNDA:0,(anonymous_4)
FNDA:0,(anonymous_5)
FNDA:0,(anonymous_6)
FNDA:0,(anonymous_7)
FNDA:0,(anonymous_8)
FNDA:0,(anonymous_9)
FNDA:0,(anonymous_10)
FNDA:0,(anonymous_11)
FNDA:0,(anonymous_12)
DA:14,4
DA:17,4
DA:25,0
DA:35,0
DA:36,0
DA:40,0
DA:43,0
DA:44,0
DA:47,0
DA:56,0
DA:58,0
DA:59,0
DA:62,0
DA:69,0
DA:77,0
DA:85,0
DA:94,0
DA:102,4
DA:111,0
DA:113,0
DA:114,0
DA:117,0
DA:129,0
DA:130,0
DA:137,0
DA:145,4
DA:154,0
DA:156,0
DA:157,0
DA:160,0
DA:170,0
DA:171,0
DA:178,0
LF:33
LH:4
BRDA:35,0,0,0
BRDA:35,0,1,0
BRDA:43,1,0,0
BRDA:43,1,1,0
BRDA:58,2,0,0
BRDA:58,2,1,0
BRDA:113,3,0,0
BRDA:113,3,1,0
BRDA:156,4,0,0
BRDA:156,4,1,0
BRF:10
BRH:0
end_of_record
TN:
SF:src\converters\register-converters.js
FN:20,registerAllConverters
FNF:1
FNH:0
FNDA:0,registerAllConverters
DA:21,0
DA:22,0
DA:23,0
DA:24,0
DA:25,0
DA:26,0
DA:27,0
DA:31,0
LF:8
LH:0
BRF:0
BRH:0
end_of_record
TN:
SF:src\converters\utils.js
FN:26,mapKimiFinishReason
FN:79,checkAndAssignOrDefault
FN:91,generateId
FN:100,safeParseJSON
FN:126,extractTextFromMessageContent
FN:132,(anonymous_5)
FN:133,(anonymous_6)
FN:145,applySystemPromptReplacements
FN:178,extractAndProcessSystemMessages
FN:217,cleanJsonSchemaProperties
FN:224,(anonymous_10)
FN:259,(anonymous_11)
FN:283,mapFinishReason
FN:320,determineReasoningEffortFromBudget
FN:349,extractThinkingFromOpenAIText
FN:403,(anonymous_15)
FN:412,(anonymous_16)
FN:416,(anonymous_17)
FN:420,(anonymous_18)
FNF:19
FNH:19
FNDA:17,mapKimiFinishReason
FNDA:9,checkAndAssignOrDefault
FNDA:4,generateId
FNDA:7,safeParseJSON
FNDA:11,extractTextFromMessageContent
FNDA:7,(anonymous_5)
FNDA:4,(anonymous_6)
FNDA:4,applySystemPromptReplacements
FNDA:5,extractAndProcessSystemMessages
FNDA:16,cleanJsonSchemaProperties
FNDA:2,(anonymous_10)
FNDA:2,(anonymous_11)
FNDA:10,mapFinishReason
FNDA:8,determineReasoningEffortFromBudget
FNDA:5,extractThinkingFromOpenAIText
FNDA:5,(anonymous_15)
FNDA:3,(anonymous_16)
FNDA:4,(anonymous_17)
FNDA:9,(anonymous_18)
DA:14,5
DA:27,17
DA:31,5
DA:32,5
DA:33,5
DA:38,5
DA:39,5
DA:40,5
DA:41,5
DA:42,5
DA:47,5
DA:48,5
DA:49,5
DA:54,5
DA:55,5
DA:56,5
DA:57,5
DA:58,5
DA:63,5
DA:64,5
DA:65,5
DA:66,5
DA:67,5
DA:80,9
DA:81,7
DA:83,2
DA:92,4
DA:101,7
DA:102,3
DA:104,4
DA:107,4
DA:108,0
DA:109,4
DA:110,0
DA:111,0
DA:114,4
DA:115,4
DA:117,2
DA:127,11
DA:128,4
DA:130,7
DA:131,4
DA:132,7
DA:133,4
DA:136,3
DA:146,4
DA:147,4
DA:149,0
DA:150,0
DA:151,0
DA:152,0
DA:154,0
DA:155,0
DA:157,0
DA:158,0
DA:160,0
DA:161,0
DA:164,0
DA:169,0
DA:179,5
DA:180,5
DA:182,5
DA:183,8
DA:184,4
DA:187,4
DA:189,4
DA:191,4
DA:195,5
DA:196,5
DA:197,3
DA:203,5
DA:218,16
DA:219,4
DA:223,12
DA:224,2
DA:228,11
DA:238,11
DA:239,11
DA:240,29
DA:242,17
DA:243,2
DA:244,2
DA:245,3
DA:247,2
DA:248,15
DA:249,1
DA:250,14
DA:253,11
DA:255,2
DA:256,1
DA:259,2
DA:260,2
DA:261,2
DA:263,9
DA:264,9
DA:267,3
DA:273,11
DA:284,10
DA:308,10
DA:309,10
DA:311,1
DA:321,8
DA:322,2
DA:323,2
DA:326,6
DA:327,6
DA:329,6
DA:332,6
DA:333,2
DA:334,4
DA:335,2
DA:337,2
DA:340,6
DA:341,6
DA:350,5
DA:351,5
DA:353,5
DA:354,5
DA:356,5
DA:357,4
DA:358,4
DA:359,3
DA:365,4
DA:366,4
DA:367,4
DA:373,4
DA:376,5
DA:377,5
DA:378,4
DA:384,5
DA:385,0
DA:388,5
DA:389,2
DA:392,3
DA:404,5
DA:405,0
DA:407,5
DA:408,5
DA:409,5
DA:413,3
DA:417,4
DA:421,9
DA:425,5
LF:143
LH:126
BRDA:27,0,0,17
BRDA:27,0,1,8
BRDA:80,1,0,7
BRDA:80,1,1,2
BRDA:80,2,0,9
BRDA:80,2,1,8
BRDA:91,3,0,1
BRDA:92,4,0,3
BRDA:92,4,1,1
BRDA:101,5,0,3
BRDA:101,5,1,4
BRDA:107,6,0,0
BRDA:107,6,1,4
BRDA:107,7,0,4
BRDA:107,7,1,0
BRDA:109,8,0,0
BRDA:109,8,1,4
BRDA:109,9,0,4
BRDA:109,9,1,4
BRDA:109,9,2,4
BRDA:115,10,0,4
BRDA:115,10,1,0
BRDA:127,11,0,4
BRDA:127,11,1,7
BRDA:130,12,0,4
BRDA:130,12,1,3
BRDA:132,13,0,7
BRDA:132,13,1,5
BRDA:145,14,0,0
BRDA:146,15,0,4
BRDA:146,15,1,0
BRDA:146,16,0,4
BRDA:146,16,1,4
BRDA:146,16,2,4
BRDA:146,16,3,4
BRDA:151,17,0,0
BRDA:151,17,1,0
BRDA:151,18,0,0
BRDA:151,18,1,0
BRDA:152,19,0,0
BRDA:152,19,1,0
BRDA:155,20,0,0
BRDA:155,20,1,0
BRDA:158,21,0,0
BRDA:158,21,1,0
BRDA:158,22,0,0
BRDA:158,22,1,0
BRDA:178,23,0,5
BRDA:183,24,0,4
BRDA:183,24,1,4
BRDA:196,25,0,3
BRDA:196,25,1,2
BRDA:218,26,0,4
BRDA:218,26,1,12
BRDA:218,27,0,16
BRDA:218,27,1,14
BRDA:223,28,0,1
BRDA:223,28,1,11
BRDA:240,29,0,17
BRDA:240,29,1,12
BRDA:242,30,0,2
BRDA:242,30,1,15
BRDA:242,31,0,17
BRDA:242,31,1,2
BRDA:242,31,2,2
BRDA:248,32,0,1
BRDA:248,32,1,14
BRDA:250,33,0,11
BRDA:250,33,1,3
BRDA:253,34,0,2
BRDA:253,34,1,9
BRDA:255,35,0,1
BRDA:255,35,1,1
BRDA:260,36,0,2
BRDA:260,36,1,0
BRDA:263,37,0,9
BRDA:263,37,1,0
BRDA:309,38,0,10
BRDA:309,38,1,2
BRDA:321,39,0,2
BRDA:321,39,1,6
BRDA:321,40,0,8
BRDA:321,40,1,7
BRDA:332,41,0,2
BRDA:332,41,1,4
BRDA:334,42,0,2
BRDA:334,42,1,2
BRDA:358,43,0,3
BRDA:358,43,1,1
BRDA:366,44,0,4
BRDA:366,44,1,0
BRDA:377,45,0,4
BRDA:377,45,1,1
BRDA:384,46,0,0
BRDA:384,46,1,5
BRDA:388,47,0,2
BRDA:388,47,1,3
BRDA:388,48,0,5
BRDA:388,48,1,3
BRDA:404,49,0,0
BRDA:404,49,1,5
BRDA:417,50,0,4
BRDA:417,50,1,3
BRF:103
BRH:80
end_of_record
TN:
SF:src\converters\strategies\ClaudeConverter.js
FN:46,(anonymous_0)
FN:53,(anonymous_1)
FN:75,(anonymous_2)
FN:95,(anonymous_3)
FN:115,(anonymous_4)
FN:135,(anonymous_5)
FN:153,(anonymous_6)
FN:217,(anonymous_7)
FN:217,(anonymous_8)
FN:227,(anonymous_9)
FN:295,(anonymous_10)
FN:307,(anonymous_11)
FN:346,(anonymous_12)
FN:425,(anonymous_13)
FN:662,(anonymous_14)
FN:665,(anonymous_15)
FN:681,(anonymous_16)
FN:684,(anonymous_17)
FN:699,(anonymous_18)
FN:714,(anonymous_19)
FN:768,(anonymous_20)
FN:777,(anonymous_21)
FN:824,(anonymous_22)
FN:839,(anonymous_23)
FN:865,(anonymous_24)
FN:878,(anonymous_25)
FN:978,(anonymous_26)
FN:979,(anonymous_27)
FN:1065,(anonymous_28)
FN:1148,(anonymous_29)
FN:1158,(anonymous_30)
FN:1177,(anonymous_31)
FN:1190,(anonymous_32)
FN:1296,(anonymous_33)
FN:1428,(anonymous_34)
FN:1438,(anonymous_35)
FN:1504,(anonymous_36)
FN:1539,(anonymous_37)
FN:1553,(anonymous_38)
FN:1568,(anonymous_39)
FN:1574,(anonymous_40)
FN:1585,(anonymous_41)
FN:1596,(anonymous_42)
FN:1635,(anonymous_43)
FN:1662,(anonymous_44)
FN:1748,(anonymous_45)
FN:1865,(anonymous_46)
FN:1886,(anonymous_47)
FN:1891,(anonymous_48)
FN:1908,(anonymous_49)
FN:1939,(anonymous_50)
FN:1956,(anonymous_51)
FN:1976,(anonymous_52)
FN:1990,(anonymous_53)
FN:2012,(anonymous_54)
FN:2015,(anonymous_55)
FN:2058,(anonymous_56)
FN:2065,(anonymous_57)
FN:2073,(anonymous_58)
FN:2161,(anonymous_59)
FN:2173,(anonymous_60)
FN:2178,(anonymous_61)
FN:2180,(anonymous_62)
FN:2183,(anonymous_63)
FN:2214,(anonymous_64)
FNF:65
FNH:27
FNDA:43,(anonymous_0)
FNDA:7,(anonymous_1)
FNDA:6,(anonymous_2)
FNDA:6,(anonymous_3)
FNDA:4,(anonymous_4)
FNDA:7,(anonymous_5)
FNDA:0,(anonymous_6)
FNDA:0,(anonymous_7)
FNDA:0,(anonymous_8)
FNDA:0,(anonymous_9)
FNDA:0,(anonymous_10)
FNDA:7,(anonymous_11)
FNDA:7,(anonymous_12)
FNDA:10,(anonymous_13)
FNDA:3,(anonymous_14)
FNDA:4,(anonymous_15)
FNDA:2,(anonymous_16)
FNDA:2,(anonymous_17)
FNDA:5,(anonymous_18)
FNDA:0,(anonymous_19)
FNDA:4,(anonymous_20)
FNDA:5,(anonymous_21)
FNDA:1,(anonymous_22)
FNDA:0,(anonymous_23)
FNDA:0,(anonymous_24)
FNDA:0,(anonymous_25)
FNDA:0,(anonymous_26)
FNDA:0,(anonymous_27)
FNDA:0,(anonymous_28)
FNDA:0,(anonymous_29)
FNDA:0,(anonymous_30)
FNDA:1,(anonymous_31)
FNDA:1,(anonymous_32)
FNDA:1,(anonymous_33)
FNDA:0,(anonymous_34)
FNDA:0,(anonymous_35)
FNDA:0,(anonymous_36)
FNDA:1,(anonymous_37)
FNDA:0,(anonymous_38)
FNDA:0,(anonymous_39)
FNDA:0,(anonymous_40)
FNDA:0,(anonymous_41)
FNDA:0,(anonymous_42)
FNDA:0,(anonymous_43)
FNDA:1,(anonymous_44)
FNDA:1,(anonymous_45)
FNDA:0,(anonymous_46)
FNDA:0,(anonymous_47)
FNDA:0,(anonymous_48)
FNDA:0,(anonymous_49)
FNDA:0,(anonymous_50)
FNDA:1,(anonymous_51)
FNDA:0,(anonymous_52)
FNDA:0,(anonymous_53)
FNDA:0,(anonymous_54)
FNDA:0,(anonymous_55)
FNDA:0,(anonymous_56)
FNDA:0,(anonymous_57)
FNDA:0,(anonymous_58)
FNDA:1,(anonymous_59)
FNDA:1,(anonymous_60)
FNDA:0,(anonymous_61)
FNDA:0,(anonymous_62)
FNDA:0,(anonymous_63)
FNDA:1,(anonymous_64)
DA:47,43
DA:54,7
DA:56,1
DA:58,1
DA:60,1
DA:62,1
DA:64,1
DA:66,1
DA:68,1
DA:76,6
DA:78,1
DA:80,1
DA:82,1
DA:84,1
DA:86,1
DA:88,1
DA:96,6
DA:98,1
DA:100,1
DA:102,1
DA:104,1
DA:106,1
DA:108,1
DA:116,4
DA:118,1
DA:120,1
DA:122,1
DA:124,1
DA:136,7
DA:137,7
DA:140,7
DA:141,1
DA:145,7
DA:146,7
DA:147,7
DA:148,5
DA:151,5
DA:152,0
DA:153,0
DA:156,0
DA:157,0
DA:158,0
DA:159,0
DA:160,0
DA:161,0
DA:162,0
DA:164,0
DA:166,0
DA:173,0
DA:178,5
DA:179,0
DA:180,0
DA:181,0
DA:182,0
DA:183,0
DA:198,0
DA:203,5
DA:204,5
DA:205,5
DA:213,7
DA:214,7
DA:215,5
DA:216,5
DA:217,0
DA:218,0
DA:219,0
DA:220,0
DA:221,0
DA:222,0
DA:224,0
DA:226,0
DA:227,0
DA:228,0
DA:229,0
DA:230,0
DA:234,5
DA:236,7
DA:239,7
DA:249,7
DA:250,1
DA:251,1
DA:252,1
DA:261,1
DA:262,1
DA:266,7
DA:267,1
DA:268,1
DA:269,1
DA:271,1
DA:272,1
DA:273,1
DA:274,1
DA:276,0
DA:277,0
DA:278,0
DA:279,0
DA:281,0
DA:284,0
DA:285,0
DA:288,1
DA:292,7
DA:293,1
DA:294,1
DA:295,0
DA:296,0
DA:298,1
DA:301,7
DA:308,7
DA:309,2
DA:335,5
DA:336,5
DA:337,5
DA:338,7
DA:339,7
DA:340,1
DA:346,7
DA:348,5
DA:353,5
DA:355,1
DA:356,1
DA:358,1
DA:359,2
DA:361,2
DA:362,1
DA:363,1
DA:364,1
DA:375,1
DA:376,1
DA:377,1
DA:381,4
DA:384,5
DA:385,1
DA:389,5
DA:390,5
DA:391,1
DA:392,4
DA:393,0
DA:394,4
DA:395,0
DA:396,4
DA:397,0
DA:400,5
DA:426,10
DA:429,9
DA:430,9
DA:433,9
DA:434,3
DA:458,6
DA:459,1
DA:462,1
DA:463,1
DA:488,0
DA:505,5
DA:506,3
DA:509,3
DA:510,1
DA:527,2
DA:528,1
DA:545,1
DA:546,1
DA:569,2
DA:570,0
DA:585,2
DA:586,1
DA:587,1
DA:592,1
DA:605,1
DA:606,1
DA:617,1
DA:621,1
DA:622,1
DA:639,0
DA:640,0
DA:656,0
DA:663,3
DA:666,4
DA:667,4
DA:682,2
DA:683,2
DA:684,2
DA:700,5
DA:703,5
DA:704,5
DA:710,0
DA:712,0
DA:714,0
DA:715,0
DA:717,0
DA:719,0
DA:720,0
DA:725,0
DA:728,0
DA:729,0
DA:736,0
DA:739,0
DA:743,0
DA:746,0
DA:750,0
DA:753,0
DA:754,0
DA:762,0
DA:769,4
DA:771,4
DA:773,4
DA:775,4
DA:777,4
DA:778,5
DA:780,5
DA:782,4
DA:786,4
DA:789,0
DA:790,0
DA:797,0
DA:800,1
DA:801,0
DA:809,4
DA:819,1
DA:825,1
DA:826,0
DA:827,0
DA:830,1
DA:835,1
DA:836,0
DA:838,0
DA:839,0
DA:840,0
DA:841,0
DA:844,0
DA:845,0
DA:850,0
DA:852,0
DA:855,0
DA:857,0
DA:864,1
DA:865,1
DA:866,0
DA:867,0
DA:868,0
DA:871,0
DA:872,0
DA:875,0
DA:876,0
DA:878,0
DA:879,0
DA:881,0
DA:883,0
DA:884,0
DA:886,0
DA:890,0
DA:891,0
DA:896,0
DA:897,0
DA:899,0
DA:901,0
DA:906,0
DA:907,0
DA:911,0
DA:915,0
DA:916,0
DA:921,0
DA:922,0
DA:923,0
DA:924,0
DA:934,0
DA:935,0
DA:945,0
DA:950,0
DA:951,0
DA:954,0
DA:958,0
DA:961,0
DA:963,0
DA:964,0
DA:966,0
DA:971,0
DA:975,0
DA:977,0
DA:978,0
DA:979,0
DA:981,0
DA:982,0
DA:983,0
DA:986,0
DA:995,0
DA:998,0
DA:999,0
DA:1006,0
DA:1010,0
DA:1011,0
DA:1016,0
DA:1018,0
DA:1027,1
DA:1029,1
DA:1030,0
DA:1032,1
DA:1033,0
DA:1035,1
DA:1036,0
DA:1038,1
DA:1039,0
DA:1043,1
DA:1044,0
DA:1045,0
DA:1046,0
DA:1047,0
DA:1049,0
DA:1050,0
DA:1054,1
DA:1055,0
DA:1059,1
DA:1060,0
DA:1061,0
DA:1062,0
DA:1063,0
DA:1065,0
DA:1066,0
DA:1067,0
DA:1068,0
DA:1072,0
DA:1073,0
DA:1077,0
DA:1078,0
DA:1082,0
DA:1083,0
DA:1087,0
DA:1088,0
DA:1089,0
DA:1093,0
DA:1094,0
DA:1096,0
DA:1098,0
DA:1100,0
DA:1103,0
DA:1109,0
DA:1110,0
DA:1113,0
DA:1116,0
DA:1117,0
DA:1118,0
DA:1119,0
DA:1121,0
DA:1122,0
DA:1124,0
DA:1125,0
DA:1127,0
DA:1128,0
DA:1134,1
DA:1135,0
DA:1139,1
DA:1141,1
DA:1149,0
DA:1152,0
DA:1153,0
DA:1157,0
DA:1158,0
DA:1159,0
DA:1164,0
DA:1165,0
DA:1169,0
DA:1170,0
DA:1178,1
DA:1191,1
DA:1192,1
DA:1195,0
DA:1198,0
DA:1199,0
DA:1201,0
DA:1203,0
DA:1204,0
DA:1206,0
DA:1210,0
DA:1211,0
DA:1216,0
DA:1217,0
DA:1219,0
DA:1221,0
DA:1225,0
DA:1232,0
DA:1233,0
DA:1236,0
DA:1237,0
DA:1239,0
DA:1240,0
DA:1243,0
DA:1244,0
DA:1251,0
DA:1254,0
DA:1255,0
DA:1261,0
DA:1268,0
DA:1297,1
DA:1300,1
DA:1302,1
DA:1303,1
DA:1304,1
DA:1306,0
DA:1308,1
DA:1310,0
DA:1328,1
DA:1329,0
DA:1332,0
DA:1333,0
DA:1346,0
DA:1347,0
DA:1361,0
DA:1364,0
DA:1368,0
DA:1370,0
DA:1375,1
DA:1376,0
DA:1377,0
DA:1387,0
DA:1388,0
DA:1404,0
DA:1409,1
DA:1410,0
DA:1422,1
DA:1429,0
DA:1431,0
DA:1432,0
DA:1435,0
DA:1436,0
DA:1438,0
DA:1439,0
DA:1440,0
DA:1441,0
DA:1444,0
DA:1446,0
DA:1447,0
DA:1449,0
DA:1452,0
DA:1456,0
DA:1463,0
DA:1466,0
DA:1468,0
DA:1475,0
DA:1478,0
DA:1479,0
DA:1486,0
DA:1489,0
DA:1490,0
DA:1495,0
DA:1498,0
DA:1505,0
DA:1506,0
DA:1507,0
DA:1510,0
DA:1512,0
DA:1514,0
DA:1516,0
DA:1517,0
DA:1524,0
DA:1525,0
DA:1527,0
DA:1528,0
DA:1540,1
DA:1551,1
DA:1552,0
DA:1553,0
DA:1555,0
DA:1560,1
DA:1561,0
DA:1567,1
DA:1568,1
DA:1569,0
DA:1570,0
DA:1572,0
DA:1574,0
DA:1575,0
DA:1576,0
DA:1581,0
DA:1585,0
DA:1586,0
DA:1587,0
DA:1593,0
DA:1596,0
DA:1597,0
DA:1598,0
DA:1602,0
DA:1603,0
DA:1610,0
DA:1613,0
DA:1614,0
DA:1620,0
DA:1621,0
DA:1634,1
DA:1635,0
DA:1643,1
DA:1644,0
DA:1645,0
DA:1646,0
DA:1647,0
DA:1648,0
DA:1649,0
DA:1656,1
DA:1663,1
DA:1664,1
DA:1665,1
DA:1668,1
DA:1669,1
DA:1670,0
DA:1671,0
DA:1677,0
DA:1678,0
DA:1679,0
DA:1692,1
DA:1701,1
DA:1749,1
DA:1751,1
DA:1752,1
DA:1755,1
DA:1756,1
DA:1765,1
DA:1766,0
DA:1769,0
DA:1770,0
DA:1771,0
DA:1788,1
DA:1789,0
DA:1792,0
DA:1793,0
DA:1796,0
DA:1797,0
DA:1806,0
DA:1807,0
DA:1808,0
DA:1809,0
DA:1816,1
DA:1817,0
DA:1818,0
DA:1819,0
DA:1820,0
DA:1821,0
DA:1822,0
DA:1823,0
DA:1824,0
DA:1830,1
DA:1831,0
DA:1832,0
DA:1833,0
DA:1844,1
DA:1845,0
DA:1846,0
DA:1847,0
DA:1855,1
DA:1866,0
DA:1867,0
DA:1868,0
DA:1870,0
DA:1871,0
DA:1872,0
DA:1873,0
DA:1874,0
DA:1875,0
DA:1877,0
DA:1880,0
DA:1887,0
DA:1888,0
DA:1889,0
DA:1891,0
DA:1892,0
DA:1893,0
DA:1895,0
DA:1896,0
DA:1897,0
DA:1898,0
DA:1899,0
DA:1900,0
DA:1902,0
DA:1905,0
DA:1908,0
DA:1909,0
DA:1910,0
DA:1912,0
DA:1913,0
DA:1914,0
DA:1915,0
DA:1916,0
DA:1917,0
DA:1918,0
DA:1920,0
DA:1921,0
DA:1922,0
DA:1927,0
DA:1928,0
DA:1929,0
DA:1930,0
DA:1931,0
DA:1933,0
DA:1940,0
DA:1941,0
DA:1943,0
DA:1944,0
DA:1945,0
DA:1947,0
DA:1948,0
DA:1950,0
DA:1957,1
DA:1973,1
DA:1974,0
DA:1975,0
DA:1976,0
DA:1978,0
DA:1980,0
DA:1983,0
DA:1984,0
DA:1990,0
DA:1991,0
DA:1992,0
DA:1996,0
DA:1997,0
DA:2004,0
DA:2005,0
DA:2010,1
DA:2011,1
DA:2012,0
DA:2013,0
DA:2015,0
DA:2017,0
DA:2018,0
DA:2021,0
DA:2022,0
DA:2023,0
DA:2025,0
DA:2028,0
DA:2037,0
DA:2038,0
DA:2041,0
DA:2043,0
DA:2047,1
DA:2048,1
DA:2049,0
DA:2050,0
DA:2052,0
DA:2058,0
DA:2059,0
DA:2060,0
DA:2061,0
DA:2065,0
DA:2066,0
DA:2067,0
DA:2073,0
DA:2074,0
DA:2080,0
DA:2081,0
DA:2082,0
DA:2084,0
DA:2085,0
DA:2087,0
DA:2088,0
DA:2089,0
DA:2090,0
DA:2091,0
DA:2094,0
DA:2096,0
DA:2097,0
DA:2098,0
DA:2099,0
DA:2101,0
DA:2103,0
DA:2109,0
DA:2111,0
DA:2112,0
DA:2117,0
DA:2120,0
DA:2121,0
DA:2123,0
DA:2128,1
DA:2129,0
DA:2130,0
DA:2131,1
DA:2132,0
DA:2138,1
DA:2139,1
DA:2140,0
DA:2141,0
DA:2142,0
DA:2143,0
DA:2144,0
DA:2155,1
DA:2163,1
DA:2164,1
DA:2174,1
DA:2175,1
DA:2177,1
DA:2178,0
DA:2179,0
DA:2180,0
DA:2181,0
DA:2182,0
DA:2183,0
DA:2184,0
DA:2185,0
DA:2186,0
DA:2187,0
DA:2197,1
DA:2215,1
DA:2216,1
DA:2218,1
DA:2219,0
DA:2232,1
DA:2233,0
DA:2240,1
DA:2241,0
DA:2248,1
DA:2249,0
DA:2275,1
DA:2276,0
DA:2289,1
LF:709
LH:228
BRDA:54,0,0,1
BRDA:54,0,1,1
BRDA:54,0,2,1
BRDA:54,0,3,1
BRDA:54,0,4,1
BRDA:54,0,5,1
BRDA:54,0,6,1
BRDA:76,1,0,1
BRDA:76,1,1,1
BRDA:76,1,2,1
BRDA:76,1,3,1
BRDA:76,1,4,1
BRDA:76,1,5,1
BRDA:96,2,0,1
BRDA:96,2,1,1
BRDA:96,2,2,1
BRDA:96,2,3,1
BRDA:96,2,4,1
BRDA:96,2,5,1
BRDA:116,3,0,1
BRDA:116,3,1,1
BRDA:116,3,2,1
BRDA:116,3,3,1
BRDA:140,4,0,1
BRDA:140,4,1,6
BRDA:145,5,0,7
BRDA:145,5,1,0
BRDA:145,6,0,7
BRDA:145,6,1,7
BRDA:151,7,0,0
BRDA:151,7,1,5
BRDA:151,8,0,5
BRDA:151,8,1,5
BRDA:153,9,0,0
BRDA:153,9,1,0
BRDA:153,9,2,0
BRDA:156,10,0,0
BRDA:156,10,1,0
BRDA:158,11,0,0
BRDA:158,11,1,0
BRDA:158,12,0,0
BRDA:158,12,1,0
BRDA:158,12,2,0
BRDA:159,13,0,0
BRDA:159,13,1,0
BRDA:159,13,2,0
BRDA:160,14,0,0
BRDA:160,14,1,0
BRDA:161,15,0,0
BRDA:161,15,1,0
BRDA:178,16,0,0
[...]
BRDA:1223,184,3,0
BRDA:1223,184,4,0
BRDA:1325,185,0,0
BRDA:1325,185,1,0
BRDA:1325,185,2,0
BRDA:1325,185,3,0
BRDA:1328,186,0,0
BRDA:1328,186,1,0
BRDA:1330,187,0,0
BRDA:1330,187,1,0
BRDA:1333,188,0,0
BRDA:1333,188,1,0
BRDA:1339,189,0,0
BRDA:1339,189,1,0
BRDA:1340,190,0,0
BRDA:1340,190,1,0
BRDA:1345,191,0,0
BRDA:1345,191,1,0
BRDA:1348,192,0,0
BRDA:1348,192,1,0
BRDA:1357,193,0,0
BRDA:1357,193,1,0
BRDA:1359,194,0,0
BRDA:1359,194,1,0
BRDA:1361,195,0,0
BRDA:1361,195,1,0
BRDA:1364,196,0,0
BRDA:1364,196,1,0
BRDA:1365,197,0,0
BRDA:1365,197,1,0
BRDA:1397,198,0,0
BRDA:1397,198,1,0
BRDA:1400,199,0,0
BRDA:1400,199,1,0
BRDA:1400,200,0,0
BRDA:1400,200,1,0
BRDA:1404,201,0,0
BRDA:1404,201,1,0
BRDA:1426,202,0,0
BRDA:1427,203,0,0
BRDA:1427,203,1,0
BRDA:1429,204,0,0
BRDA:1429,204,1,0
BRDA:1431,205,0,0
BRDA:1431,205,1,0
BRDA:1431,206,0,0
BRDA:1431,206,1,0
BRDA:1432,207,0,0
BRDA:1432,207,1,0
BRDA:1438,208,0,0
BRDA:1438,208,1,0
BRDA:1440,209,0,0
BRDA:1440,209,1,0
BRDA:1440,210,0,0
BRDA:1440,210,1,0
BRDA:1467,211,0,0
BRDA:1467,211,1,0
BRDA:1478,212,0,0
BRDA:1478,212,1,0
BRDA:1478,212,2,0
BRDA:1479,213,0,0
BRDA:1479,213,1,0
BRDA:1483,214,0,0
BRDA:1483,214,1,0
BRDA:1484,215,0,0
BRDA:1484,215,1,0
BRDA:1485,216,0,0
BRDA:1485,216,1,0
BRDA:1486,217,0,0
BRDA:1486,217,1,0
BRDA:1492,218,0,0
BRDA:1492,218,1,0
BRDA:1493,219,0,0
BRDA:1493,219,1,0
BRDA:1494,220,0,0
BRDA:1494,220,1,0
BRDA:1495,221,0,0
BRDA:1495,221,1,0
BRDA:1496,222,0,0
BRDA:1496,222,1,0
BRDA:1497,223,0,0
BRDA:1497,223,1,0
BRDA:1501,224,0,0
BRDA:1501,224,1,0
BRDA:1501,224,2,0
BRDA:1501,224,3,0
BRDA:1501,224,4,0
BRDA:1562,225,0,0
BRDA:1562,225,1,0
BRDA:1562,225,2,0
BRDA:1563,226,0,0
BRDA:1563,226,1,0
BRDA:1567,227,0,0
BRDA:1567,227,1,0
BRDA:1568,228,0,0
BRDA:1568,228,1,0
BRDA:1569,229,0,0
BRDA:1569,229,1,0
BRDA:1570,230,0,0
BRDA:1570,230,1,0
BRDA:1576,231,0,0
BRDA:1576,231,1,0
BRDA:1577,232,0,0
BRDA:1577,232,1,0
BRDA:1578,233,0,0
BRDA:1578,233,1,0
BRDA:1579,234,0,0
BRDA:1579,234,1,0
BRDA:1580,235,0,0
BRDA:1580,235,1,0
BRDA:1581,236,0,0
BRDA:1581,236,1,0
BRDA:1585,237,0,0
BRDA:1585,237,1,0
BRDA:1585,237,2,0
BRDA:1585,237,3,0
BRDA:1585,237,4,0
BRDA:1657,238,0,0
BRDA:1657,238,1,0
BRDA:1657,239,0,0
BRDA:1657,239,1,0
BRF:512
BRH:0
end_of_record
TN:
SF:src\utils\constants.js
FNF:0
FNH:0
DA:7,6
DA:29,6
DA:41,6
DA:51,6
DA:61,6
DA:67,6
DA:111,6
DA:121,6
DA:133,6
LF:9
LH:9
BRF:0
BRH:0
end_of_record
TN:
SF:src\utils\grok-assets-proxy.js
FN:13,handleGrokAssetsProxy
FN:107,(anonymous_1)
FNF:2
FNH:0
FNDA:0,handleGrokAssetsProxy
FNDA:0,(anonymous_1)
DA:14,0
DA:15,0
DA:16,0
DA:17,0
DA:18,0
DA:20,0
DA:21,0
DA:22,0
DA:23,0
DA:27,0
DA:28,0
DA:29,0
DA:30,0
DA:31,0
DA:33,0
DA:37,0
DA:38,0
DA:39,0
DA:40,0
DA:44,0
DA:45,0
DA:49,0
DA:50,0
DA:51,0
DA:55,0
DA:56,0
DA:57,0
DA:58,0
DA:59,0
DA:60,0
DA:61,0
DA:64,0
DA:65,0
DA:66,0
DA:69,0
DA:76,0
DA:86,0
DA:88,0
DA:90,0
DA:93,0
DA:98,0
DA:99,0
DA:102,0
DA:105,0
DA:107,0
DA:108,0
DA:109,0
DA:110,0
DA:111,0
DA:113,0
DA:118,0
DA:119,0
DA:120,0
DA:121,0
DA:123,0
LF:55
LH:0
BRDA:20,0,0,0
BRDA:20,0,1,0
BRDA:27,1,0,0
BRDA:27,1,1,0
BRDA:27,2,0,0
BRDA:27,2,1,0
BRDA:27,2,2,0
BRDA:29,3,0,0
BRDA:29,3,1,0
BRDA:37,4,0,0
BRDA:37,4,1,0
BRDA:44,5,0,0
BRDA:44,5,1,0
BRDA:50,6,0,0
BRDA:50,6,1,0
BRDA:51,7,0,0
BRDA:51,7,1,0
BRDA:58,8,0,0
BRDA:58,8,1,0
BRDA:70,9,0,0
BRDA:70,9,1,0
BRDA:94,10,0,0
BRDA:94,10,1,0
BRDA:95,11,0,0
BRDA:95,11,1,0
BRDA:98,12,0,0
BRDA:98,12,1,0
BRDA:109,13,0,0
BRDA:109,13,1,0
BRDA:119,14,0,0
BRDA:119,14,1,0
BRF:31
BRH:0
end_of_record
TN:
SF:src\utils\logger.js
FN:11,(anonymous_0)
FN:41,(anonymous_1)
FN:57,(anonymous_2)
FN:76,(anonymous_3)
FN:90,(anonymous_4)
FN:104,(anonymous_5)
FN:118,(anonymous_6)
FN:128,(anonymous_7)
FN:139,(anonymous_8)
FN:152,(anonymous_9)
FN:154,(anonymous_10)
FN:185,(anonymous_11)
FN:211,(anonymous_12)
FN:232,(anonymous_13)
FN:242,(anonymous_14)
FN:264,(anonymous_15)
FN:282,(anonymous_16)
FN:314,(anonymous_17)
FN:323,(anonymous_18)
FN:332,(anonymous_19)
FN:341,(anonymous_20)
FN:351,(anonymous_21)
FN:357,(anonymous_22)
FN:358,(anonymous_23)
FN:359,(anonymous_24)
FN:360,(anonymous_25)
FN:367,(anonymous_26)
FN:381,(anonymous_27)
FN:388,(anonymous_28)
FN:389,(anonymous_29)
FN:394,(anonymous_30)
FN:415,(anonymous_31)
FN:432,(anonymous_32)
FNF:33
FNH:21
FNDA:32,(anonymous_0)
FNDA:0,(anonymous_1)
FNDA:0,(anonymous_2)
FNDA:0,(anonymous_3)
FNDA:2,(anonymous_4)
FNDA:4,(anonymous_5)
FNDA:13,(anonymous_6)
FNDA:2,(anonymous_7)
FNDA:1,(anonymous_8)
FNDA:6,(anonymous_9)
FNDA:0,(anonymous_10)
FNDA:15,(anonymous_11)
FNDA:16,(anonymous_12)
FNDA:21,(anonymous_13)
FNDA:0,(anonymous_14)
FNDA:0,(anonymous_15)
FNDA:17,(anonymous_16)
FNDA:3,(anonymous_17)
FNDA:3,(anonymous_18)
FNDA:4,(anonymous_19)
FNDA:2,(anonymous_20)
FNDA:2,(anonymous_21)
FNDA:1,(anonymous_22)
FNDA:2,(anonymous_23)
FNDA:1,(anonymous_24)
FNDA:1,(anonymous_25)
FNDA:26,(anonymous_26)
FNDA:0,(anonymous_27)
FNDA:0,(anonymous_28)
FNDA:0,(anonymous_29)
FNDA:0,(anonymous_30)
FNDA:0,(anonymous_31)
FNDA:0,(anonymous_32)
DA:12,32
DA:22,32
DA:23,32
DA:24,32
DA:25,32
DA:26,32
DA:27,32
DA:28,32
DA:42,0
DA:44,0
DA:45,0
DA:46,0
DA:49,0
DA:50,0
DA:58,0
DA:60,0
DA:61,0
DA:65,0
DA:66,0
DA:67,0
DA:68,0
DA:69,0
DA:70,0
DA:73,0
DA:76,0
DA:77,0
DA:80,0
DA:91,2
DA:92,1
DA:94,2
DA:95,2
DA:96,2
DA:105,4
DA:106,1
DA:108,4
DA:109,4
DA:110,4
DA:111,4
DA:120,13
DA:129,2
DA:130,0
DA:132,2
DA:140,1
DA:141,1
DA:153,6
DA:154,6
DA:155,0
DA:156,0
DA:157,0
DA:158,0
DA:159,0
DA:160,0
DA:163,0
DA:164,0
DA:167,0
DA:168,0
DA:169,0
DA:173,6
DA:174,6
DA:186,15
DA:189,15
DA:190,15
DA:191,15
DA:192,15
DA:193,15
DA:194,15
DA:195,15
DA:196,15
DA:197,15
DA:198,15
DA:199,15
DA:203,15
DA:204,6
DA:208,15
DA:211,15
DA:212,16
DA:213,1
DA:214,1
DA:216,0
DA:219,15
DA:222,15
DA:224,15
DA:233,21
DA:234,16
DA:235,16
DA:236,16
DA:243,0
DA:244,0
DA:245,0
DA:248,0
DA:249,0
DA:251,0
DA:252,0
DA:256,0
DA:257,0
DA:258,0
DA:259,0
DA:260,0
DA:263,0
DA:264,0
DA:265,0
DA:269,0
DA:272,0
DA:283,17
DA:285,11
DA:288,11
DA:289,11
DA:292,11
DA:296,11
DA:297,1
DA:298,0
DA:300,0
DA:301,0
DA:304,0
DA:315,3
DA:316,3
DA:324,3
DA:325,3
DA:333,4
DA:334,4
DA:342,2
DA:343,2
DA:352,2
DA:353,0
DA:356,2
DA:357,1
DA:358,2
DA:359,1
DA:360,1
DA:368,26
DA:369,6
DA:370,6
DA:372,26
DA:373,0
DA:374,0
DA:382,0
DA:383,0
DA:384,0
DA:387,0
DA:388,0
DA:389,0
DA:394,0
DA:397,0
DA:398,0
DA:399,0
DA:400,0
DA:402,0
DA:407,0
DA:416,0
DA:417,0
DA:418,0
DA:419,0
DA:423,0
DA:424,0
DA:428,0
DA:431,0
DA:432,0
DA:433,0
DA:436,0
DA:437,0
DA:439,0
DA:440,0
DA:446,2
LF:163
LH:80
BRDA:41,0,0,0
BRDA:44,1,0,0
BRDA:44,1,1,0
BRDA:49,2,0,0
BRDA:49,2,1,0
BRDA:49,3,0,0
BRDA:49,3,1,0
BRDA:60,4,0,0
BRDA:60,4,1,0
BRDA:91,5,0,1
BRDA:91,5,1,1
BRDA:104,6,0,0
BRDA:105,7,0,1
BRDA:105,7,1,3
BRDA:129,8,0,0
BRDA:129,8,1,2
BRDA:132,9,0,2
BRDA:132,9,1,2
BRDA:140,10,0,1
BRDA:140,10,1,0
BRDA:153,11,0,0
BRDA:153,11,1,6
BRDA:158,12,0,0
BRDA:158,12,1,0
BRDA:158,13,0,0
BRDA:158,13,1,0
BRDA:163,14,0,0
BRDA:163,14,1,0
BRDA:167,15,0,0
BRDA:167,15,1,0
BRDA:173,16,0,6
BRDA:173,16,1,0
BRDA:189,17,0,15
BRDA:189,17,1,0
BRDA:203,18,0,6
BRDA:203,18,1,9
BRDA:203,19,0,15
BRDA:203,19,1,15
BRDA:212,20,0,1
BRDA:212,20,1,15
BRDA:233,21,0,5
BRDA:233,21,1,16
BRDA:234,22,0,16
BRDA:234,22,1,0
BRDA:235,23,0,16
BRDA:235,23,1,0
BRDA:244,24,0,0
BRDA:244,24,1,0
BRDA:244,25,0,0
BRDA:244,25,1,0
BRDA:249,26,0,0
BRDA:249,26,1,0
BRDA:251,27,0,0
BRDA:251,27,1,0
BRDA:251,28,0,0
BRDA:251,28,1,0
BRDA:282,29,0,12
BRDA:283,30,0,6
BRDA:283,30,1,11
BRDA:288,31,0,11
BRDA:288,31,1,0
BRDA:288,32,0,11
BRDA:288,32,1,1
BRDA:289,33,0,2
BRDA:289,33,1,9
BRDA:290,34,0,4
BRDA:290,34,1,5
BRDA:291,35,0,2
BRDA:291,35,1,3
BRDA:296,36,0,1
BRDA:296,36,1,10
BRDA:296,37,0,11
BRDA:296,37,1,11
BRDA:297,38,0,0
BRDA:297,38,1,1
BRDA:297,39,0,1
BRDA:297,39,1,0
BRDA:297,39,2,0
BRDA:352,40,0,0
BRDA:352,40,1,2
BRDA:368,41,0,6
BRDA:368,41,1,20
BRDA:372,42,0,0
BRDA:372,42,1,26
BRDA:372,43,0,26
BRDA:372,43,1,0
BRDA:383,44,0,0
BRDA:383,44,1,0
BRDA:388,45,0,0
BRDA:388,45,1,0
BRDA:397,46,0,0
BRDA:397,46,1,0
BRDA:417,47,0,0
BRDA:417,47,1,0
BRDA:417,48,0,0
BRDA:417,48,1,0
BRDA:423,49,0,0
BRDA:423,49,1,0
BRDA:423,50,0,0
BRDA:423,50,1,0
BRF:100
BRH:44
end_of_record
TN:
SF:src\utils\provider-strategies.js
FN:15,(anonymous_0)
FNF:1
FNH:1
FNDA:17,(anonymous_0)
DA:16,17
DA:18,4
DA:20,3
DA:22,1
DA:24,1
DA:26,1
DA:28,1
DA:30,1
DA:32,1
DA:34,4
LF:10
LH:10
BRDA:16,0,0,4
BRDA:16,0,1,3
BRDA:16,0,2,1
BRDA:16,0,3,1
BRDA:16,0,4,1
BRDA:16,0,5,1
BRDA:16,0,6,1
BRDA:16,0,7,1
BRDA:16,0,8,4
BRF:9
BRH:9
end_of_record
TN:
SF:src\utils\provider-strategy.js
FN:15,(anonymous_0)
FN:24,(anonymous_1)
FN:33,(anonymous_2)
FN:43,(anonymous_3)
FN:52,(anonymous_4)
FN:62,(anonymous_5)
FNF:6
FNH:6
FNDA:1,(anonymous_0)
FNDA:1,(anonymous_1)
FNDA:1,(anonymous_2)
FNDA:1,(anonymous_3)
FNDA:1,(anonymous_4)
FNDA:6,(anonymous_5)
DA:16,1
DA:25,1
DA:34,1
DA:44,1
DA:53,1
DA:63,6
DA:64,6
DA:65,6
DA:67,2
DA:68,1
DA:72,6
DA:73,6
DA:74,4
DA:75,3
DA:76,2
DA:77,1
DA:78,1
DA:81,1
LF:18
LH:18
BRDA:67,0,0,1
BRDA:67,0,1,1
BRDA:73,1,0,4
BRDA:73,1,1,2
BRDA:73,2,0,6
BRDA:73,2,1,5
BRDA:76,3,0,1
BRDA:76,3,1,1
BRDA:76,4,0,2
BRDA:76,4,1,1
BRF:10
BRH:10
end_of_record
TN:
SF:src\utils\provider-utils.js
FN:100,generateUUID
FN:105,(anonymous_1)
FN:117,normalizePath
FN:130,getFileName
FN:139,formatSystemPath
FN:156,pathsEqual
FN:196,isPathUsed
FN:262,detectProviderFromPath
FN:286,getProviderMappingByDirName
FN:287,(anonymous_9)
FN:295,isValidOAuthCredentials
FN:332,createProviderConfig
FN:358,(anonymous_12)
FN:371,addToUsedPaths
FN:390,isPathLinked
FNF:15
FNH:14
FNDA:111,generateUUID
FNDA:0,(anonymous_1)
FNDA:50,normalizePath
FNDA:12,getFileName
FNDA:5,formatSystemPath
FNDA:22,pathsEqual
FNDA:7,isPathUsed
FNDA:11,detectProviderFromPath
FNDA:9,getProviderMappingByDirName
FNDA:42,(anonymous_9)
FNDA:11,isValidOAuthCredentials
FNDA:9,createProviderConfig
FNDA:4,(anonymous_12)
FNDA:6,addToUsedPaths
FNDA:5,isPathLinked
DA:14,1
DA:101,111
DA:102,111
DA:105,0
DA:106,0
DA:107,0
DA:108,0
DA:118,50
DA:121,47
DA:122,47
DA:131,12
DA:140,5
DA:143,3
DA:144,3
DA:146,3
DA:147,3
DA:157,22
DA:159,19
DA:161,19
DA:162,19
DA:165,19
DA:166,8
DA:170,11
DA:171,11
DA:173,11
DA:174,0
DA:178,11
DA:179,1
DA:182,10
DA:184,0
DA:185,0
DA:197,7
DA:200,5
DA:201,5
DA:204,5
DA:207,5
DA:208,4
DA:211,4
DA:212,3
DA:216,1
DA:218,0
DA:222,1
DA:224,0
DA:228,1
DA:229,1
DA:231,1
DA:232,1
DA:234,1
DA:237,0
DA:242,1
DA:243,1
DA:244,1
DA:246,1
DA:247,0
DA:254,2
DA:264,11
DA:265,45
DA:266,90
DA:267,9
DA:278,2
DA:287,42
DA:296,11
DA:297,11
DA:298,10
DA:303,9
DA:307,5
DA:311,4
DA:312,2
DA:315,2
DA:318,2
DA:333,9
DA:335,9
DA:352,9
DA:353,1
DA:357,9
DA:358,7
DA:359,4
DA:363,9
DA:372,6
DA:374,3
DA:375,3
DA:376,3
DA:377,3
DA:378,1
DA:380,2
DA:391,5
LF:86
LH:75
BRDA:101,0,0,111
BRDA:101,0,1,0
BRDA:101,1,0,111
BRDA:101,1,1,111
BRDA:107,2,0,0
BRDA:107,2,1,0
BRDA:118,3,0,3
BRDA:118,3,1,47
BRDA:140,4,0,2
BRDA:140,4,1,3
BRDA:144,5,0,3
BRDA:144,5,1,0
BRDA:147,6,0,1
BRDA:147,6,1,2
BRDA:157,7,0,3
BRDA:157,7,1,19
BRDA:157,8,0,22
BRDA:157,8,1,20
BRDA:165,9,0,8
BRDA:165,9,1,11
BRDA:173,10,0,0
BRDA:173,10,1,11
BRDA:178,11,0,1
BRDA:178,11,1,10
BRDA:178,12,0,11
BRDA:178,12,1,10
BRDA:197,13,0,2
BRDA:197,13,1,5
BRDA:208,14,0,0
BRDA:208,14,1,4
BRDA:211,15,0,3
BRDA:211,15,1,1
BRDA:211,16,0,4
BRDA:211,16,1,1
BRDA:216,17,0,0
BRDA:216,17,1,1
BRDA:216,18,0,1
BRDA:216,18,1,1
BRDA:222,19,0,0
BRDA:222,19,1,1
BRDA:222,20,0,1
BRDA:222,20,1,1
BRDA:229,21,0,1
BRDA:229,21,1,0
BRDA:229,22,0,1
BRDA:229,22,1,0
BRDA:234,23,0,0
BRDA:234,23,1,1
BRDA:234,24,0,1
BRDA:234,24,1,1
BRDA:234,24,2,1
BRDA:246,25,0,0
BRDA:246,25,1,1
BRDA:266,26,0,9
BRDA:266,26,1,81
BRDA:287,27,0,9
BRDA:287,27,1,2
BRDA:303,28,0,5
BRDA:303,28,1,4
BRDA:303,29,0,9
BRDA:303,29,1,8
BRDA:303,29,2,8
BRDA:303,29,3,7
BRDA:303,29,4,7
BRDA:303,29,5,6
BRDA:303,29,6,6
BRDA:303,29,7,5
BRDA:311,30,0,2
BRDA:311,30,1,2
BRDA:311,31,0,4
BRDA:311,31,1,3
BRDA:339,32,0,9
BRDA:339,32,1,7
BRDA:352,33,0,1
BRDA:352,33,1,8
BRDA:357,34,0,7
BRDA:357,34,1,2
BRDA:357,35,0,9
BRDA:357,35,1,7
BRDA:372,36,0,3
BRDA:372,36,1,3
BRDA:377,37,0,1
BRDA:377,37,1,2
BRDA:391,38,0,5
BRDA:391,38,1,4
BRDA:391,38,2,3
BRF:86
BRH:74
end_of_record
TN:
SF:src\utils\proxy-utils.js
FN:18,parseProxyUrl
FN:64,isProxyEnabledForProvider
FN:78,getProxyConfigForProvider
FN:97,configureAxiosProxy
FN:117,isTLSSidecarEnabledForProvider
FN:133,configureTLSSidecar
FN:158,getGoogleAuthProxyConfig
FNF:7
FNH:0
FNDA:0,parseProxyUrl
FNDA:0,isProxyEnabledForProvider
FNDA:0,getProxyConfigForProvider
FNDA:0,configureAxiosProxy
FNDA:0,isTLSSidecarEnabledForProvider
FNDA:0,configureTLSSidecar
FNDA:0,getGoogleAuthProxyConfig
DA:19,0
DA:20,0
DA:23,0
DA:24,0
DA:25,0
DA:28,0
DA:29,0
DA:30,0
DA:32,0
DA:34,0
DA:35,0
DA:40,0
DA:42,0
DA:48,0
DA:49,0
DA:52,0
DA:53,0
DA:65,0
DA:66,0
DA:69,0
DA:79,0
DA:80,0
DA:83,0
DA:84,0
DA:85,0
DA:87,0
DA:98,0
DA:100,0
DA:102,0
DA:103,0
DA:105,0
DA:108,0
DA:118,0
DA:119,0
DA:122,0
DA:134,0
DA:135,0
DA:136,0
DA:139,0
DA:140,0
DA:141,0
DA:142,0
DA:143,0
DA:147,0
DA:149,0
DA:159,0
DA:161,0
DA:162,0
DA:167,0
LF:49
LH:0
BRDA:19,0,0,0
BRDA:19,0,1,0
BRDA:19,1,0,0
BRDA:19,1,1,0
BRDA:24,2,0,0
BRDA:24,2,1,0
BRDA:32,3,0,0
BRDA:32,3,1,0
BRDA:32,4,0,0
BRDA:32,4,1,0
BRDA:32,4,2,0
BRDA:40,5,0,0
BRDA:40,5,1,0
BRDA:40,6,0,0
BRDA:40,6,1,0
BRDA:65,7,0,0
BRDA:65,7,1,0
BRDA:65,8,0,0
BRDA:65,8,1,0
BRDA:65,8,2,0
BRDA:79,9,0,0
BRDA:79,9,1,0
BRDA:84,10,0,0
BRDA:84,10,1,0
BRDA:100,11,0,0
BRDA:100,11,1,0
BRDA:118,12,0,0
BRDA:118,12,1,0
BRDA:118,13,0,0
BRDA:118,13,1,0
BRDA:118,13,2,0
BRDA:133,14,0,0
BRDA:135,15,0,0
BRDA:135,15,1,0
BRDA:135,16,0,0
BRDA:135,16,1,0
BRDA:136,17,0,0
BRDA:136,17,1,0
BRDA:139,18,0,0
BRDA:139,18,1,0
BRDA:139,19,0,0
BRDA:139,19,1,0
BRDA:140,20,0,0
BRDA:140,20,1,0
BRDA:140,20,2,0
BRDA:141,21,0,0
BRDA:141,21,1,0
BRDA:142,22,0,0
BRDA:142,22,1,0
BRDA:161,23,0,0
BRDA:161,23,1,0
BRF:51
BRH:0
end_of_record
TN:
SF:src\utils\tls-sidecar.js
FN:38,(anonymous_0)
FN:55,(anonymous_1)
FN:92,(anonymous_2)
FN:97,(anonymous_3)
FN:102,(anonymous_4)
FN:110,(anonymous_5)
FN:114,(anonymous_6)
FN:139,(anonymous_7)
FN:145,(anonymous_8)
FN:146,(anonymous_9)
FN:154,(anonymous_10)
FN:171,(anonymous_11)
FN:179,(anonymous_12)
FN:191,(anonymous_13)
FN:219,(anonymous_14)
FN:242,(anonymous_15)
FN:255,(anonymous_16)
FN:256,(anonymous_17)
FN:257,(anonymous_18)
FN:259,(anonymous_19)
FN:260,(anonymous_20)
FN:264,(anonymous_21)
FN:265,(anonymous_22)
FN:272,(anonymous_23)
FN:274,(anonymous_24)
FN:288,(anonymous_25)
FN:296,sleep
FN:297,(anonymous_27)
FN:303,getTLSSidecar
FNF:29
FNH:0
FNDA:0,(anonymous_0)
FNDA:0,(anonymous_1)
FNDA:0,(anonymous_2)
FNDA:0,(anonymous_3)
FNDA:0,(anonymous_4)
FNDA:0,(anonymous_5)
FNDA:0,(anonymous_6)
FNDA:0,(anonymous_7)
FNDA:0,(anonymous_8)
FNDA:0,(anonymous_9)
FNDA:0,(anonymous_10)
FNDA:0,(anonymous_11)
FNDA:0,(anonymous_12)
FNDA:0,(anonymous_13)
FNDA:0,(anonymous_14)
FNDA:0,(anonymous_15)
FNDA:0,(anonymous_16)
FNDA:0,(anonymous_17)
FNDA:0,(anonymous_18)
FNDA:0,(anonymous_19)
FNDA:0,(anonymous_20)
FNDA:0,(anonymous_21)
FNDA:0,(anonymous_22)
FNDA:0,(anonymous_23)
FNDA:0,(anonymous_24)
FNDA:0,(anonymous_25)
FNDA:0,sleep
FNDA:0,(anonymous_27)
FNDA:0,getTLSSidecar
DA:21,6
DA:23,6
DA:24,0
DA:27,6
DA:28,6
DA:31,6
DA:32,6
DA:33,6
DA:34,6
DA:35,6
DA:39,0
DA:40,0
DA:41,0
DA:42,0
DA:43,0
DA:44,0
DA:45,0
DA:56,0
DA:57,0
DA:58,0
DA:61,0
DA:62,0
DA:65,0
DA:66,0
DA:67,0
DA:68,0
DA:71,0
DA:73,0
DA:75,0
DA:76,0
DA:77,0
DA:79,0
DA:83,0
DA:92,0
DA:93,0
DA:94,0
DA:97,0
DA:98,0
DA:99,0
DA:102,0
DA:103,0
DA:104,0
DA:105,0
DA:107,0
DA:108,0
DA:109,0
DA:110,0
DA:114,0
DA:115,0
DA:116,0
DA:117,0
DA:121,0
DA:122,0
DA:123,0
DA:124,0
DA:125,0
DA:126,0
DA:128,0
DA:131,0
DA:132,0
DA:140,0
DA:141,0
DA:143,0
DA:144,0
DA:145,0
DA:146,0
DA:147,0
DA:148,0
DA:149,0
DA:151,0
DA:154,0
DA:155,0
DA:156,0
DA:157,0
DA:158,0
DA:159,0
DA:162,0
DA:172,0
DA:180,0
DA:192,0
DA:193,0
DA:196,0
DA:199,0
DA:202,0
DA:203,0
DA:204,0
DA:205,0
DA:209,0
DA:210,0
DA:212,0
DA:214,0
DA:220,0
DA:221,0
DA:222,0
DA:224,0
DA:232,0
DA:233,0
DA:234,0
DA:235,0
DA:239,0
DA:243,0
DA:244,0
DA:245,0
DA:246,0
DA:247,0
DA:249,0
DA:251,0
DA:252,0
DA:256,0
DA:257,0
DA:258,0
DA:259,0
DA:260,0
DA:261,0
DA:264,0
DA:265,0
DA:266,0
DA:267,0
DA:273,0
DA:274,0
DA:275,0
DA:276,0
DA:277,0
DA:278,0
DA:279,0
DA:280,0
DA:281,0
DA:285,0
DA:289,0
DA:290,0
DA:291,0
DA:297,0
DA:301,6
DA:304,0
DA:305,0
DA:307,0
LF:136
LH:10
BRDA:55,0,0,0
BRDA:56,1,0,0
BRDA:56,1,1,0
BRDA:61,2,0,0
BRDA:61,2,1,0
BRDA:61,2,2,0
BRDA:65,3,0,0
BRDA:65,3,1,0
BRDA:66,4,0,0
BRDA:66,4,1,0
BRDA:75,5,0,0
BRDA:75,5,1,0
BRDA:94,6,0,0
BRDA:94,6,1,0
BRDA:99,7,0,0
BRDA:99,7,1,0
BRDA:107,8,0,0
BRDA:107,8,1,0
BRDA:107,9,0,0
BRDA:107,9,1,0
BRDA:122,10,0,0
BRDA:122,10,1,0
BRDA:143,11,0,0
BRDA:143,11,1,0
BRDA:147,12,0,0
BRDA:147,12,1,0
BRDA:172,13,0,0
BRDA:172,13,1,0
BRDA:180,14,0,0
BRDA:180,14,1,0
BRDA:192,15,0,0
BRDA:192,15,1,0
BRDA:202,16,0,0
BRDA:202,16,1,0
BRDA:204,17,0,0
BRDA:204,17,1,0
BRDA:222,18,0,0
BRDA:222,18,1,0
BRDA:234,19,0,0
BRDA:234,19,1,0
BRDA:234,20,0,0
BRDA:234,20,1,0
BRDA:242,21,0,0
BRDA:247,22,0,0
BRDA:247,22,1,0
BRDA:276,23,0,0
BRDA:276,23,1,0
BRDA:276,24,0,0
BRDA:276,24,1,0
BRDA:279,25,0,0
BRDA:279,25,1,0
BRDA:279,26,0,0
BRDA:279,26,1,0
BRDA:285,27,0,0
BRDA:285,27,1,0
BRDA:289,28,0,0
BRDA:289,28,1,0
BRDA:304,29,0,0
BRDA:304,29,1,0
BRF:59
BRH:0
end_of_record
TN:
SF:src\utils\token-utils.js
FN:7,getContentText
FN:12,(anonymous_1)
FN:23,(anonymous_2)
FN:40,processContent
FN:44,(anonymous_4)
FN:62,countTextTokens
FN:76,estimateInputTokens
FN:128,countTokensAnthropic
FNF:8
FNH:0
FNDA:0,getContentText
FNDA:0,(anonymous_1)
FNDA:0,(anonymous_2)
FNDA:0,processContent
FNDA:0,(anonymous_4)
FNDA:0,countTextTokens
FNDA:0,estimateInputTokens
FNDA:0,countTokensAnthropic
DA:8,0
DA:9,0
DA:11,0
DA:12,0
DA:13,0
DA:14,0
DA:15,0
DA:16,0
DA:18,0
DA:20,0
DA:21,0
DA:22,0
DA:23,0
DA:24,0
DA:25,0
DA:26,0
DA:27,0
DA:29,0
DA:32,0
DA:41,0
DA:42,0
DA:43,0
DA:44,0
DA:45,0
DA:46,0
DA:47,0
DA:48,0
DA:49,0
DA:50,0
DA:51,0
DA:53,0
DA:56,0
DA:63,0
DA:64,0
DA:65,0
DA:68,0
DA:69,0
DA:77,0
DA:80,0
DA:81,0
DA:85,0
DA:86,0
DA:87,0
DA:88,0
DA:89,0
DA:90,0
DA:91,0
DA:93,0
DA:94,0
DA:95,0
DA:96,0
DA:98,0
DA:99,0
DA:100,0
DA:101,0
DA:102,0
DA:107,0
DA:108,0
DA:109,0
DA:110,0
DA:116,0
DA:117,0
DA:120,0
DA:129,0
DA:130,0
DA:133,0
DA:134,0
DA:138,0
DA:139,0
DA:140,0
DA:141,0
DA:142,0
DA:143,0
DA:145,0
DA:146,0
DA:148,0
DA:150,0
DA:151,0
DA:154,0
DA:158,0
DA:165,0
DA:166,0
DA:169,0
LF:83
LH:0
BRDA:8,0,0,0
BRDA:8,0,1,0
BRDA:11,1,0,0
BRDA:11,1,1,0
BRDA:13,2,0,0
BRDA:13,2,1,0
BRDA:14,3,0,0
BRDA:14,3,1,0
BRDA:14,4,0,0
BRDA:14,4,1,0
BRDA:15,5,0,0
BRDA:15,5,1,0
BRDA:15,6,0,0
BRDA:15,6,1,0
BRDA:16,7,0,0
BRDA:16,7,1,0
BRDA:20,8,0,0
BRDA:20,8,1,0
BRDA:22,9,0,0
BRDA:22,9,1,0
BRDA:24,10,0,0
BRDA:24,10,1,0
BRDA:25,11,0,0
BRDA:25,11,1,0
BRDA:25,12,0,0
BRDA:25,12,1,0
BRDA:26,13,0,0
BRDA:26,13,1,0
BRDA:26,14,0,0
BRDA:26,14,1,0
BRDA:27,15,0,0
BRDA:27,15,1,0
BRDA:32,16,0,0
BRDA:32,16,1,0
BRDA:41,17,0,0
BRDA:41,17,1,0
BRDA:42,18,0,0
BRDA:42,18,1,0
BRDA:43,19,0,0
BRDA:43,19,1,0
BRDA:45,20,0,0
BRDA:45,20,1,0
BRDA:46,21,0,0
BRDA:46,21,1,0
BRDA:46,22,0,0
BRDA:46,22,1,0
BRDA:47,23,0,0
BRDA:47,23,1,0
BRDA:47,24,0,0
BRDA:47,24,1,0
BRDA:48,25,0,0
BRDA:48,25,1,0
BRDA:48,26,0,0
BRDA:48,26,1,0
BRDA:48,26,2,0
BRDA:49,27,0,0
BRDA:49,27,1,0
BRDA:50,28,0,0
BRDA:50,28,1,0
BRDA:50,29,0,0
BRDA:50,29,1,0
BRDA:51,30,0,0
BRDA:51,30,1,0
BRDA:63,31,0,0
BRDA:63,31,1,0
BRDA:69,32,0,0
BRDA:69,32,1,0
BRDA:80,33,0,0
BRDA:80,33,1,0
BRDA:85,34,0,0
BRDA:85,34,1,0
BRDA:85,35,0,0
BRDA:85,35,1,0
BRDA:87,36,0,0
BRDA:87,36,1,0
BRDA:90,37,0,0
BRDA:90,37,1,0
BRDA:90,38,0,0
BRDA:90,38,1,0
BRDA:94,39,0,0
BRDA:94,39,1,0
BRDA:98,40,0,0
BRDA:98,40,1,0
BRDA:99,41,0,0
BRDA:99,41,1,0
BRDA:101,42,0,0
BRDA:101,42,1,0
BRDA:101,43,0,0
BRDA:101,43,1,0
BRDA:101,43,2,0
BRDA:107,44,0,0
BRDA:107,44,1,0
BRDA:107,45,0,0
BRDA:107,45,1,0
BRDA:109,46,0,0
BRDA:109,46,1,0
BRDA:116,47,0,0
BRDA:116,47,1,0
BRDA:116,48,0,0
BRDA:116,48,1,0
BRDA:133,49,0,0
BRDA:133,49,1,0
BRDA:138,50,0,0
BRDA:138,50,1,0
BRDA:138,51,0,0
BRDA:138,51,1,0
BRDA:140,52,0,0
BRDA:140,52,1,0
BRDA:141,53,0,0
BRDA:141,53,1,0
BRDA:143,54,0,0
BRDA:143,54,1,0
BRDA:146,55,0,0
BRDA:146,55,1,0
BRDA:148,56,0,0
BRDA:148,56,1,0
BRDA:165,57,0,0
BRDA:165,57,1,0
BRDA:165,58,0,0
BRDA:165,58,1,0
BRF:120
BRH:0
end_of_record
